CRITICAL - 2024-01-19 11:01:32 --> ErrorException: Undefined variable $page_title
in APPPATH\Controllers\Frontend\Form1.php on line 24.
 1 APPPATH\Controllers\Frontend\Form1.php(24): CodeIgniter\Debug\Exceptions->errorHandler(2, 'Undefined variable $page_title', 'D:\\auproject\\20231227-yuan\\yuan-build-ci4\\app\\Controllers\\Frontend\\Form1.php', 24)
 2 SYSTEMPATH\CodeIgniter.php(941): App\Controllers\Frontend\Form1->form()
 3 SYSTEMPATH\CodeIgniter.php(502): CodeIgniter\CodeIgniter->runController(Object(App\Controllers\Frontend\Form1))
 4 SYSTEMPATH\CodeIgniter.php(361): CodeIgniter\CodeIgniter->handleRequest(null, Object(Config\Cache), false)
 5 FCPATH\index.php(79): CodeIgniter\CodeIgniter->run()
CRITICAL - 2024-01-19 11:01:42 --> ErrorException: Array to string conversion
in APPPATH\Views\frontend\form1.php on line 3.
 1 APPPATH\Views\frontend\form1.php(3): CodeIgniter\Debug\Exceptions->errorHandler(2, 'Array to string conversion', 'D:\\auproject\\20231227-yuan\\yuan-build-ci4\\app\\Views\\frontend\\form1.php', 3)
 2 SYSTEMPATH\View\View.php(228): include('D:\\auproject\\20231227-yuan\\yuan-build-ci4\\app\\Views\\frontend\\form1.php')
 3 SYSTEMPATH\View\View.php(231): CodeIgniter\View\View->CodeIgniter\View\{closure}()
 4 SYSTEMPATH\Common.php(1178): CodeIgniter\View\View->render('frontend/form1', [], true)
 5 APPPATH\Controllers\BaseController.php(84): view('frontend/form1', [...])
 6 APPPATH\Controllers\Frontend\Form1.php(26): App\Controllers\BaseController->renderView('frontend/form1', [...])
 7 SYSTEMPATH\CodeIgniter.php(941): App\Controllers\Frontend\Form1->form()
 8 SYSTEMPATH\CodeIgniter.php(502): CodeIgniter\CodeIgniter->runController(Object(App\Controllers\Frontend\Form1))
 9 SYSTEMPATH\CodeIgniter.php(361): CodeIgniter\CodeIgniter->handleRequest(null, Object(Config\Cache), false)
10 FCPATH\index.php(79): CodeIgniter\CodeIgniter->run()
CRITICAL - 2024-01-19 11:01:57 --> ErrorException: Undefined variable $data
in APPPATH\Views\frontend\form1.php on line 3.
 1 APPPATH\Views\frontend\form1.php(3): CodeIgniter\Debug\Exceptions->errorHandler(2, 'Undefined variable $data', 'D:\\auproject\\20231227-yuan\\yuan-build-ci4\\app\\Views\\frontend\\form1.php', 3)
 2 SYSTEMPATH\View\View.php(228): include('D:\\auproject\\20231227-yuan\\yuan-build-ci4\\app\\Views\\frontend\\form1.php')
 3 SYSTEMPATH\View\View.php(231): CodeIgniter\View\View->CodeIgniter\View\{closure}()
 4 SYSTEMPATH\Common.php(1178): CodeIgniter\View\View->render('frontend/form1', [], true)
 5 APPPATH\Controllers\BaseController.php(84): view('frontend/form1', [...])
 6 APPPATH\Controllers\Frontend\Form1.php(26): App\Controllers\BaseController->renderView('frontend/form1', [...])
 7 SYSTEMPATH\CodeIgniter.php(941): App\Controllers\Frontend\Form1->form()
 8 SYSTEMPATH\CodeIgniter.php(502): CodeIgniter\CodeIgniter->runController(Object(App\Controllers\Frontend\Form1))
 9 SYSTEMPATH\CodeIgniter.php(361): CodeIgniter\CodeIgniter->handleRequest(null, Object(Config\Cache), false)
10 FCPATH\index.php(79): CodeIgniter\CodeIgniter->run()
CRITICAL - 2024-01-19 11:02:58 --> ErrorException: Undefined variable $data
in APPPATH\Views\frontend\form1.php on line 3.
 1 APPPATH\Views\frontend\form1.php(3): CodeIgniter\Debug\Exceptions->errorHandler(2, 'Undefined variable $data', 'D:\\auproject\\20231227-yuan\\yuan-build-ci4\\app\\Views\\frontend\\form1.php', 3)
 2 SYSTEMPATH\View\View.php(228): include('D:\\auproject\\20231227-yuan\\yuan-build-ci4\\app\\Views\\frontend\\form1.php')
 3 SYSTEMPATH\View\View.php(231): CodeIgniter\View\View->CodeIgniter\View\{closure}()
 4 SYSTEMPATH\Common.php(1178): CodeIgniter\View\View->render('frontend/form1', [], true)
 5 APPPATH\Controllers\BaseController.php(81): view('frontend/form1', [...])
 6 APPPATH\Controllers\Frontend\Form1.php(26): App\Controllers\BaseController->renderView('frontend/form1', [...])
 7 SYSTEMPATH\CodeIgniter.php(941): App\Controllers\Frontend\Form1->form()
 8 SYSTEMPATH\CodeIgniter.php(502): CodeIgniter\CodeIgniter->runController(Object(App\Controllers\Frontend\Form1))
 9 SYSTEMPATH\CodeIgniter.php(361): CodeIgniter\CodeIgniter->handleRequest(null, Object(Config\Cache), false)
10 FCPATH\index.php(79): CodeIgniter\CodeIgniter->run()
CRITICAL - 2024-01-19 11:03:12 --> ErrorException: Undefined variable $data
in APPPATH\Views\frontend\form1.php on line 3.
 1 APPPATH\Views\frontend\form1.php(3): CodeIgniter\Debug\Exceptions->errorHandler(2, 'Undefined variable $data', 'D:\\auproject\\20231227-yuan\\yuan-build-ci4\\app\\Views\\frontend\\form1.php', 3)
 2 SYSTEMPATH\View\View.php(228): include('D:\\auproject\\20231227-yuan\\yuan-build-ci4\\app\\Views\\frontend\\form1.php')
 3 SYSTEMPATH\View\View.php(231): CodeIgniter\View\View->CodeIgniter\View\{closure}()
 4 SYSTEMPATH\Common.php(1178): CodeIgniter\View\View->render('frontend/form1', [], true)
 5 APPPATH\Controllers\BaseController.php(81): view('frontend/form1', [...])
 6 APPPATH\Controllers\Frontend\Form1.php(26): App\Controllers\BaseController->renderView('frontend/form1', [...])
 7 SYSTEMPATH\CodeIgniter.php(941): App\Controllers\Frontend\Form1->form()
 8 SYSTEMPATH\CodeIgniter.php(502): CodeIgniter\CodeIgniter->runController(Object(App\Controllers\Frontend\Form1))
 9 SYSTEMPATH\CodeIgniter.php(361): CodeIgniter\CodeIgniter->handleRequest(null, Object(Config\Cache), false)
10 FCPATH\index.php(79): CodeIgniter\CodeIgniter->run()
CRITICAL - 2024-01-19 11:04:26 --> ErrorException: Undefined variable $data
in APPPATH\Views\frontend\form1.php on line 3.
 1 APPPATH\Views\frontend\form1.php(3): CodeIgniter\Debug\Exceptions->errorHandler(2, 'Undefined variable $data', 'D:\\auproject\\20231227-yuan\\yuan-build-ci4\\app\\Views\\frontend\\form1.php', 3)
 2 SYSTEMPATH\View\View.php(228): include('D:\\auproject\\20231227-yuan\\yuan-build-ci4\\app\\Views\\frontend\\form1.php')
 3 SYSTEMPATH\View\View.php(231): CodeIgniter\View\View->CodeIgniter\View\{closure}()
 4 SYSTEMPATH\Common.php(1178): CodeIgniter\View\View->render('frontend/form1', [], true)
 5 APPPATH\Controllers\BaseController.php(81): view('frontend/form1', [...])
 6 APPPATH\Controllers\Frontend\Form1.php(27): App\Controllers\BaseController->renderView('frontend/form1', [...])
 7 SYSTEMPATH\CodeIgniter.php(941): App\Controllers\Frontend\Form1->form()
 8 SYSTEMPATH\CodeIgniter.php(502): CodeIgniter\CodeIgniter->runController(Object(App\Controllers\Frontend\Form1))
 9 SYSTEMPATH\CodeIgniter.php(361): CodeIgniter\CodeIgniter->handleRequest(null, Object(Config\Cache), false)
10 FCPATH\index.php(79): CodeIgniter\CodeIgniter->run()
CRITICAL - 2024-01-19 11:06:41 --> ErrorException: Undefined variable $data
in APPPATH\Views\frontend\form1.php on line 3.
 1 APPPATH\Views\frontend\form1.php(3): CodeIgniter\Debug\Exceptions->errorHandler(2, 'Undefined variable $data', 'D:\\auproject\\20231227-yuan\\yuan-build-ci4\\app\\Views\\frontend\\form1.php', 3)
 2 SYSTEMPATH\View\View.php(228): include('D:\\auproject\\20231227-yuan\\yuan-build-ci4\\app\\Views\\frontend\\form1.php')
 3 SYSTEMPATH\View\View.php(231): CodeIgniter\View\View->CodeIgniter\View\{closure}()
 4 SYSTEMPATH\Common.php(1178): CodeIgniter\View\View->render('frontend/form1', [], true)
 5 APPPATH\Controllers\BaseController.php(84): view('frontend/form1', [...])
 6 APPPATH\Controllers\Frontend\Form1.php(27): App\Controllers\BaseController->renderView('frontend/form1', [...])
 7 SYSTEMPATH\CodeIgniter.php(941): App\Controllers\Frontend\Form1->form()
 8 SYSTEMPATH\CodeIgniter.php(502): CodeIgniter\CodeIgniter->runController(Object(App\Controllers\Frontend\Form1))
 9 SYSTEMPATH\CodeIgniter.php(361): CodeIgniter\CodeIgniter->handleRequest(null, Object(Config\Cache), false)
10 FCPATH\index.php(79): CodeIgniter\CodeIgniter->run()
CRITICAL - 2024-01-19 11:06:56 --> ErrorException: Undefined variable $data
in APPPATH\Views\frontend\form1.php on line 3.
 1 APPPATH\Views\frontend\form1.php(3): CodeIgniter\Debug\Exceptions->errorHandler(2, 'Undefined variable $data', 'D:\\auproject\\20231227-yuan\\yuan-build-ci4\\app\\Views\\frontend\\form1.php', 3)
 2 SYSTEMPATH\View\View.php(228): include('D:\\auproject\\20231227-yuan\\yuan-build-ci4\\app\\Views\\frontend\\form1.php')
 3 SYSTEMPATH\View\View.php(231): CodeIgniter\View\View->CodeIgniter\View\{closure}()
 4 SYSTEMPATH\Common.php(1178): CodeIgniter\View\View->render('frontend/form1', [], true)
 5 APPPATH\Controllers\BaseController.php(81): view('frontend/form1', [...])
 6 APPPATH\Controllers\Frontend\Form1.php(27): App\Controllers\BaseController->renderView('frontend/form1', [...])
 7 SYSTEMPATH\CodeIgniter.php(941): App\Controllers\Frontend\Form1->form()
 8 SYSTEMPATH\CodeIgniter.php(502): CodeIgniter\CodeIgniter->runController(Object(App\Controllers\Frontend\Form1))
 9 SYSTEMPATH\CodeIgniter.php(361): CodeIgniter\CodeIgniter->handleRequest(null, Object(Config\Cache), false)
10 FCPATH\index.php(79): CodeIgniter\CodeIgniter->run()
CRITICAL - 2024-01-19 11:12:27 --> ArgumentCountError: Too few arguments to function App\Controllers\BaseController::renderView(), 2 passed in D:\auproject\20231227-yuan\yuan-build-ci4\app\Controllers\Frontend\Form1.php on line 27 and exactly 3 expected
in APPPATH\Controllers\BaseController.php on line 61.
 1 APPPATH\Controllers\Frontend\Form1.php(27): App\Controllers\BaseController->renderView('frontend/form1', [...])
 2 SYSTEMPATH\CodeIgniter.php(941): App\Controllers\Frontend\Form1->form()
 3 SYSTEMPATH\CodeIgniter.php(502): CodeIgniter\CodeIgniter->runController(Object(App\Controllers\Frontend\Form1))
 4 SYSTEMPATH\CodeIgniter.php(361): CodeIgniter\CodeIgniter->handleRequest(null, Object(Config\Cache), false)
 5 FCPATH\index.php(79): CodeIgniter\CodeIgniter->run()
CRITICAL - 2024-01-19 11:22:37 --> ErrorException: Undefined variable $data
in APPPATH\Views\frontend\form1.php on line 3.
 1 APPPATH\Views\frontend\form1.php(3): CodeIgniter\Debug\Exceptions->errorHandler(2, 'Undefined variable $data', 'D:\\auproject\\20231227-yuan\\yuan-build-ci4\\app\\Views\\frontend\\form1.php', 3)
 2 SYSTEMPATH\View\View.php(228): include('D:\\auproject\\20231227-yuan\\yuan-build-ci4\\app\\Views\\frontend\\form1.php')
 3 SYSTEMPATH\View\View.php(231): CodeIgniter\View\View->CodeIgniter\View\{closure}()
 4 SYSTEMPATH\Common.php(1178): CodeIgniter\View\View->render('frontend/form1', [], true)
 5 APPPATH\Controllers\BaseController.php(87): view('frontend/form1', [...])
 6 APPPATH\Controllers\Frontend\Form1.php(23): App\Controllers\BaseController->renderView('frontend/form1', '精品家電顧問服務', [...])
 7 SYSTEMPATH\CodeIgniter.php(941): App\Controllers\Frontend\Form1->form()
 8 SYSTEMPATH\CodeIgniter.php(502): CodeIgniter\CodeIgniter->runController(Object(App\Controllers\Frontend\Form1))
 9 SYSTEMPATH\CodeIgniter.php(361): CodeIgniter\CodeIgniter->handleRequest(null, Object(Config\Cache), false)
10 FCPATH\index.php(79): CodeIgniter\CodeIgniter->run()
CRITICAL - 2024-01-19 11:22:49 --> ErrorException: Undefined variable $data
in APPPATH\Views\frontend\form1.php on line 3.
 1 APPPATH\Views\frontend\form1.php(3): CodeIgniter\Debug\Exceptions->errorHandler(2, 'Undefined variable $data', 'D:\\auproject\\20231227-yuan\\yuan-build-ci4\\app\\Views\\frontend\\form1.php', 3)
 2 SYSTEMPATH\View\View.php(228): include('D:\\auproject\\20231227-yuan\\yuan-build-ci4\\app\\Views\\frontend\\form1.php')
 3 SYSTEMPATH\View\View.php(231): CodeIgniter\View\View->CodeIgniter\View\{closure}()
 4 SYSTEMPATH\Common.php(1178): CodeIgniter\View\View->render('frontend/form1', [], true)
 5 APPPATH\Controllers\BaseController.php(87): view('frontend/form1', [...])
 6 APPPATH\Controllers\Frontend\Form1.php(23): App\Controllers\BaseController->renderView('frontend/form1', '精品家電顧問服務', [...])
 7 SYSTEMPATH\CodeIgniter.php(941): App\Controllers\Frontend\Form1->form()
 8 SYSTEMPATH\CodeIgniter.php(502): CodeIgniter\CodeIgniter->runController(Object(App\Controllers\Frontend\Form1))
 9 SYSTEMPATH\CodeIgniter.php(361): CodeIgniter\CodeIgniter->handleRequest(null, Object(Config\Cache), false)
10 FCPATH\index.php(79): CodeIgniter\CodeIgniter->run()
CRITICAL - 2024-01-19 11:46:51 --> ErrorException: Undefined variable $form
in APPPATH\Views\frontend\form1.php on line 35.
 1 APPPATH\Views\frontend\form1.php(35): CodeIgniter\Debug\Exceptions->errorHandler(2, 'Undefined variable $form', 'D:\\auproject\\20231227-yuan\\yuan-build-ci4\\app\\Views\\frontend\\form1.php', 35)
 2 SYSTEMPATH\View\View.php(228): include('D:\\auproject\\20231227-yuan\\yuan-build-ci4\\app\\Views\\frontend\\form1.php')
 3 SYSTEMPATH\View\View.php(231): CodeIgniter\View\View->CodeIgniter\View\{closure}()
 4 SYSTEMPATH\Common.php(1178): CodeIgniter\View\View->render('frontend/form1', [], true)
 5 APPPATH\Controllers\BaseController.php(87): view('frontend/form1', [...])
 6 APPPATH\Controllers\Frontend\Form1.php(23): App\Controllers\BaseController->renderView('frontend/form1', '精品家電顧問服務', [...])
 7 SYSTEMPATH\CodeIgniter.php(941): App\Controllers\Frontend\Form1->form()
 8 SYSTEMPATH\CodeIgniter.php(502): CodeIgniter\CodeIgniter->runController(Object(App\Controllers\Frontend\Form1))
 9 SYSTEMPATH\CodeIgniter.php(361): CodeIgniter\CodeIgniter->handleRequest(null, Object(Config\Cache), false)
10 FCPATH\index.php(79): CodeIgniter\CodeIgniter->run()
CRITICAL - 2024-01-19 11:49:00 --> ErrorException: Undefined variable $data
in APPPATH\Views\frontend\form1.php on line 35.
 1 APPPATH\Views\frontend\form1.php(35): CodeIgniter\Debug\Exceptions->errorHandler(2, 'Undefined variable $data', 'D:\\auproject\\20231227-yuan\\yuan-build-ci4\\app\\Views\\frontend\\form1.php', 35)
 2 SYSTEMPATH\View\View.php(228): include('D:\\auproject\\20231227-yuan\\yuan-build-ci4\\app\\Views\\frontend\\form1.php')
 3 SYSTEMPATH\View\View.php(231): CodeIgniter\View\View->CodeIgniter\View\{closure}()
 4 SYSTEMPATH\Common.php(1178): CodeIgniter\View\View->render('frontend/form1', [], true)
 5 APPPATH\Controllers\BaseController.php(87): view('frontend/form1', [...])
 6 APPPATH\Controllers\Frontend\Form1.php(23): App\Controllers\BaseController->renderView('frontend/form1', '精品家電顧問服務', [...])
 7 SYSTEMPATH\CodeIgniter.php(941): App\Controllers\Frontend\Form1->form()
 8 SYSTEMPATH\CodeIgniter.php(502): CodeIgniter\CodeIgniter->runController(Object(App\Controllers\Frontend\Form1))
 9 SYSTEMPATH\CodeIgniter.php(361): CodeIgniter\CodeIgniter->handleRequest(null, Object(Config\Cache), false)
10 FCPATH\index.php(79): CodeIgniter\CodeIgniter->run()
CRITICAL - 2024-01-19 11:51:02 --> ErrorException: Undefined variable $form
in APPPATH\Views\frontend\form1.php on line 35.
 1 APPPATH\Views\frontend\form1.php(35): CodeIgniter\Debug\Exceptions->errorHandler(2, 'Undefined variable $form', 'D:\\auproject\\20231227-yuan\\yuan-build-ci4\\app\\Views\\frontend\\form1.php', 35)
 2 SYSTEMPATH\View\View.php(228): include('D:\\auproject\\20231227-yuan\\yuan-build-ci4\\app\\Views\\frontend\\form1.php')
 3 SYSTEMPATH\View\View.php(231): CodeIgniter\View\View->CodeIgniter\View\{closure}()
 4 SYSTEMPATH\Common.php(1178): CodeIgniter\View\View->render('frontend/form1', [], true)
 5 APPPATH\Controllers\BaseController.php(87): view('frontend/form1', [...])
 6 APPPATH\Controllers\Frontend\Form1.php(23): App\Controllers\BaseController->renderView('frontend/form1', '精品家電顧問服務', [...])
 7 SYSTEMPATH\CodeIgniter.php(941): App\Controllers\Frontend\Form1->form()
 8 SYSTEMPATH\CodeIgniter.php(502): CodeIgniter\CodeIgniter->runController(Object(App\Controllers\Frontend\Form1))
 9 SYSTEMPATH\CodeIgniter.php(361): CodeIgniter\CodeIgniter->handleRequest(null, Object(Config\Cache), false)
10 FCPATH\index.php(79): CodeIgniter\CodeIgniter->run()
