ERROR - 2024-01-23 03:19:43 --> Error connecting to the database: mysqli_sql_exception: Access denied for user 'yuan1'@'localhost' (using password: YES) in D:\auproject\20231227-yuan\yuan-build-ci4\system\Database\MySQLi\Connection.php:185
Stack trace:
#0 D:\auproject\20231227-yuan\yuan-build-ci4\system\Database\MySQLi\Connection.php(185): mysqli->real_connect('localhost', 'yuan1', 'q7PrToe3cYHL_o@...', 'yuan1', 3306, '', 0)
#1 D:\auproject\20231227-yuan\yuan-build-ci4\system\Database\BaseConnection.php(392): CodeIgniter\Database\MySQLi\Connection->connect(false)
#2 D:\auproject\20231227-yuan\yuan-build-ci4\system\Database\BaseConnection.php(575): CodeIgniter\Database\BaseConnection->initialize()
#3 D:\auproject\20231227-yuan\yuan-build-ci4\app\Controllers\TestDB.php(12): CodeIgniter\Database\BaseConnection->query('SELECT 1')
#4 D:\auproject\20231227-yuan\yuan-build-ci4\system\CodeIgniter.php(941): App\Controllers\TestDB->index()
#5 D:\auproject\20231227-yuan\yuan-build-ci4\system\CodeIgniter.php(502): CodeIgniter\CodeIgniter->runController(Object(App\Controllers\TestDB))
#6 D:\auproject\20231227-yuan\yuan-build-ci4\system\CodeIgniter.php(361): CodeIgniter\CodeIgniter->handleRequest(NULL, Object(Config\Cache), false)
#7 D:\auproject\20231227-yuan\yuan-build-ci4\public\index.php(79): CodeIgniter\CodeIgniter->run()
#8 {main}

Next CodeIgniter\Database\Exceptions\DatabaseException: Access denied for user '****'@'localhost' (using password: YES) in D:\auproject\20231227-yuan\yuan-build-ci4\system\Database\MySQLi\Connection.php:229
Stack trace:
#0 D:\auproject\20231227-yuan\yuan-build-ci4\system\Database\BaseConnection.php(392): CodeIgniter\Database\MySQLi\Connection->connect(false)
#1 D:\auproject\20231227-yuan\yuan-build-ci4\system\Database\BaseConnection.php(575): CodeIgniter\Database\BaseConnection->initialize()
#2 D:\auproject\20231227-yuan\yuan-build-ci4\app\Controllers\TestDB.php(12): CodeIgniter\Database\BaseConnection->query('SELECT 1')
#3 D:\auproject\20231227-yuan\yuan-build-ci4\system\CodeIgniter.php(941): App\Controllers\TestDB->index()
#4 D:\auproject\20231227-yuan\yuan-build-ci4\system\CodeIgniter.php(502): CodeIgniter\CodeIgniter->runController(Object(App\Controllers\TestDB))
#5 D:\auproject\20231227-yuan\yuan-build-ci4\system\CodeIgniter.php(361): CodeIgniter\CodeIgniter->handleRequest(NULL, Object(Config\Cache), false)
#6 D:\auproject\20231227-yuan\yuan-build-ci4\public\index.php(79): CodeIgniter\CodeIgniter->run()
#7 {main}
CRITICAL - 2024-01-23 10:23:27 --> ErrorException: Undefined variable $pageTitle
in APPPATH\Views\frontend\layout\main.php on line 5.
 1 APPPATH\Views\frontend\layout\main.php(5): CodeIgniter\Debug\Exceptions->errorHandler(2, 'Undefined variable $pageTitle', 'D:\\auproject\\20231227-yuan\\yuan-build-ci4\\app\\Views\\frontend\\layout\\main.php', 5)
 2 SYSTEMPATH\View\View.php(228): include('D:\\auproject\\20231227-yuan\\yuan-build-ci4\\app\\Views\\frontend\\layout\\main.php')
 3 SYSTEMPATH\View\View.php(231): CodeIgniter\View\View->CodeIgniter\View\{closure}()
 4 SYSTEMPATH\View\View.php(244): CodeIgniter\View\View->render('frontend/layout/main', [], true)
 5 SYSTEMPATH\Common.php(1178): CodeIgniter\View\View->render('frontend/home', [], true)
 6 APPPATH\Controllers\BaseController.php(87): view('frontend/home', [...])
 7 APPPATH\Controllers\Frontend\Home.php(10): App\Controllers\BaseController->renderView('frontend/home', '首頁')
 8 SYSTEMPATH\CodeIgniter.php(941): App\Controllers\Frontend\Home->index()
 9 SYSTEMPATH\CodeIgniter.php(502): CodeIgniter\CodeIgniter->runController(Object(App\Controllers\Frontend\Home))
10 SYSTEMPATH\CodeIgniter.php(361): CodeIgniter\CodeIgniter->handleRequest(null, Object(Config\Cache), false)
11 FCPATH\index.php(79): CodeIgniter\CodeIgniter->run()
CRITICAL - 2024-01-23 10:28:26 --> ErrorException: Undefined variable $pageTitle
in APPPATH\Views\frontend\layout\main.php on line 5.
 1 APPPATH\Views\frontend\layout\main.php(5): CodeIgniter\Debug\Exceptions->errorHandler(2, 'Undefined variable $pageTitle', 'D:\\auproject\\20231227-yuan\\yuan-build-ci4\\app\\Views\\frontend\\layout\\main.php', 5)
 2 SYSTEMPATH\View\View.php(228): include('D:\\auproject\\20231227-yuan\\yuan-build-ci4\\app\\Views\\frontend\\layout\\main.php')
 3 SYSTEMPATH\View\View.php(231): CodeIgniter\View\View->CodeIgniter\View\{closure}()
 4 SYSTEMPATH\View\View.php(244): CodeIgniter\View\View->render('frontend/layout/main', [], true)
 5 SYSTEMPATH\Common.php(1178): CodeIgniter\View\View->render('frontend/home', [], true)
 6 APPPATH\Controllers\BaseController.php(87): view('frontend/home', [...])
 7 APPPATH\Controllers\Frontend\Home.php(10): App\Controllers\BaseController->renderView('frontend/home', '首頁')
 8 SYSTEMPATH\CodeIgniter.php(941): App\Controllers\Frontend\Home->index()
 9 SYSTEMPATH\CodeIgniter.php(502): CodeIgniter\CodeIgniter->runController(Object(App\Controllers\Frontend\Home))
10 SYSTEMPATH\CodeIgniter.php(361): CodeIgniter\CodeIgniter->handleRequest(null, Object(Config\Cache), false)
11 FCPATH\index.php(79): CodeIgniter\CodeIgniter->run()
CRITICAL - 2024-01-23 10:28:29 --> ErrorException: Undefined variable $pageTitle
in APPPATH\Views\frontend\layout\main.php on line 5.
 1 APPPATH\Views\frontend\layout\main.php(5): CodeIgniter\Debug\Exceptions->errorHandler(2, 'Undefined variable $pageTitle', 'D:\\auproject\\20231227-yuan\\yuan-build-ci4\\app\\Views\\frontend\\layout\\main.php', 5)
 2 SYSTEMPATH\View\View.php(228): include('D:\\auproject\\20231227-yuan\\yuan-build-ci4\\app\\Views\\frontend\\layout\\main.php')
 3 SYSTEMPATH\View\View.php(231): CodeIgniter\View\View->CodeIgniter\View\{closure}()
 4 SYSTEMPATH\View\View.php(244): CodeIgniter\View\View->render('frontend/layout/main', [], true)
 5 SYSTEMPATH\Common.php(1178): CodeIgniter\View\View->render('frontend/home', [], true)
 6 APPPATH\Controllers\BaseController.php(87): view('frontend/home', [...])
 7 APPPATH\Controllers\Frontend\Home.php(10): App\Controllers\BaseController->renderView('frontend/home', '首頁')
 8 SYSTEMPATH\CodeIgniter.php(941): App\Controllers\Frontend\Home->index()
 9 SYSTEMPATH\CodeIgniter.php(502): CodeIgniter\CodeIgniter->runController(Object(App\Controllers\Frontend\Home))
10 SYSTEMPATH\CodeIgniter.php(361): CodeIgniter\CodeIgniter->handleRequest(null, Object(Config\Cache), false)
11 FCPATH\index.php(79): CodeIgniter\CodeIgniter->run()
CRITICAL - 2024-01-23 10:35:43 --> ErrorException: Undefined variable $pageTitle
in APPPATH\Views\frontend\layout\main.php on line 5.
 1 APPPATH\Views\frontend\layout\main.php(5): CodeIgniter\Debug\Exceptions->errorHandler(2, 'Undefined variable $pageTitle', 'D:\\auproject\\20231227-yuan\\yuan-build-ci4\\app\\Views\\frontend\\layout\\main.php', 5)
 2 SYSTEMPATH\View\View.php(228): include('D:\\auproject\\20231227-yuan\\yuan-build-ci4\\app\\Views\\frontend\\layout\\main.php')
 3 SYSTEMPATH\View\View.php(231): CodeIgniter\View\View->CodeIgniter\View\{closure}()
 4 SYSTEMPATH\View\View.php(244): CodeIgniter\View\View->render('frontend/layout/main', [], true)
 5 SYSTEMPATH\Common.php(1178): CodeIgniter\View\View->render('frontend/home', [], true)
 6 APPPATH\Controllers\BaseController.php(87): view('frontend/home', [...])
 7 APPPATH\Controllers\Frontend\Home.php(10): App\Controllers\BaseController->renderView('frontend/home', '首頁')
 8 SYSTEMPATH\CodeIgniter.php(941): App\Controllers\Frontend\Home->index()
 9 SYSTEMPATH\CodeIgniter.php(502): CodeIgniter\CodeIgniter->runController(Object(App\Controllers\Frontend\Home))
10 SYSTEMPATH\CodeIgniter.php(361): CodeIgniter\CodeIgniter->handleRequest(null, Object(Config\Cache), false)
11 FCPATH\index.php(79): CodeIgniter\CodeIgniter->run()
CRITICAL - 2024-01-23 10:36:02 --> ErrorException: Undefined variable $pageTitle
in APPPATH\Views\frontend\layout\head.php on line 1.
 1 APPPATH\Views\frontend\layout\head.php(1): CodeIgniter\Debug\Exceptions->errorHandler(2, 'Undefined variable $pageTitle', 'D:\\auproject\\20231227-yuan\\yuan-build-ci4\\app\\Views\\frontend\\layout\\head.php', 1)
 2 SYSTEMPATH\View\View.php(228): include('D:\\auproject\\20231227-yuan\\yuan-build-ci4\\app\\Views\\frontend\\layout\\head.php')
 3 SYSTEMPATH\View\View.php(231): CodeIgniter\View\View->CodeIgniter\View\{closure}()
 4 SYSTEMPATH\View\View.php(469): CodeIgniter\View\View->render('frontend/layout/head.php', null, true)
 5 APPPATH\Views\frontend\layout\main.php(5): CodeIgniter\View\View->include('frontend/layout/head.php')
 6 SYSTEMPATH\View\View.php(228): include('D:\\auproject\\20231227-yuan\\yuan-build-ci4\\app\\Views\\frontend\\layout\\main.php')
 7 SYSTEMPATH\View\View.php(231): CodeIgniter\View\View->CodeIgniter\View\{closure}()
 8 SYSTEMPATH\View\View.php(244): CodeIgniter\View\View->render('frontend/layout/main', [], true)
 9 SYSTEMPATH\Common.php(1178): CodeIgniter\View\View->render('frontend/home', [], true)
10 APPPATH\Controllers\BaseController.php(87): view('frontend/home', [...])
11 APPPATH\Controllers\Frontend\Home.php(10): App\Controllers\BaseController->renderView('frontend/home', '首頁')
12 SYSTEMPATH\CodeIgniter.php(941): App\Controllers\Frontend\Home->index()
13 SYSTEMPATH\CodeIgniter.php(502): CodeIgniter\CodeIgniter->runController(Object(App\Controllers\Frontend\Home))
14 SYSTEMPATH\CodeIgniter.php(361): CodeIgniter\CodeIgniter->handleRequest(null, Object(Config\Cache), false)
15 FCPATH\index.php(79): CodeIgniter\CodeIgniter->run()
CRITICAL - 2024-01-23 10:36:19 --> ErrorException: Undefined variable $pageTitle
in APPPATH\Views\frontend\layout\head.php on line 1.
 1 APPPATH\Views\frontend\layout\head.php(1): CodeIgniter\Debug\Exceptions->errorHandler(2, 'Undefined variable $pageTitle', 'D:\\auproject\\20231227-yuan\\yuan-build-ci4\\app\\Views\\frontend\\layout\\head.php', 1)
 2 SYSTEMPATH\View\View.php(228): include('D:\\auproject\\20231227-yuan\\yuan-build-ci4\\app\\Views\\frontend\\layout\\head.php')
 3 SYSTEMPATH\View\View.php(231): CodeIgniter\View\View->CodeIgniter\View\{closure}()
 4 SYSTEMPATH\View\View.php(469): CodeIgniter\View\View->render('frontend/layout/head.php', null, true)
 5 APPPATH\Views\frontend\layout\main.php(5): CodeIgniter\View\View->include('frontend/layout/head.php')
 6 SYSTEMPATH\View\View.php(228): include('D:\\auproject\\20231227-yuan\\yuan-build-ci4\\app\\Views\\frontend\\layout\\main.php')
 7 SYSTEMPATH\View\View.php(231): CodeIgniter\View\View->CodeIgniter\View\{closure}()
 8 SYSTEMPATH\View\View.php(244): CodeIgniter\View\View->render('frontend/layout/main', [], true)
 9 SYSTEMPATH\Common.php(1178): CodeIgniter\View\View->render('frontend/home', [], true)
10 APPPATH\Controllers\BaseController.php(87): view('frontend/home', [...])
11 APPPATH\Controllers\Frontend\Home.php(10): App\Controllers\BaseController->renderView('frontend/home', '首頁')
12 SYSTEMPATH\CodeIgniter.php(941): App\Controllers\Frontend\Home->index()
13 SYSTEMPATH\CodeIgniter.php(502): CodeIgniter\CodeIgniter->runController(Object(App\Controllers\Frontend\Home))
14 SYSTEMPATH\CodeIgniter.php(361): CodeIgniter\CodeIgniter->handleRequest(null, Object(Config\Cache), false)
15 FCPATH\index.php(79): CodeIgniter\CodeIgniter->run()
CRITICAL - 2024-01-23 10:36:40 --> CodeIgniter\View\Exceptions\ViewException: Invalid file: "frontend/layout/head.php"
in SYSTEMPATH\Exceptions\FrameworkException.php on line 39.
 1 SYSTEMPATH\View\View.php(216): CodeIgniter\Exceptions\FrameworkException::forInvalidFile('frontend/layout/head.php')
 2 SYSTEMPATH\View\View.php(469): CodeIgniter\View\View->render('frontend/layout/head.php', null, true)
 3 APPPATH\Views\frontend\layout\main.php(5): CodeIgniter\View\View->include('frontend/layout/head.php')
 4 SYSTEMPATH\View\View.php(228): include('D:\\auproject\\20231227-yuan\\yuan-build-ci4\\app\\Views\\frontend\\layout\\main.php')
 5 SYSTEMPATH\View\View.php(231): CodeIgniter\View\View->CodeIgniter\View\{closure}()
 6 SYSTEMPATH\View\View.php(244): CodeIgniter\View\View->render('frontend/layout/main', [], true)
 7 SYSTEMPATH\Common.php(1178): CodeIgniter\View\View->render('frontend/home', [], true)
 8 APPPATH\Controllers\BaseController.php(87): view('frontend/home', [...])
 9 APPPATH\Controllers\Frontend\Home.php(10): App\Controllers\BaseController->renderView('frontend/home', '首頁')
10 SYSTEMPATH\CodeIgniter.php(941): App\Controllers\Frontend\Home->index()
11 SYSTEMPATH\CodeIgniter.php(502): CodeIgniter\CodeIgniter->runController(Object(App\Controllers\Frontend\Home))
12 SYSTEMPATH\CodeIgniter.php(361): CodeIgniter\CodeIgniter->handleRequest(null, Object(Config\Cache), false)
13 FCPATH\index.php(79): CodeIgniter\CodeIgniter->run()
CRITICAL - 2024-01-23 10:36:55 --> ErrorException: Undefined variable $pageTitle
in APPPATH\Views\frontend\include\head.php on line 1.
 1 APPPATH\Views\frontend\include\head.php(1): CodeIgniter\Debug\Exceptions->errorHandler(2, 'Undefined variable $pageTitle', 'D:\\auproject\\20231227-yuan\\yuan-build-ci4\\app\\Views\\frontend\\include\\head.php', 1)
 2 SYSTEMPATH\View\View.php(228): include('D:\\auproject\\20231227-yuan\\yuan-build-ci4\\app\\Views\\frontend\\include\\head.php')
 3 SYSTEMPATH\View\View.php(231): CodeIgniter\View\View->CodeIgniter\View\{closure}()
 4 SYSTEMPATH\View\View.php(469): CodeIgniter\View\View->render('frontend/include/head', null, true)
 5 APPPATH\Views\frontend\layout\main.php(5): CodeIgniter\View\View->include('frontend/include/head')
 6 SYSTEMPATH\View\View.php(228): include('D:\\auproject\\20231227-yuan\\yuan-build-ci4\\app\\Views\\frontend\\layout\\main.php')
 7 SYSTEMPATH\View\View.php(231): CodeIgniter\View\View->CodeIgniter\View\{closure}()
 8 SYSTEMPATH\View\View.php(244): CodeIgniter\View\View->render('frontend/layout/main', [], true)
 9 SYSTEMPATH\Common.php(1178): CodeIgniter\View\View->render('frontend/home', [], true)
10 APPPATH\Controllers\BaseController.php(87): view('frontend/home', [...])
11 APPPATH\Controllers\Frontend\Home.php(10): App\Controllers\BaseController->renderView('frontend/home', '首頁')
12 SYSTEMPATH\CodeIgniter.php(941): App\Controllers\Frontend\Home->index()
13 SYSTEMPATH\CodeIgniter.php(502): CodeIgniter\CodeIgniter->runController(Object(App\Controllers\Frontend\Home))
14 SYSTEMPATH\CodeIgniter.php(361): CodeIgniter\CodeIgniter->handleRequest(null, Object(Config\Cache), false)
15 FCPATH\index.php(79): CodeIgniter\CodeIgniter->run()
CRITICAL - 2024-01-23 10:38:07 --> ErrorException: Undefined variable $pageTitle
in APPPATH\Views\frontend\include\head.php on line 1.
 1 APPPATH\Views\frontend\include\head.php(1): CodeIgniter\Debug\Exceptions->errorHandler(2, 'Undefined variable $pageTitle', 'D:\\auproject\\20231227-yuan\\yuan-build-ci4\\app\\Views\\frontend\\include\\head.php', 1)
 2 SYSTEMPATH\View\View.php(228): include('D:\\auproject\\20231227-yuan\\yuan-build-ci4\\app\\Views\\frontend\\include\\head.php')
 3 SYSTEMPATH\View\View.php(231): CodeIgniter\View\View->CodeIgniter\View\{closure}()
 4 SYSTEMPATH\View\View.php(469): CodeIgniter\View\View->render('\\frontend\\include\\head', null, true)
 5 APPPATH\Views\frontend\layout\main.php(5): CodeIgniter\View\View->include('\\frontend\\include\\head')
 6 SYSTEMPATH\View\View.php(228): include('D:\\auproject\\20231227-yuan\\yuan-build-ci4\\app\\Views\\frontend\\layout\\main.php')
 7 SYSTEMPATH\View\View.php(231): CodeIgniter\View\View->CodeIgniter\View\{closure}()
 8 SYSTEMPATH\View\View.php(244): CodeIgniter\View\View->render('frontend/layout/main', [], true)
 9 SYSTEMPATH\Common.php(1178): CodeIgniter\View\View->render('frontend/home', [], true)
10 APPPATH\Controllers\BaseController.php(87): view('frontend/home', [...])
11 APPPATH\Controllers\Frontend\Home.php(10): App\Controllers\BaseController->renderView('frontend/home', '首頁')
12 SYSTEMPATH\CodeIgniter.php(941): App\Controllers\Frontend\Home->index()
13 SYSTEMPATH\CodeIgniter.php(502): CodeIgniter\CodeIgniter->runController(Object(App\Controllers\Frontend\Home))
14 SYSTEMPATH\CodeIgniter.php(361): CodeIgniter\CodeIgniter->handleRequest(null, Object(Config\Cache), false)
15 FCPATH\index.php(79): CodeIgniter\CodeIgniter->run()
CRITICAL - 2024-01-23 10:38:10 --> ErrorException: Undefined variable $pageTitle
in APPPATH\Views\frontend\include\head.php on line 1.
 1 APPPATH\Views\frontend\include\head.php(1): CodeIgniter\Debug\Exceptions->errorHandler(2, 'Undefined variable $pageTitle', 'D:\\auproject\\20231227-yuan\\yuan-build-ci4\\app\\Views\\frontend\\include\\head.php', 1)
 2 SYSTEMPATH\View\View.php(228): include('D:\\auproject\\20231227-yuan\\yuan-build-ci4\\app\\Views\\frontend\\include\\head.php')
 3 SYSTEMPATH\View\View.php(231): CodeIgniter\View\View->CodeIgniter\View\{closure}()
 4 SYSTEMPATH\View\View.php(469): CodeIgniter\View\View->render('\\frontend\\include\\head', null, true)
 5 APPPATH\Views\frontend\layout\main.php(5): CodeIgniter\View\View->include('\\frontend\\include\\head')
 6 SYSTEMPATH\View\View.php(228): include('D:\\auproject\\20231227-yuan\\yuan-build-ci4\\app\\Views\\frontend\\layout\\main.php')
 7 SYSTEMPATH\View\View.php(231): CodeIgniter\View\View->CodeIgniter\View\{closure}()
 8 SYSTEMPATH\View\View.php(244): CodeIgniter\View\View->render('frontend/layout/main', [], true)
 9 SYSTEMPATH\Common.php(1178): CodeIgniter\View\View->render('frontend/home', [], true)
10 APPPATH\Controllers\BaseController.php(87): view('frontend/home', [...])
11 APPPATH\Controllers\Frontend\Home.php(10): App\Controllers\BaseController->renderView('frontend/home', '首頁')
12 SYSTEMPATH\CodeIgniter.php(941): App\Controllers\Frontend\Home->index()
13 SYSTEMPATH\CodeIgniter.php(502): CodeIgniter\CodeIgniter->runController(Object(App\Controllers\Frontend\Home))
14 SYSTEMPATH\CodeIgniter.php(361): CodeIgniter\CodeIgniter->handleRequest(null, Object(Config\Cache), false)
15 FCPATH\index.php(79): CodeIgniter\CodeIgniter->run()
CRITICAL - 2024-01-23 10:40:32 --> ErrorException: Undefined variable $pageTitle
in APPPATH\Views\frontend\layout\main.php on line 5.
 1 APPPATH\Views\frontend\layout\main.php(5): CodeIgniter\Debug\Exceptions->errorHandler(2, 'Undefined variable $pageTitle', 'D:\\auproject\\20231227-yuan\\yuan-build-ci4\\app\\Views\\frontend\\layout\\main.php', 5)
 2 SYSTEMPATH\View\View.php(228): include('D:\\auproject\\20231227-yuan\\yuan-build-ci4\\app\\Views\\frontend\\layout\\main.php')
 3 SYSTEMPATH\View\View.php(231): CodeIgniter\View\View->CodeIgniter\View\{closure}()
 4 SYSTEMPATH\View\View.php(244): CodeIgniter\View\View->render('frontend/layout/main', [], true)
 5 SYSTEMPATH\Common.php(1178): CodeIgniter\View\View->render('frontend/home', [], true)
 6 APPPATH\Controllers\BaseController.php(87): view('frontend/home', [...])
 7 APPPATH\Controllers\Frontend\Home.php(10): App\Controllers\BaseController->renderView('frontend/home', '首頁')
 8 SYSTEMPATH\CodeIgniter.php(941): App\Controllers\Frontend\Home->index()
 9 SYSTEMPATH\CodeIgniter.php(502): CodeIgniter\CodeIgniter->runController(Object(App\Controllers\Frontend\Home))
10 SYSTEMPATH\CodeIgniter.php(361): CodeIgniter\CodeIgniter->handleRequest(null, Object(Config\Cache), false)
11 FCPATH\index.php(79): CodeIgniter\CodeIgniter->run()
CRITICAL - 2024-01-23 10:40:41 --> ErrorException: Undefined variable $pageTitle
in APPPATH\Views\frontend\layout\main.php on line 5.
 1 APPPATH\Views\frontend\layout\main.php(5): CodeIgniter\Debug\Exceptions->errorHandler(2, 'Undefined variable $pageTitle', 'D:\\auproject\\20231227-yuan\\yuan-build-ci4\\app\\Views\\frontend\\layout\\main.php', 5)
 2 SYSTEMPATH\View\View.php(228): include('D:\\auproject\\20231227-yuan\\yuan-build-ci4\\app\\Views\\frontend\\layout\\main.php')
 3 SYSTEMPATH\View\View.php(231): CodeIgniter\View\View->CodeIgniter\View\{closure}()
 4 SYSTEMPATH\View\View.php(244): CodeIgniter\View\View->render('frontend/layout/main', [], true)
 5 SYSTEMPATH\Common.php(1178): CodeIgniter\View\View->render('frontend/home', [], true)
 6 APPPATH\Controllers\BaseController.php(87): view('frontend/home', [...])
 7 APPPATH\Controllers\Frontend\Home.php(10): App\Controllers\BaseController->renderView('frontend/home', '首頁')
 8 SYSTEMPATH\CodeIgniter.php(941): App\Controllers\Frontend\Home->index()
 9 SYSTEMPATH\CodeIgniter.php(502): CodeIgniter\CodeIgniter->runController(Object(App\Controllers\Frontend\Home))
10 SYSTEMPATH\CodeIgniter.php(361): CodeIgniter\CodeIgniter->handleRequest(null, Object(Config\Cache), false)
11 FCPATH\index.php(79): CodeIgniter\CodeIgniter->run()
CRITICAL - 2024-01-23 10:41:36 --> ErrorException: Undefined variable $pageTitle
in APPPATH\Views\frontend\home.php on line 1.
 1 APPPATH\Views\frontend\home.php(1): CodeIgniter\Debug\Exceptions->errorHandler(2, 'Undefined variable $pageTitle', 'D:\\auproject\\20231227-yuan\\yuan-build-ci4\\app\\Views\\frontend\\home.php', 1)
 2 SYSTEMPATH\View\View.php(228): include('D:\\auproject\\20231227-yuan\\yuan-build-ci4\\app\\Views\\frontend\\home.php')
 3 SYSTEMPATH\View\View.php(231): CodeIgniter\View\View->CodeIgniter\View\{closure}()
 4 SYSTEMPATH\Common.php(1178): CodeIgniter\View\View->render('frontend/home', [], true)
 5 APPPATH\Controllers\BaseController.php(87): view('frontend/home', [...])
 6 APPPATH\Controllers\Frontend\Home.php(10): App\Controllers\BaseController->renderView('frontend/home', '首頁')
 7 SYSTEMPATH\CodeIgniter.php(941): App\Controllers\Frontend\Home->index()
 8 SYSTEMPATH\CodeIgniter.php(502): CodeIgniter\CodeIgniter->runController(Object(App\Controllers\Frontend\Home))
 9 SYSTEMPATH\CodeIgniter.php(361): CodeIgniter\CodeIgniter->handleRequest(null, Object(Config\Cache), false)
10 FCPATH\index.php(79): CodeIgniter\CodeIgniter->run()
CRITICAL - 2024-01-23 10:41:38 --> ErrorException: Undefined variable $pageTitle
in APPPATH\Views\frontend\home.php on line 1.
 1 APPPATH\Views\frontend\home.php(1): CodeIgniter\Debug\Exceptions->errorHandler(2, 'Undefined variable $pageTitle', 'D:\\auproject\\20231227-yuan\\yuan-build-ci4\\app\\Views\\frontend\\home.php', 1)
 2 SYSTEMPATH\View\View.php(228): include('D:\\auproject\\20231227-yuan\\yuan-build-ci4\\app\\Views\\frontend\\home.php')
 3 SYSTEMPATH\View\View.php(231): CodeIgniter\View\View->CodeIgniter\View\{closure}()
 4 SYSTEMPATH\Common.php(1178): CodeIgniter\View\View->render('frontend/home', [], true)
 5 APPPATH\Controllers\BaseController.php(87): view('frontend/home', [...])
 6 APPPATH\Controllers\Frontend\Home.php(10): App\Controllers\BaseController->renderView('frontend/home', '首頁')
 7 SYSTEMPATH\CodeIgniter.php(941): App\Controllers\Frontend\Home->index()
 8 SYSTEMPATH\CodeIgniter.php(502): CodeIgniter\CodeIgniter->runController(Object(App\Controllers\Frontend\Home))
 9 SYSTEMPATH\CodeIgniter.php(361): CodeIgniter\CodeIgniter->handleRequest(null, Object(Config\Cache), false)
10 FCPATH\index.php(79): CodeIgniter\CodeIgniter->run()
CRITICAL - 2024-01-23 10:43:23 --> ErrorException: Undefined variable $pageTitle
in APPPATH\Views\frontend\layout\main.php on line 5.
 1 APPPATH\Views\frontend\layout\main.php(5): CodeIgniter\Debug\Exceptions->errorHandler(2, 'Undefined variable $pageTitle', 'D:\\auproject\\20231227-yuan\\yuan-build-ci4\\app\\Views\\frontend\\layout\\main.php', 5)
 2 SYSTEMPATH\View\View.php(228): include('D:\\auproject\\20231227-yuan\\yuan-build-ci4\\app\\Views\\frontend\\layout\\main.php')
 3 SYSTEMPATH\View\View.php(231): CodeIgniter\View\View->CodeIgniter\View\{closure}()
 4 SYSTEMPATH\View\View.php(244): CodeIgniter\View\View->render('frontend/layout/main', [], true)
 5 SYSTEMPATH\Common.php(1178): CodeIgniter\View\View->render('frontend/home', [], true)
 6 APPPATH\Controllers\BaseController.php(87): view('frontend/home', [...])
 7 APPPATH\Controllers\Frontend\Home.php(10): App\Controllers\BaseController->renderView('frontend/home', '首頁')
 8 SYSTEMPATH\CodeIgniter.php(941): App\Controllers\Frontend\Home->index()
 9 SYSTEMPATH\CodeIgniter.php(502): CodeIgniter\CodeIgniter->runController(Object(App\Controllers\Frontend\Home))
10 SYSTEMPATH\CodeIgniter.php(361): CodeIgniter\CodeIgniter->handleRequest(null, Object(Config\Cache), false)
11 FCPATH\index.php(79): CodeIgniter\CodeIgniter->run()
CRITICAL - 2024-01-23 10:45:13 --> ErrorException: Undefined variable $pageTitle
in APPPATH\Views\backend\login.php on line 5.
 1 APPPATH\Views\backend\login.php(5): CodeIgniter\Debug\Exceptions->errorHandler(2, 'Undefined variable $pageTitle', 'D:\\auproject\\20231227-yuan\\yuan-build-ci4\\app\\Views\\backend\\login.php', 5)
 2 SYSTEMPATH\View\View.php(228): include('D:\\auproject\\20231227-yuan\\yuan-build-ci4\\app\\Views\\backend\\login.php')
 3 SYSTEMPATH\View\View.php(231): CodeIgniter\View\View->CodeIgniter\View\{closure}()
 4 SYSTEMPATH\Common.php(1178): CodeIgniter\View\View->render('backend/login', [], true)
 5 APPPATH\Controllers\BaseController.php(87): view('backend/login', [...])
 6 APPPATH\Controllers\Backend\Auth.php(10): App\Controllers\BaseController->renderView('backend/login', '登入')
 7 SYSTEMPATH\CodeIgniter.php(941): App\Controllers\Backend\Auth->login()
 8 SYSTEMPATH\CodeIgniter.php(502): CodeIgniter\CodeIgniter->runController(Object(App\Controllers\Backend\Auth))
 9 SYSTEMPATH\CodeIgniter.php(361): CodeIgniter\CodeIgniter->handleRequest(null, Object(Config\Cache), false)
10 FCPATH\index.php(79): CodeIgniter\CodeIgniter->run()
CRITICAL - 2024-01-23 13:27:39 --> ErrorException: Undefined variable $pageTitle
in APPPATH\Views\frontend\include\head.php on line 1.
 1 APPPATH\Views\frontend\include\head.php(1): CodeIgniter\Debug\Exceptions->errorHandler(2, 'Undefined variable $pageTitle', 'D:\\auproject\\20231227-yuan\\yuan-build-ci4\\app\\Views\\frontend\\include\\head.php', 1)
 2 SYSTEMPATH\View\View.php(228): include('D:\\auproject\\20231227-yuan\\yuan-build-ci4\\app\\Views\\frontend\\include\\head.php')
 3 SYSTEMPATH\View\View.php(231): CodeIgniter\View\View->CodeIgniter\View\{closure}()
 4 SYSTEMPATH\View\View.php(469): CodeIgniter\View\View->render('frontend/include/head', null, true)
 5 APPPATH\Views\frontend\layout\main.php(5): CodeIgniter\View\View->include('frontend/include/head')
 6 SYSTEMPATH\View\View.php(228): include('D:\\auproject\\20231227-yuan\\yuan-build-ci4\\app\\Views\\frontend\\layout\\main.php')
 7 SYSTEMPATH\View\View.php(231): CodeIgniter\View\View->CodeIgniter\View\{closure}()
 8 SYSTEMPATH\View\View.php(244): CodeIgniter\View\View->render('frontend/layout/main', [], true)
 9 SYSTEMPATH\Common.php(1178): CodeIgniter\View\View->render('frontend/home', [], true)
10 APPPATH\Controllers\BaseController.php(87): view('frontend/home', [...])
11 APPPATH\Controllers\Frontend\Home.php(10): App\Controllers\BaseController->renderView('frontend/home', '首頁')
12 SYSTEMPATH\CodeIgniter.php(941): App\Controllers\Frontend\Home->index()
13 SYSTEMPATH\CodeIgniter.php(502): CodeIgniter\CodeIgniter->runController(Object(App\Controllers\Frontend\Home))
14 SYSTEMPATH\CodeIgniter.php(361): CodeIgniter\CodeIgniter->handleRequest(null, Object(Config\Cache), false)
15 FCPATH\index.php(79): CodeIgniter\CodeIgniter->run()
