CRITICAL - 2024-01-24 14:32:41 --> ErrorException: Undefined variable $pageTitle
in APPPATH\Views\backend\include\head.php on line 1.
 1 APPPATH\Views\backend\include\head.php(1): CodeIgniter\Debug\Exceptions->errorHandler(2, 'Undefined variable $pageTitle', 'D:\\auproject\\20231227-yuan\\yuan-build-ci4\\app\\Views\\backend\\include\\head.php', 1)
 2 SYSTEMPATH\View\View.php(228): include('D:\\auproject\\20231227-yuan\\yuan-build-ci4\\app\\Views\\backend\\include\\head.php')
 3 SYSTEMPATH\View\View.php(231): CodeIgniter\View\View->CodeIgniter\View\{closure}()
 4 SYSTEMPATH\View\View.php(469): CodeIgniter\View\View->render('backend/include/head', null, true)
 5 APPPATH\Views\backend\login.php(5): CodeIgniter\View\View->include('backend/include/head')
 6 SYSTEMPATH\View\View.php(228): include('D:\\auproject\\20231227-yuan\\yuan-build-ci4\\app\\Views\\backend\\login.php')
 7 SYSTEMPATH\View\View.php(231): CodeIgniter\View\View->CodeIgniter\View\{closure}()
 8 SYSTEMPATH\Common.php(1178): CodeIgniter\View\View->render('backend/login', [], true)
 9 APPPATH\Controllers\BaseController.php(87): view('backend/login', [...])
10 APPPATH\Controllers\Backend\Home.php(10): App\Controllers\BaseController->renderView('backend/login', '登入')
11 SYSTEMPATH\CodeIgniter.php(941): App\Controllers\Backend\Home->login()
12 SYSTEMPATH\CodeIgniter.php(502): CodeIgniter\CodeIgniter->runController(Object(App\Controllers\Backend\Home))
13 SYSTEMPATH\CodeIgniter.php(361): CodeIgniter\CodeIgniter->handleRequest(null, Object(Config\Cache), false)
14 FCPATH\index.php(79): CodeIgniter\CodeIgniter->run()
CRITICAL - 2024-01-24 20:49:29 --> CodeIgniter\View\Exceptions\ViewException: Invalid file: "backend/form_home_appliances.php"
in SYSTEMPATH\Exceptions\FrameworkException.php on line 39.
 1 SYSTEMPATH\View\View.php(216): CodeIgniter\Exceptions\FrameworkException::forInvalidFile('backend/form_home_appliances.php')
 2 SYSTEMPATH\Common.php(1178): CodeIgniter\View\View->render('backend/form_home_appliances', [], true)
 3 APPPATH\Controllers\BaseController.php(87): view('backend/form_home_appliances', [...])
 4 APPPATH\Controllers\Backend\Form.php(10): App\Controllers\BaseController->renderView('backend/form_home_appliances', '登入')
 5 SYSTEMPATH\CodeIgniter.php(941): App\Controllers\Backend\Form->homeAppliances()
 6 SYSTEMPATH\CodeIgniter.php(502): CodeIgniter\CodeIgniter->runController(Object(App\Controllers\Backend\Form))
 7 SYSTEMPATH\CodeIgniter.php(361): CodeIgniter\CodeIgniter->handleRequest(null, Object(Config\Cache), false)
 8 FCPATH\index.php(79): CodeIgniter\CodeIgniter->run()
CRITICAL - 2024-01-24 20:49:57 --> CodeIgniter\View\Exceptions\ViewException: Invalid file: "backend/form_home_appliances.php"
in SYSTEMPATH\Exceptions\FrameworkException.php on line 39.
 1 SYSTEMPATH\View\View.php(216): CodeIgniter\Exceptions\FrameworkException::forInvalidFile('backend/form_home_appliances.php')
 2 SYSTEMPATH\Common.php(1178): CodeIgniter\View\View->render('backend/form_home_appliances', [], true)
 3 APPPATH\Controllers\BaseController.php(87): view('backend/form_home_appliances', [...])
 4 APPPATH\Controllers\Backend\Form.php(10): App\Controllers\BaseController->renderView('backend/form_home_appliances', '登入')
 5 SYSTEMPATH\CodeIgniter.php(941): App\Controllers\Backend\Form->homeAppliances()
 6 SYSTEMPATH\CodeIgniter.php(502): CodeIgniter\CodeIgniter->runController(Object(App\Controllers\Backend\Form))
 7 SYSTEMPATH\CodeIgniter.php(361): CodeIgniter\CodeIgniter->handleRequest(null, Object(Config\Cache), false)
 8 FCPATH\index.php(79): CodeIgniter\CodeIgniter->run()
CRITICAL - 2024-01-24 21:15:34 --> CodeIgniter\View\Exceptions\ViewException: Invalid file: "include/datatable.php"
in SYSTEMPATH\Exceptions\FrameworkException.php on line 39.
 1 SYSTEMPATH\View\View.php(216): CodeIgniter\Exceptions\FrameworkException::forInvalidFile('include/datatable.php')
 2 SYSTEMPATH\View\View.php(469): CodeIgniter\View\View->render('include/datatable', null, true)
 3 APPPATH\Views\backend\form_home_appliances.php(13): CodeIgniter\View\View->include('include/datatable')
 4 SYSTEMPATH\View\View.php(228): include('D:\\auproject\\20231227-yuan\\yuan-build-ci4\\app\\Views\\backend\\form_home_appliances.php')
 5 SYSTEMPATH\View\View.php(231): CodeIgniter\View\View->CodeIgniter\View\{closure}()
 6 SYSTEMPATH\Common.php(1178): CodeIgniter\View\View->render('backend/form_home_appliances', [], true)
 7 APPPATH\Controllers\BaseController.php(87): view('backend/form_home_appliances', [...])
 8 APPPATH\Controllers\Backend\Form.php(10): App\Controllers\BaseController->renderView('backend/form_home_appliances', '精品家電問卷')
 9 SYSTEMPATH\CodeIgniter.php(941): App\Controllers\Backend\Form->homeAppliances()
10 SYSTEMPATH\CodeIgniter.php(502): CodeIgniter\CodeIgniter->runController(Object(App\Controllers\Backend\Form))
11 SYSTEMPATH\CodeIgniter.php(361): CodeIgniter\CodeIgniter->handleRequest(null, Object(Config\Cache), false)
12 FCPATH\index.php(79): CodeIgniter\CodeIgniter->run()
