CRITICAL - 2024-01-16 04:57:43 --> ErrorException: Undefined variable $page_title
in APPPATH\Views\home.php on line 3.
 1 APPPATH\Views\home.php(3): CodeIgniter\Debug\Exceptions->errorHandler(2, 'Undefined variable $page_title', 'D:\\auproject\\20231227-yuan\\yuan-build-ci4\\app\\Views\\home.php', 3)
 2 SYSTEMPATH\View\View.php(228): include('D:\\auproject\\20231227-yuan\\yuan-build-ci4\\app\\Views\\home.php')
 3 SYSTEMPATH\View\View.php(231): CodeIgniter\View\View->CodeIgniter\View\{closure}()
 4 SYSTEMPATH\Common.php(1178): CodeIgniter\View\View->render('home', [], true)
 5 APPPATH\Controllers\Home.php(9): view('home')
 6 SYSTEMPATH\CodeIgniter.php(941): App\Controllers\Home->index()
 7 SYSTEMPATH\CodeIgniter.php(502): CodeIgniter\CodeIgniter->runController(Object(App\Controllers\Home))
 8 SYSTEMPATH\CodeIgniter.php(361): CodeIgniter\CodeIgniter->handleRequest(null, Object(Config\Cache), false)
 9 FCPATH\index.php(79): CodeIgniter\CodeIgniter->run()
CRITICAL - 2024-01-16 04:58:03 --> ErrorException: Undefined variable $page_title
in APPPATH\Views\home.php on line 3.
 1 APPPATH\Views\home.php(3): CodeIgniter\Debug\Exceptions->errorHandler(2, 'Undefined variable $page_title', 'D:\\auproject\\20231227-yuan\\yuan-build-ci4\\app\\Views\\home.php', 3)
 2 SYSTEMPATH\View\View.php(228): include('D:\\auproject\\20231227-yuan\\yuan-build-ci4\\app\\Views\\home.php')
 3 SYSTEMPATH\View\View.php(231): CodeIgniter\View\View->CodeIgniter\View\{closure}()
 4 SYSTEMPATH\Common.php(1178): CodeIgniter\View\View->render('home', [], true)
 5 APPPATH\Controllers\Home.php(9): view('home')
 6 SYSTEMPATH\CodeIgniter.php(941): App\Controllers\Home->index()
 7 SYSTEMPATH\CodeIgniter.php(502): CodeIgniter\CodeIgniter->runController(Object(App\Controllers\Home))
 8 SYSTEMPATH\CodeIgniter.php(361): CodeIgniter\CodeIgniter->handleRequest(null, Object(Config\Cache), false)
 9 FCPATH\index.php(79): CodeIgniter\CodeIgniter->run()
CRITICAL - 2024-01-16 06:21:32 --> ErrorException: Undefined variable $page_title
in APPPATH\Views\home.php on line 3.
 1 APPPATH\Views\home.php(3): CodeIgniter\Debug\Exceptions->errorHandler(2, 'Undefined variable $page_title', 'D:\\auproject\\20231227-yuan\\yuan-build-ci4\\app\\Views\\home.php', 3)
 2 SYSTEMPATH\View\View.php(228): include('D:\\auproject\\20231227-yuan\\yuan-build-ci4\\app\\Views\\home.php')
 3 SYSTEMPATH\View\View.php(231): CodeIgniter\View\View->CodeIgniter\View\{closure}()
 4 SYSTEMPATH\Common.php(1178): CodeIgniter\View\View->render('home', [], true)
 5 APPPATH\Controllers\Home.php(9): view('home')
 6 SYSTEMPATH\CodeIgniter.php(941): App\Controllers\Home->index()
 7 SYSTEMPATH\CodeIgniter.php(502): CodeIgniter\CodeIgniter->runController(Object(App\Controllers\Home))
 8 SYSTEMPATH\CodeIgniter.php(361): CodeIgniter\CodeIgniter->handleRequest(null, Object(Config\Cache), false)
 9 FCPATH\index.php(79): CodeIgniter\CodeIgniter->run()
CRITICAL - 2024-01-16 06:57:44 --> ErrorException: Undefined variable $page_title
in APPPATH\Views\home.php on line 3.
 1 APPPATH\Views\home.php(3): CodeIgniter\Debug\Exceptions->errorHandler(2, 'Undefined variable $page_title', 'D:\\auproject\\20231227-yuan\\yuan-build-ci4\\app\\Views\\home.php', 3)
 2 SYSTEMPATH\View\View.php(228): include('D:\\auproject\\20231227-yuan\\yuan-build-ci4\\app\\Views\\home.php')
 3 SYSTEMPATH\View\View.php(231): CodeIgniter\View\View->CodeIgniter\View\{closure}()
 4 SYSTEMPATH\Common.php(1178): CodeIgniter\View\View->render('home', [], true)
 5 APPPATH\Controllers\Home.php(9): view('home')
 6 SYSTEMPATH\CodeIgniter.php(941): App\Controllers\Home->index()
 7 SYSTEMPATH\CodeIgniter.php(502): CodeIgniter\CodeIgniter->runController(Object(App\Controllers\Home))
 8 SYSTEMPATH\CodeIgniter.php(361): CodeIgniter\CodeIgniter->handleRequest(null, Object(Config\Cache), false)
 9 FCPATH\index.php(79): CodeIgniter\CodeIgniter->run()
CRITICAL - 2024-01-16 07:39:03 --> ErrorException: Undefined variable $page_title
in APPPATH\Views\home.php on line 3.
 1 APPPATH\Views\home.php(3): CodeIgniter\Debug\Exceptions->errorHandler(2, 'Undefined variable $page_title', 'D:\\auproject\\20231227-yuan\\yuan-build-ci4\\app\\Views\\home.php', 3)
 2 SYSTEMPATH\View\View.php(228): include('D:\\auproject\\20231227-yuan\\yuan-build-ci4\\app\\Views\\home.php')
 3 SYSTEMPATH\View\View.php(231): CodeIgniter\View\View->CodeIgniter\View\{closure}()
 4 SYSTEMPATH\Common.php(1178): CodeIgniter\View\View->render('home', [], true)
 5 APPPATH\Controllers\Home.php(9): view('home')
 6 SYSTEMPATH\CodeIgniter.php(941): App\Controllers\Home->index()
 7 SYSTEMPATH\CodeIgniter.php(502): CodeIgniter\CodeIgniter->runController(Object(App\Controllers\Home))
 8 SYSTEMPATH\CodeIgniter.php(361): CodeIgniter\CodeIgniter->handleRequest(null, Object(Config\Cache), false)
 9 FCPATH\index.php(79): CodeIgniter\CodeIgniter->run()
CRITICAL - 2024-01-16 07:39:31 --> ErrorException: Undefined variable $page_title
in APPPATH\Views\home.php on line 3.
 1 APPPATH\Views\home.php(3): CodeIgniter\Debug\Exceptions->errorHandler(2, 'Undefined variable $page_title', 'D:\\auproject\\20231227-yuan\\yuan-build-ci4\\app\\Views\\home.php', 3)
 2 SYSTEMPATH\View\View.php(228): include('D:\\auproject\\20231227-yuan\\yuan-build-ci4\\app\\Views\\home.php')
 3 SYSTEMPATH\View\View.php(231): CodeIgniter\View\View->CodeIgniter\View\{closure}()
 4 SYSTEMPATH\Common.php(1178): CodeIgniter\View\View->render('home', [], true)
 5 APPPATH\Controllers\Home.php(9): view('home')
 6 SYSTEMPATH\CodeIgniter.php(941): App\Controllers\Home->index()
 7 SYSTEMPATH\CodeIgniter.php(502): CodeIgniter\CodeIgniter->runController(Object(App\Controllers\Home))
 8 SYSTEMPATH\CodeIgniter.php(361): CodeIgniter\CodeIgniter->handleRequest(null, Object(Config\Cache), false)
 9 FCPATH\index.php(79): CodeIgniter\CodeIgniter->run()
CRITICAL - 2024-01-16 07:40:07 --> ErrorException: Undefined variable $page_title
in APPPATH\Views\home.php on line 3.
 1 APPPATH\Views\home.php(3): CodeIgniter\Debug\Exceptions->errorHandler(2, 'Undefined variable $page_title', 'D:\\auproject\\20231227-yuan\\yuan-build-ci4\\app\\Views\\home.php', 3)
 2 SYSTEMPATH\View\View.php(228): include('D:\\auproject\\20231227-yuan\\yuan-build-ci4\\app\\Views\\home.php')
 3 SYSTEMPATH\View\View.php(231): CodeIgniter\View\View->CodeIgniter\View\{closure}()
 4 SYSTEMPATH\Common.php(1178): CodeIgniter\View\View->render('home', [], true)
 5 APPPATH\Controllers\Home.php(9): view('home')
 6 SYSTEMPATH\CodeIgniter.php(941): App\Controllers\Home->index()
 7 SYSTEMPATH\CodeIgniter.php(502): CodeIgniter\CodeIgniter->runController(Object(App\Controllers\Home))
 8 SYSTEMPATH\CodeIgniter.php(361): CodeIgniter\CodeIgniter->handleRequest(null, Object(Config\Cache), false)
 9 FCPATH\index.php(79): CodeIgniter\CodeIgniter->run()
CRITICAL - 2024-01-16 07:52:14 --> Error: Class "App\Controllers\Frontend\BaseController" not found
in APPPATH\Controllers\Frontend\Home.php on line 5.
 1 SYSTEMPATH\Autoloader\Autoloader.php(309): include_once()
 2 SYSTEMPATH\Autoloader\Autoloader.php(288): CodeIgniter\Autoloader\Autoloader->includeFile('D:\\auproject\\20231227-yuan\\yuan-build-ci4\\app\\Controllers\\Frontend\\Home.php')
 3 SYSTEMPATH\Autoloader\Autoloader.php(266): CodeIgniter\Autoloader\Autoloader->loadInNamespace('App\\Controllers\\Frontend\\Home')
 4 [internal function]: CodeIgniter\Autoloader\Autoloader->loadClass('App\\Controllers\\Frontend\\Home')
 5 SYSTEMPATH\CodeIgniter.php(899): class_exists('\\App\\Controllers\\Frontend\\Home', true)
 6 SYSTEMPATH\CodeIgniter.php(489): CodeIgniter\CodeIgniter->startController()
 7 SYSTEMPATH\CodeIgniter.php(361): CodeIgniter\CodeIgniter->handleRequest(null, Object(Config\Cache), false)
 8 FCPATH\index.php(79): CodeIgniter\CodeIgniter->run()
CRITICAL - 2024-01-16 07:52:22 --> ErrorException: Undefined variable $page_title
in APPPATH\Views\frontend\home.php on line 3.
 1 APPPATH\Views\frontend\home.php(3): CodeIgniter\Debug\Exceptions->errorHandler(2, 'Undefined variable $page_title', 'D:\\auproject\\20231227-yuan\\yuan-build-ci4\\app\\Views\\frontend\\home.php', 3)
 2 SYSTEMPATH\View\View.php(228): include('D:\\auproject\\20231227-yuan\\yuan-build-ci4\\app\\Views\\frontend\\home.php')
 3 SYSTEMPATH\View\View.php(231): CodeIgniter\View\View->CodeIgniter\View\{closure}()
 4 SYSTEMPATH\Common.php(1178): CodeIgniter\View\View->render('frontend/home', [], true)
 5 APPPATH\Controllers\Frontend\Home.php(10): view('frontend/home')
 6 SYSTEMPATH\CodeIgniter.php(941): App\Controllers\Frontend\Home->index()
 7 SYSTEMPATH\CodeIgniter.php(502): CodeIgniter\CodeIgniter->runController(Object(App\Controllers\Frontend\Home))
 8 SYSTEMPATH\CodeIgniter.php(361): CodeIgniter\CodeIgniter->handleRequest(null, Object(Config\Cache), false)
 9 FCPATH\index.php(79): CodeIgniter\CodeIgniter->run()
CRITICAL - 2024-01-16 07:53:06 --> CodeIgniter\View\Exceptions\ViewException: Invalid file: "layout/default.php"
in SYSTEMPATH\Exceptions\FrameworkException.php on line 39.
 1 SYSTEMPATH\View\View.php(216): CodeIgniter\Exceptions\FrameworkException::forInvalidFile('layout/default.php')
 2 SYSTEMPATH\View\View.php(244): CodeIgniter\View\View->render('layout/default', [], true)
 3 SYSTEMPATH\Common.php(1178): CodeIgniter\View\View->render('frontend/home', [], true)
 4 APPPATH\Controllers\BaseController.php(84): view('frontend/home', [...])
 5 APPPATH\Controllers\Frontend\Home.php(10): App\Controllers\BaseController->renderView('frontend/home', '首頁')
 6 SYSTEMPATH\CodeIgniter.php(941): App\Controllers\Frontend\Home->index()
 7 SYSTEMPATH\CodeIgniter.php(502): CodeIgniter\CodeIgniter->runController(Object(App\Controllers\Frontend\Home))
 8 SYSTEMPATH\CodeIgniter.php(361): CodeIgniter\CodeIgniter->handleRequest(null, Object(Config\Cache), false)
 9 FCPATH\index.php(79): CodeIgniter\CodeIgniter->run()
CRITICAL - 2024-01-16 08:33:38 --> CodeIgniter\View\Exceptions\ViewException: Invalid file: "include/head.php"
in SYSTEMPATH\Exceptions\FrameworkException.php on line 39.
 1 SYSTEMPATH\View\View.php(216): CodeIgniter\Exceptions\FrameworkException::forInvalidFile('include/head.php')
 2 SYSTEMPATH\View\View.php(469): CodeIgniter\View\View->render('include/head', null, true)
 3 APPPATH\Views\frontend\layout\default.php(7): CodeIgniter\View\View->include('include/head')
 4 SYSTEMPATH\View\View.php(228): include('D:\\auproject\\20231227-yuan\\yuan-build-ci4\\app\\Views\\frontend\\layout\\default.php')
 5 SYSTEMPATH\View\View.php(231): CodeIgniter\View\View->CodeIgniter\View\{closure}()
 6 SYSTEMPATH\View\View.php(244): CodeIgniter\View\View->render('frontend/layout/default', [], true)
 7 SYSTEMPATH\Common.php(1178): CodeIgniter\View\View->render('frontend/home', [], true)
 8 APPPATH\Controllers\BaseController.php(84): view('frontend/home', [...])
 9 APPPATH\Controllers\Frontend\Home.php(10): App\Controllers\BaseController->renderView('frontend/home', '首頁')
10 SYSTEMPATH\CodeIgniter.php(941): App\Controllers\Frontend\Home->index()
11 SYSTEMPATH\CodeIgniter.php(502): CodeIgniter\CodeIgniter->runController(Object(App\Controllers\Frontend\Home))
12 SYSTEMPATH\CodeIgniter.php(361): CodeIgniter\CodeIgniter->handleRequest(null, Object(Config\Cache), false)
13 FCPATH\index.php(79): CodeIgniter\CodeIgniter->run()
CRITICAL - 2024-01-16 08:35:03 --> CodeIgniter\View\Exceptions\ViewException: Invalid file: "include/favicon.php"
in SYSTEMPATH\Exceptions\FrameworkException.php on line 39.
 1 SYSTEMPATH\View\View.php(216): CodeIgniter\Exceptions\FrameworkException::forInvalidFile('include/favicon.php')
 2 SYSTEMPATH\View\View.php(469): CodeIgniter\View\View->render('include/favicon', null, true)
 3 APPPATH\Views\frontend\include\head.php(7): CodeIgniter\View\View->include('include/favicon')
 4 SYSTEMPATH\View\View.php(228): include('D:\\auproject\\20231227-yuan\\yuan-build-ci4\\app\\Views\\frontend\\include\\head.php')
 5 SYSTEMPATH\View\View.php(231): CodeIgniter\View\View->CodeIgniter\View\{closure}()
 6 SYSTEMPATH\View\View.php(469): CodeIgniter\View\View->render('frontend/include/head', null, true)
 7 APPPATH\Views\frontend\layout\default.php(7): CodeIgniter\View\View->include('frontend/include/head')
 8 SYSTEMPATH\View\View.php(228): include('D:\\auproject\\20231227-yuan\\yuan-build-ci4\\app\\Views\\frontend\\layout\\default.php')
 9 SYSTEMPATH\View\View.php(231): CodeIgniter\View\View->CodeIgniter\View\{closure}()
10 SYSTEMPATH\View\View.php(244): CodeIgniter\View\View->render('frontend/layout/default', [], true)
11 SYSTEMPATH\Common.php(1178): CodeIgniter\View\View->render('frontend/home', [], true)
12 APPPATH\Controllers\BaseController.php(84): view('frontend/home', [...])
13 APPPATH\Controllers\Frontend\Home.php(10): App\Controllers\BaseController->renderView('frontend/home', '首頁')
14 SYSTEMPATH\CodeIgniter.php(941): App\Controllers\Frontend\Home->index()
15 SYSTEMPATH\CodeIgniter.php(502): CodeIgniter\CodeIgniter->runController(Object(App\Controllers\Frontend\Home))
16 SYSTEMPATH\CodeIgniter.php(361): CodeIgniter\CodeIgniter->handleRequest(null, Object(Config\Cache), false)
17 FCPATH\index.php(79): CodeIgniter\CodeIgniter->run()
CRITICAL - 2024-01-16 09:03:04 --> CodeIgniter\View\Exceptions\ViewException: Invalid file: "include/favicon.php"
in SYSTEMPATH\Exceptions\FrameworkException.php on line 39.
 1 SYSTEMPATH\View\View.php(216): CodeIgniter\Exceptions\FrameworkException::forInvalidFile('include/favicon.php')
 2 SYSTEMPATH\View\View.php(469): CodeIgniter\View\View->render('include/favicon', null, true)
 3 APPPATH\Views\frontend\include\head.php(7): CodeIgniter\View\View->include('include/favicon')
 4 SYSTEMPATH\View\View.php(228): include('D:\\auproject\\20231227-yuan\\yuan-build-ci4\\app\\Views\\frontend\\include\\head.php')
 5 SYSTEMPATH\View\View.php(231): CodeIgniter\View\View->CodeIgniter\View\{closure}()
 6 SYSTEMPATH\View\View.php(469): CodeIgniter\View\View->render('frontend/include/head', null, true)
 7 APPPATH\Views\frontend\layout\default.php(7): CodeIgniter\View\View->include('frontend/include/head')
 8 SYSTEMPATH\View\View.php(228): include('D:\\auproject\\20231227-yuan\\yuan-build-ci4\\app\\Views\\frontend\\layout\\default.php')
 9 SYSTEMPATH\View\View.php(231): CodeIgniter\View\View->CodeIgniter\View\{closure}()
10 SYSTEMPATH\View\View.php(244): CodeIgniter\View\View->render('frontend/layout/default', [], true)
11 SYSTEMPATH\Common.php(1178): CodeIgniter\View\View->render('frontend/home', [], true)
12 APPPATH\Controllers\BaseController.php(84): view('frontend/home', [...])
13 APPPATH\Controllers\Frontend\Home.php(10): App\Controllers\BaseController->renderView('frontend/home', '首頁')
14 SYSTEMPATH\CodeIgniter.php(941): App\Controllers\Frontend\Home->index()
15 SYSTEMPATH\CodeIgniter.php(502): CodeIgniter\CodeIgniter->runController(Object(App\Controllers\Frontend\Home))
16 SYSTEMPATH\CodeIgniter.php(361): CodeIgniter\CodeIgniter->handleRequest(null, Object(Config\Cache), false)
17 FCPATH\index.php(79): CodeIgniter\CodeIgniter->run()
CRITICAL - 2024-01-16 09:42:29 --> CodeIgniter\View\Exceptions\ViewException: Invalid file: "include/favicon.php"
in SYSTEMPATH\Exceptions\FrameworkException.php on line 39.
 1 SYSTEMPATH\View\View.php(216): CodeIgniter\Exceptions\FrameworkException::forInvalidFile('include/favicon.php')
 2 SYSTEMPATH\View\View.php(469): CodeIgniter\View\View->render('include/favicon', null, true)
 3 APPPATH\Views\frontend\include\head.php(7): CodeIgniter\View\View->include('include/favicon')
 4 SYSTEMPATH\View\View.php(228): include('D:\\auproject\\20231227-yuan\\yuan-build-ci4\\app\\Views\\frontend\\include\\head.php')
 5 SYSTEMPATH\View\View.php(231): CodeIgniter\View\View->CodeIgniter\View\{closure}()
 6 SYSTEMPATH\View\View.php(469): CodeIgniter\View\View->render('frontend/include/head', null, true)
 7 APPPATH\Views\frontend\layout\default.php(7): CodeIgniter\View\View->include('frontend/include/head')
 8 SYSTEMPATH\View\View.php(228): include('D:\\auproject\\20231227-yuan\\yuan-build-ci4\\app\\Views\\frontend\\layout\\default.php')
 9 SYSTEMPATH\View\View.php(231): CodeIgniter\View\View->CodeIgniter\View\{closure}()
10 SYSTEMPATH\View\View.php(244): CodeIgniter\View\View->render('frontend/layout/default', [], true)
11 SYSTEMPATH\Common.php(1178): CodeIgniter\View\View->render('frontend/home', [], true)
12 APPPATH\Controllers\BaseController.php(84): view('frontend/home', [...])
13 APPPATH\Controllers\Frontend\Home.php(10): App\Controllers\BaseController->renderView('frontend/home', '首頁')
14 SYSTEMPATH\CodeIgniter.php(941): App\Controllers\Frontend\Home->index()
15 SYSTEMPATH\CodeIgniter.php(502): CodeIgniter\CodeIgniter->runController(Object(App\Controllers\Frontend\Home))
16 SYSTEMPATH\CodeIgniter.php(361): CodeIgniter\CodeIgniter->handleRequest(null, Object(Config\Cache), false)
17 FCPATH\index.php(79): CodeIgniter\CodeIgniter->run()
CRITICAL - 2024-01-16 09:42:29 --> CodeIgniter\View\Exceptions\ViewException: Invalid file: "include/favicon.php"
in SYSTEMPATH\Exceptions\FrameworkException.php on line 39.
 1 SYSTEMPATH\View\View.php(216): CodeIgniter\Exceptions\FrameworkException::forInvalidFile('include/favicon.php')
 2 SYSTEMPATH\View\View.php(469): CodeIgniter\View\View->render('include/favicon', null, true)
 3 APPPATH\Views\frontend\include\head.php(7): CodeIgniter\View\View->include('include/favicon')
 4 SYSTEMPATH\View\View.php(228): include('D:\\auproject\\20231227-yuan\\yuan-build-ci4\\app\\Views\\frontend\\include\\head.php')
 5 SYSTEMPATH\View\View.php(231): CodeIgniter\View\View->CodeIgniter\View\{closure}()
 6 SYSTEMPATH\View\View.php(469): CodeIgniter\View\View->render('frontend/include/head', null, true)
 7 APPPATH\Views\frontend\layout\default.php(7): CodeIgniter\View\View->include('frontend/include/head')
 8 SYSTEMPATH\View\View.php(228): include('D:\\auproject\\20231227-yuan\\yuan-build-ci4\\app\\Views\\frontend\\layout\\default.php')
 9 SYSTEMPATH\View\View.php(231): CodeIgniter\View\View->CodeIgniter\View\{closure}()
10 SYSTEMPATH\View\View.php(244): CodeIgniter\View\View->render('frontend/layout/default', [], true)
11 SYSTEMPATH\Common.php(1178): CodeIgniter\View\View->render('frontend/home', [], true)
12 APPPATH\Controllers\BaseController.php(84): view('frontend/home', [...])
13 APPPATH\Controllers\Frontend\Home.php(10): App\Controllers\BaseController->renderView('frontend/home', '首頁')
14 SYSTEMPATH\CodeIgniter.php(941): App\Controllers\Frontend\Home->index()
15 SYSTEMPATH\CodeIgniter.php(502): CodeIgniter\CodeIgniter->runController(Object(App\Controllers\Frontend\Home))
16 SYSTEMPATH\CodeIgniter.php(361): CodeIgniter\CodeIgniter->handleRequest(null, Object(Config\Cache), false)
17 FCPATH\index.php(79): CodeIgniter\CodeIgniter->run()
CRITICAL - 2024-01-16 09:43:46 --> CodeIgniter\View\Exceptions\ViewException: Invalid file: "include/favicon.php"
in SYSTEMPATH\Exceptions\FrameworkException.php on line 39.
 1 SYSTEMPATH\View\View.php(216): CodeIgniter\Exceptions\FrameworkException::forInvalidFile('include/favicon.php')
 2 SYSTEMPATH\View\View.php(469): CodeIgniter\View\View->render('include/favicon', null, true)
 3 APPPATH\Views\frontend\include\head.php(7): CodeIgniter\View\View->include('include/favicon')
 4 SYSTEMPATH\View\View.php(228): include('D:\\auproject\\20231227-yuan\\yuan-build-ci4\\app\\Views\\frontend\\include\\head.php')
 5 SYSTEMPATH\View\View.php(231): CodeIgniter\View\View->CodeIgniter\View\{closure}()
 6 SYSTEMPATH\View\View.php(469): CodeIgniter\View\View->render('frontend/include/head', null, true)
 7 APPPATH\Views\frontend\layout\default.php(7): CodeIgniter\View\View->include('frontend/include/head')
 8 SYSTEMPATH\View\View.php(228): include('D:\\auproject\\20231227-yuan\\yuan-build-ci4\\app\\Views\\frontend\\layout\\default.php')
 9 SYSTEMPATH\View\View.php(231): CodeIgniter\View\View->CodeIgniter\View\{closure}()
10 SYSTEMPATH\View\View.php(244): CodeIgniter\View\View->render('frontend/layout/default', [], true)
11 SYSTEMPATH\Common.php(1178): CodeIgniter\View\View->render('frontend/home', [], true)
12 APPPATH\Controllers\BaseController.php(84): view('frontend/home', [...])
13 APPPATH\Controllers\Frontend\Home.php(10): App\Controllers\BaseController->renderView('frontend/home', '首頁')
14 SYSTEMPATH\CodeIgniter.php(941): App\Controllers\Frontend\Home->index()
15 SYSTEMPATH\CodeIgniter.php(502): CodeIgniter\CodeIgniter->runController(Object(App\Controllers\Frontend\Home))
16 SYSTEMPATH\CodeIgniter.php(361): CodeIgniter\CodeIgniter->handleRequest(null, Object(Config\Cache), false)
17 FCPATH\index.php(79): CodeIgniter\CodeIgniter->run()
CRITICAL - 2024-01-16 09:43:47 --> CodeIgniter\View\Exceptions\ViewException: Invalid file: "include/favicon.php"
in SYSTEMPATH\Exceptions\FrameworkException.php on line 39.
 1 SYSTEMPATH\View\View.php(216): CodeIgniter\Exceptions\FrameworkException::forInvalidFile('include/favicon.php')
 2 SYSTEMPATH\View\View.php(469): CodeIgniter\View\View->render('include/favicon', null, true)
 3 APPPATH\Views\frontend\include\head.php(7): CodeIgniter\View\View->include('include/favicon')
 4 SYSTEMPATH\View\View.php(228): include('D:\\auproject\\20231227-yuan\\yuan-build-ci4\\app\\Views\\frontend\\include\\head.php')
 5 SYSTEMPATH\View\View.php(231): CodeIgniter\View\View->CodeIgniter\View\{closure}()
 6 SYSTEMPATH\View\View.php(469): CodeIgniter\View\View->render('frontend/include/head', null, true)
 7 APPPATH\Views\frontend\layout\default.php(7): CodeIgniter\View\View->include('frontend/include/head')
 8 SYSTEMPATH\View\View.php(228): include('D:\\auproject\\20231227-yuan\\yuan-build-ci4\\app\\Views\\frontend\\layout\\default.php')
 9 SYSTEMPATH\View\View.php(231): CodeIgniter\View\View->CodeIgniter\View\{closure}()
10 SYSTEMPATH\View\View.php(244): CodeIgniter\View\View->render('frontend/layout/default', [], true)
11 SYSTEMPATH\Common.php(1178): CodeIgniter\View\View->render('frontend/home', [], true)
12 APPPATH\Controllers\BaseController.php(84): view('frontend/home', [...])
13 APPPATH\Controllers\Frontend\Home.php(10): App\Controllers\BaseController->renderView('frontend/home', '首頁')
14 SYSTEMPATH\CodeIgniter.php(941): App\Controllers\Frontend\Home->index()
15 SYSTEMPATH\CodeIgniter.php(502): CodeIgniter\CodeIgniter->runController(Object(App\Controllers\Frontend\Home))
16 SYSTEMPATH\CodeIgniter.php(361): CodeIgniter\CodeIgniter->handleRequest(null, Object(Config\Cache), false)
17 FCPATH\index.php(79): CodeIgniter\CodeIgniter->run()
CRITICAL - 2024-01-16 09:43:48 --> CodeIgniter\View\Exceptions\ViewException: Invalid file: "include/favicon.php"
in SYSTEMPATH\Exceptions\FrameworkException.php on line 39.
 1 SYSTEMPATH\View\View.php(216): CodeIgniter\Exceptions\FrameworkException::forInvalidFile('include/favicon.php')
 2 SYSTEMPATH\View\View.php(469): CodeIgniter\View\View->render('include/favicon', null, true)
 3 APPPATH\Views\frontend\include\head.php(7): CodeIgniter\View\View->include('include/favicon')
 4 SYSTEMPATH\View\View.php(228): include('D:\\auproject\\20231227-yuan\\yuan-build-ci4\\app\\Views\\frontend\\include\\head.php')
 5 SYSTEMPATH\View\View.php(231): CodeIgniter\View\View->CodeIgniter\View\{closure}()
 6 SYSTEMPATH\View\View.php(469): CodeIgniter\View\View->render('frontend/include/head', null, true)
 7 APPPATH\Views\frontend\layout\default.php(7): CodeIgniter\View\View->include('frontend/include/head')
 8 SYSTEMPATH\View\View.php(228): include('D:\\auproject\\20231227-yuan\\yuan-build-ci4\\app\\Views\\frontend\\layout\\default.php')
 9 SYSTEMPATH\View\View.php(231): CodeIgniter\View\View->CodeIgniter\View\{closure}()
10 SYSTEMPATH\View\View.php(244): CodeIgniter\View\View->render('frontend/layout/default', [], true)
11 SYSTEMPATH\Common.php(1178): CodeIgniter\View\View->render('frontend/home', [], true)
12 APPPATH\Controllers\BaseController.php(84): view('frontend/home', [...])
13 APPPATH\Controllers\Frontend\Home.php(10): App\Controllers\BaseController->renderView('frontend/home', '首頁')
14 SYSTEMPATH\CodeIgniter.php(941): App\Controllers\Frontend\Home->index()
15 SYSTEMPATH\CodeIgniter.php(502): CodeIgniter\CodeIgniter->runController(Object(App\Controllers\Frontend\Home))
16 SYSTEMPATH\CodeIgniter.php(361): CodeIgniter\CodeIgniter->handleRequest(null, Object(Config\Cache), false)
17 FCPATH\index.php(79): CodeIgniter\CodeIgniter->run()
CRITICAL - 2024-01-16 09:44:22 --> CodeIgniter\View\Exceptions\ViewException: Invalid file: "include/favicon.php"
in SYSTEMPATH\Exceptions\FrameworkException.php on line 39.
 1 SYSTEMPATH\View\View.php(216): CodeIgniter\Exceptions\FrameworkException::forInvalidFile('include/favicon.php')
 2 SYSTEMPATH\View\View.php(469): CodeIgniter\View\View->render('include/favicon', null, true)
 3 APPPATH\Views\frontend\include\head.php(7): CodeIgniter\View\View->include('include/favicon')
 4 SYSTEMPATH\View\View.php(228): include('D:\\auproject\\20231227-yuan\\yuan-build-ci4\\app\\Views\\frontend\\include\\head.php')
 5 SYSTEMPATH\View\View.php(231): CodeIgniter\View\View->CodeIgniter\View\{closure}()
 6 SYSTEMPATH\View\View.php(469): CodeIgniter\View\View->render('frontend/include/head', null, true)
 7 APPPATH\Views\frontend\layout\default.php(7): CodeIgniter\View\View->include('frontend/include/head')
 8 SYSTEMPATH\View\View.php(228): include('D:\\auproject\\20231227-yuan\\yuan-build-ci4\\app\\Views\\frontend\\layout\\default.php')
 9 SYSTEMPATH\View\View.php(231): CodeIgniter\View\View->CodeIgniter\View\{closure}()
10 SYSTEMPATH\View\View.php(244): CodeIgniter\View\View->render('frontend/layout/default', [], true)
11 SYSTEMPATH\Common.php(1178): CodeIgniter\View\View->render('frontend/home', [], true)
12 APPPATH\Controllers\BaseController.php(84): view('frontend/home', [...])
13 APPPATH\Controllers\Frontend\Home.php(10): App\Controllers\BaseController->renderView('frontend/home', '首頁')
14 SYSTEMPATH\CodeIgniter.php(941): App\Controllers\Frontend\Home->index()
15 SYSTEMPATH\CodeIgniter.php(502): CodeIgniter\CodeIgniter->runController(Object(App\Controllers\Frontend\Home))
16 SYSTEMPATH\CodeIgniter.php(361): CodeIgniter\CodeIgniter->handleRequest(null, Object(Config\Cache), false)
17 FCPATH\index.php(79): CodeIgniter\CodeIgniter->run()
CRITICAL - 2024-01-16 09:44:22 --> CodeIgniter\View\Exceptions\ViewException: Invalid file: "include/favicon.php"
in SYSTEMPATH\Exceptions\FrameworkException.php on line 39.
 1 SYSTEMPATH\View\View.php(216): CodeIgniter\Exceptions\FrameworkException::forInvalidFile('include/favicon.php')
 2 SYSTEMPATH\View\View.php(469): CodeIgniter\View\View->render('include/favicon', null, true)
 3 APPPATH\Views\frontend\include\head.php(7): CodeIgniter\View\View->include('include/favicon')
 4 SYSTEMPATH\View\View.php(228): include('D:\\auproject\\20231227-yuan\\yuan-build-ci4\\app\\Views\\frontend\\include\\head.php')
 5 SYSTEMPATH\View\View.php(231): CodeIgniter\View\View->CodeIgniter\View\{closure}()
 6 SYSTEMPATH\View\View.php(469): CodeIgniter\View\View->render('frontend/include/head', null, true)
 7 APPPATH\Views\frontend\layout\default.php(7): CodeIgniter\View\View->include('frontend/include/head')
 8 SYSTEMPATH\View\View.php(228): include('D:\\auproject\\20231227-yuan\\yuan-build-ci4\\app\\Views\\frontend\\layout\\default.php')
 9 SYSTEMPATH\View\View.php(231): CodeIgniter\View\View->CodeIgniter\View\{closure}()
10 SYSTEMPATH\View\View.php(244): CodeIgniter\View\View->render('frontend/layout/default', [], true)
11 SYSTEMPATH\Common.php(1178): CodeIgniter\View\View->render('frontend/home', [], true)
12 APPPATH\Controllers\BaseController.php(84): view('frontend/home', [...])
13 APPPATH\Controllers\Frontend\Home.php(10): App\Controllers\BaseController->renderView('frontend/home', '首頁')
14 SYSTEMPATH\CodeIgniter.php(941): App\Controllers\Frontend\Home->index()
15 SYSTEMPATH\CodeIgniter.php(502): CodeIgniter\CodeIgniter->runController(Object(App\Controllers\Frontend\Home))
16 SYSTEMPATH\CodeIgniter.php(361): CodeIgniter\CodeIgniter->handleRequest(null, Object(Config\Cache), false)
17 FCPATH\index.php(79): CodeIgniter\CodeIgniter->run()
CRITICAL - 2024-01-16 09:44:28 --> Error: Call to undefined function link_tag()
in APPPATH\Views\frontend\include\head.php on line 23.
 1 SYSTEMPATH\View\View.php(228): include()
 2 SYSTEMPATH\View\View.php(231): CodeIgniter\View\View->CodeIgniter\View\{closure}()
 3 SYSTEMPATH\View\View.php(469): CodeIgniter\View\View->render('frontend/include/head', null, true)
 4 APPPATH\Views\frontend\layout\default.php(7): CodeIgniter\View\View->include('frontend/include/head')
 5 SYSTEMPATH\View\View.php(228): include('D:\\auproject\\20231227-yuan\\yuan-build-ci4\\app\\Views\\frontend\\layout\\default.php')
 6 SYSTEMPATH\View\View.php(231): CodeIgniter\View\View->CodeIgniter\View\{closure}()
 7 SYSTEMPATH\View\View.php(244): CodeIgniter\View\View->render('frontend/layout/default', [], true)
 8 SYSTEMPATH\Common.php(1178): CodeIgniter\View\View->render('frontend/home', [], true)
 9 APPPATH\Controllers\BaseController.php(84): view('frontend/home', [...])
10 APPPATH\Controllers\Frontend\Home.php(10): App\Controllers\BaseController->renderView('frontend/home', '首頁')
11 SYSTEMPATH\CodeIgniter.php(941): App\Controllers\Frontend\Home->index()
12 SYSTEMPATH\CodeIgniter.php(502): CodeIgniter\CodeIgniter->runController(Object(App\Controllers\Frontend\Home))
13 SYSTEMPATH\CodeIgniter.php(361): CodeIgniter\CodeIgniter->handleRequest(null, Object(Config\Cache), false)
14 FCPATH\index.php(79): CodeIgniter\CodeIgniter->run()
CRITICAL - 2024-01-16 09:44:28 --> Error: Call to undefined function link_tag()
in APPPATH\Views\frontend\include\head.php on line 23.
 1 SYSTEMPATH\View\View.php(228): include()
 2 SYSTEMPATH\View\View.php(231): CodeIgniter\View\View->CodeIgniter\View\{closure}()
 3 SYSTEMPATH\View\View.php(469): CodeIgniter\View\View->render('frontend/include/head', null, true)
 4 APPPATH\Views\frontend\layout\default.php(7): CodeIgniter\View\View->include('frontend/include/head')
 5 SYSTEMPATH\View\View.php(228): include('D:\\auproject\\20231227-yuan\\yuan-build-ci4\\app\\Views\\frontend\\layout\\default.php')
 6 SYSTEMPATH\View\View.php(231): CodeIgniter\View\View->CodeIgniter\View\{closure}()
 7 SYSTEMPATH\View\View.php(244): CodeIgniter\View\View->render('frontend/layout/default', [], true)
 8 SYSTEMPATH\Common.php(1178): CodeIgniter\View\View->render('frontend/home', [], true)
 9 APPPATH\Controllers\BaseController.php(84): view('frontend/home', [...])
10 APPPATH\Controllers\Frontend\Home.php(10): App\Controllers\BaseController->renderView('frontend/home', '首頁')
11 SYSTEMPATH\CodeIgniter.php(941): App\Controllers\Frontend\Home->index()
12 SYSTEMPATH\CodeIgniter.php(502): CodeIgniter\CodeIgniter->runController(Object(App\Controllers\Frontend\Home))
13 SYSTEMPATH\CodeIgniter.php(361): CodeIgniter\CodeIgniter->handleRequest(null, Object(Config\Cache), false)
14 FCPATH\index.php(79): CodeIgniter\CodeIgniter->run()
CRITICAL - 2024-01-16 12:22:58 --> Error: Undefined constant "WEB_VERSION"
in APPPATH\Views\frontend\include\head.php on line 23.
 1 SYSTEMPATH\View\View.php(228): include()
 2 SYSTEMPATH\View\View.php(231): CodeIgniter\View\View->CodeIgniter\View\{closure}()
 3 SYSTEMPATH\View\View.php(469): CodeIgniter\View\View->render('frontend/include/head', null, true)
 4 APPPATH\Views\frontend\layout\default.php(7): CodeIgniter\View\View->include('frontend/include/head')
 5 SYSTEMPATH\View\View.php(228): include('D:\\auproject\\20231227-yuan\\yuan-build-ci4\\app\\Views\\frontend\\layout\\default.php')
 6 SYSTEMPATH\View\View.php(231): CodeIgniter\View\View->CodeIgniter\View\{closure}()
 7 SYSTEMPATH\View\View.php(244): CodeIgniter\View\View->render('frontend/layout/default', [], true)
 8 SYSTEMPATH\Common.php(1178): CodeIgniter\View\View->render('frontend/home', [], true)
 9 APPPATH\Controllers\BaseController.php(84): view('frontend/home', [...])
10 APPPATH\Controllers\Frontend\Home.php(10): App\Controllers\BaseController->renderView('frontend/home', '首頁')
11 SYSTEMPATH\CodeIgniter.php(941): App\Controllers\Frontend\Home->index()
12 SYSTEMPATH\CodeIgniter.php(502): CodeIgniter\CodeIgniter->runController(Object(App\Controllers\Frontend\Home))
13 SYSTEMPATH\CodeIgniter.php(361): CodeIgniter\CodeIgniter->handleRequest(null, Object(Config\Cache), false)
14 FCPATH\index.php(79): CodeIgniter\CodeIgniter->run()
CRITICAL - 2024-01-16 12:26:35 --> ErrorException: Undefined variable $user_id
in APPPATH\Views\frontend\include\header.php on line 50.
 1 APPPATH\Views\frontend\include\header.php(50): CodeIgniter\Debug\Exceptions->errorHandler(2, 'Undefined variable $user_id', 'D:\\auproject\\20231227-yuan\\yuan-build-ci4\\app\\Views\\frontend\\include\\header.php', 50)
 2 SYSTEMPATH\View\View.php(228): include('D:\\auproject\\20231227-yuan\\yuan-build-ci4\\app\\Views\\frontend\\include\\header.php')
 3 SYSTEMPATH\View\View.php(231): CodeIgniter\View\View->CodeIgniter\View\{closure}()
 4 SYSTEMPATH\View\View.php(469): CodeIgniter\View\View->render('frontend/include/header', null, true)
 5 APPPATH\Views\frontend\layout\default.php(21): CodeIgniter\View\View->include('frontend/include/header')
 6 SYSTEMPATH\View\View.php(228): include('D:\\auproject\\20231227-yuan\\yuan-build-ci4\\app\\Views\\frontend\\layout\\default.php')
 7 SYSTEMPATH\View\View.php(231): CodeIgniter\View\View->CodeIgniter\View\{closure}()
 8 SYSTEMPATH\View\View.php(244): CodeIgniter\View\View->render('frontend/layout/default', [], true)
 9 SYSTEMPATH\Common.php(1178): CodeIgniter\View\View->render('frontend/home', [], true)
10 APPPATH\Controllers\BaseController.php(84): view('frontend/home', [...])
11 APPPATH\Controllers\Frontend\Home.php(10): App\Controllers\BaseController->renderView('frontend/home', '首頁')
12 SYSTEMPATH\CodeIgniter.php(941): App\Controllers\Frontend\Home->index()
13 SYSTEMPATH\CodeIgniter.php(502): CodeIgniter\CodeIgniter->runController(Object(App\Controllers\Frontend\Home))
14 SYSTEMPATH\CodeIgniter.php(361): CodeIgniter\CodeIgniter->handleRequest(null, Object(Config\Cache), false)
15 FCPATH\index.php(79): CodeIgniter\CodeIgniter->run()
