CRITICAL - 2025-02-24 11:55:21 --> Error: Class "Locale" not found
in SYSTEMPATH\CodeIgniter.php on line 218.
 1 FCPATH\index.php(67): CodeIgniter\CodeIgniter->initialize()
CRITICAL - 2025-02-24 12:09:52 --> Error: Class "Locale" not found
in SYSTEMPATH\CodeIgniter.php on line 218.
 1 FCPATH\index.php(67): CodeIgniter\CodeIgniter->initialize()
CRITICAL - 2025-02-24 12:09:57 --> Error: Class "Locale" not found
in SYSTEMPATH\CodeIgniter.php on line 218.
 1 FCPATH\index.php(67): CodeIgniter\CodeIgniter->initialize()
CRITICAL - 2025-02-24 12:09:57 --> ErrorException: Uncaught Error: Class "Locale" not found in D:\auproject\20231227-yuan\yuan-build-ci4\system\Helpers\number_helper.php:137
Stack trace:
#0 D:\auproject\20231227-yuan\yuan-build-ci4\system\Helpers\number_helper.php(56): format_number(8.0, 2, NULL, Array)
#1 D:\auproject\20231227-yuan\yuan-build-ci4\system\Debug\BaseExceptionHandler.php(152): number_to_size(8.0, 2)
#2 D:\auproject\20231227-yuan\yuan-build-ci4\app\Views\errors\html\error_exception.php(384): CodeIgniter\Debug\BaseExceptionHandler::describeMemory(8388608)
#3 D:\auproject\20231227-yuan\yuan-build-ci4\system\Debug\BaseExceptionHandler.php(248): include('D:\\auproject\\20...')
#4 D:\auproject\20231227-yuan\yuan-build-ci4\system\Debug\BaseExceptionHandler.php(251): CodeIgniter\Debug\BaseExceptionHandler->CodeIgniter\Debug\{closure}()
#5 D:\auproject\20231227-yuan\yuan-build-ci4\system\Debug\ExceptionHandler.php(112): CodeIgniter\Debug\BaseExceptionHandler->render(Object(Error), 500, 'D:\\auproject\\20...')
#6 D:\auproject\20231227-yuan\yuan-build-ci4\system\Debug\Exceptions.php(156): CodeIgniter\Debug\ExceptionHandler->handle(Object(Error), Object(CodeIgniter\HTTP\IncomingRequest), Object(CodeIgniter\HTTP\Response), 500, 1)
#7 [internal function]: CodeIgniter\Debug\Exceptions->exceptionHandler(Object(Error))
#8 {main}
  thrown
【Previous Exception】
Error
Class "Locale" not found
#0 D:\auproject\20231227-yuan\yuan-build-ci4\public\index.php(67): CodeIgniter\CodeIgniter->initialize()
#1 {main}
in SYSTEMPATH\Helpers\number_helper.php on line 137.
 1 [internal function]: CodeIgniter\Debug\Exceptions->shutdownHandler()
CRITICAL - 2025-02-24 12:12:26 --> Error: Class "Locale" not found
in SYSTEMPATH\CodeIgniter.php on line 218.
 1 FCPATH\index.php(67): CodeIgniter\CodeIgniter->initialize()
CRITICAL - 2025-02-24 12:12:26 --> ErrorException: Uncaught Error: Class "Locale" not found in D:\auproject\20231227-yuan\yuan-build-ci4\system\Helpers\number_helper.php:137
Stack trace:
#0 D:\auproject\20231227-yuan\yuan-build-ci4\system\Helpers\number_helper.php(56): format_number(8.0, 2, NULL, Array)
#1 D:\auproject\20231227-yuan\yuan-build-ci4\system\Debug\BaseExceptionHandler.php(152): number_to_size(8.0, 2)
#2 D:\auproject\20231227-yuan\yuan-build-ci4\app\Views\errors\html\error_exception.php(384): CodeIgniter\Debug\BaseExceptionHandler::describeMemory(8388608)
#3 D:\auproject\20231227-yuan\yuan-build-ci4\system\Debug\BaseExceptionHandler.php(248): include('D:\\auproject\\20...')
#4 D:\auproject\20231227-yuan\yuan-build-ci4\system\Debug\BaseExceptionHandler.php(251): CodeIgniter\Debug\BaseExceptionHandler->CodeIgniter\Debug\{closure}()
#5 D:\auproject\20231227-yuan\yuan-build-ci4\system\Debug\ExceptionHandler.php(112): CodeIgniter\Debug\BaseExceptionHandler->render(Object(Error), 500, 'D:\\auproject\\20...')
#6 D:\auproject\20231227-yuan\yuan-build-ci4\system\Debug\Exceptions.php(156): CodeIgniter\Debug\ExceptionHandler->handle(Object(Error), Object(CodeIgniter\HTTP\IncomingRequest), Object(CodeIgniter\HTTP\Response), 500, 1)
#7 [internal function]: CodeIgniter\Debug\Exceptions->exceptionHandler(Object(Error))
#8 {main}
  thrown
【Previous Exception】
Error
Class "Locale" not found
#0 D:\auproject\20231227-yuan\yuan-build-ci4\public\index.php(67): CodeIgniter\CodeIgniter->initialize()
#1 {main}
in SYSTEMPATH\Helpers\number_helper.php on line 137.
 1 [internal function]: CodeIgniter\Debug\Exceptions->shutdownHandler()
CRITICAL - 2025-02-24 12:12:27 --> Error: Class "Locale" not found
in SYSTEMPATH\CodeIgniter.php on line 218.
 1 FCPATH\index.php(67): CodeIgniter\CodeIgniter->initialize()
CRITICAL - 2025-02-24 12:12:27 --> ErrorException: Uncaught Error: Class "Locale" not found in D:\auproject\20231227-yuan\yuan-build-ci4\system\Helpers\number_helper.php:137
Stack trace:
#0 D:\auproject\20231227-yuan\yuan-build-ci4\system\Helpers\number_helper.php(56): format_number(8.0, 2, NULL, Array)
#1 D:\auproject\20231227-yuan\yuan-build-ci4\system\Debug\BaseExceptionHandler.php(152): number_to_size(8.0, 2)
#2 D:\auproject\20231227-yuan\yuan-build-ci4\app\Views\errors\html\error_exception.php(384): CodeIgniter\Debug\BaseExceptionHandler::describeMemory(8388608)
#3 D:\auproject\20231227-yuan\yuan-build-ci4\system\Debug\BaseExceptionHandler.php(248): include('D:\\auproject\\20...')
#4 D:\auproject\20231227-yuan\yuan-build-ci4\system\Debug\BaseExceptionHandler.php(251): CodeIgniter\Debug\BaseExceptionHandler->CodeIgniter\Debug\{closure}()
#5 D:\auproject\20231227-yuan\yuan-build-ci4\system\Debug\ExceptionHandler.php(112): CodeIgniter\Debug\BaseExceptionHandler->render(Object(Error), 500, 'D:\\auproject\\20...')
#6 D:\auproject\20231227-yuan\yuan-build-ci4\system\Debug\Exceptions.php(156): CodeIgniter\Debug\ExceptionHandler->handle(Object(Error), Object(CodeIgniter\HTTP\IncomingRequest), Object(CodeIgniter\HTTP\Response), 500, 1)
#7 [internal function]: CodeIgniter\Debug\Exceptions->exceptionHandler(Object(Error))
#8 {main}
  thrown
【Previous Exception】
Error
Class "Locale" not found
#0 D:\auproject\20231227-yuan\yuan-build-ci4\public\index.php(67): CodeIgniter\CodeIgniter->initialize()
#1 {main}
in SYSTEMPATH\Helpers\number_helper.php on line 137.
 1 [internal function]: CodeIgniter\Debug\Exceptions->shutdownHandler()
INFO - 2025-02-24 21:13:22 --> Session: Class initialized using 'CodeIgniter\Session\Handlers\FileHandler' driver.
INFO - 2025-02-24 21:15:49 --> Session: Class initialized using 'CodeIgniter\Session\Handlers\FileHandler' driver.
INFO - 2025-02-24 21:15:50 --> Session: Class initialized using 'CodeIgniter\Session\Handlers\FileHandler' driver.
INFO - 2025-02-24 21:15:50 --> Session: Class initialized using 'CodeIgniter\Session\Handlers\FileHandler' driver.
