CRITICAL - 2024-01-25 09:26:38 --> ErrorException: Undefined array key "HTTPS"
in APPPATH\Views\backend\login.php on line 10.
 1 APPPATH\Views\backend\login.php(10): CodeIgniter\Debug\Exceptions->errorHandler(2, 'Undefined array key "HTTPS"', 'D:\\auproject\\20231227-yuan\\yuan-build-ci4\\app\\Views\\backend\\login.php', 10)
 2 SYSTEMPATH\View\View.php(228): include('D:\\auproject\\20231227-yuan\\yuan-build-ci4\\app\\Views\\backend\\login.php')
 3 SYSTEMPATH\View\View.php(231): CodeIgniter\View\View->CodeIgniter\View\{closure}()
 4 SYSTEMPATH\Common.php(1178): CodeIgniter\View\View->render('backend/login', [], true)
 5 APPPATH\Controllers\BaseController.php(87): view('backend/login', [...])
 6 APPPATH\Controllers\Backend\Home.php(13): App\Controllers\BaseController->renderView('backend/login', '登入')
 7 SYSTEMPATH\CodeIgniter.php(941): App\Controllers\Backend\Home->login()
 8 SYSTEMPATH\CodeIgniter.php(502): CodeIgniter\CodeIgniter->runController(Object(App\Controllers\Backend\Home))
 9 SYSTEMPATH\CodeIgniter.php(361): CodeIgniter\CodeIgniter->handleRequest(null, Object(Config\Cache), false)
10 FCPATH\index.php(79): CodeIgniter\CodeIgniter->run()
CRITICAL - 2024-01-25 09:34:26 --> ErrorException: Undefined property: Config\App::$baseURL
in SYSTEMPATH\HTTP\SiteURI.php on line 195.
 1 SYSTEMPATH\HTTP\SiteURI.php(195): CodeIgniter\Debug\Exceptions->errorHandler(2, 'Undefined property: Config\\App::$baseURL', 'D:\\auproject\\20231227-yuan\\yuan-build-ci4\\system\\HTTP\\SiteURI.php', 195)
 2 SYSTEMPATH\HTTP\SiteURI.php(145): CodeIgniter\HTTP\SiteURI->normalizeBaseURL(Object(Config\App))
 3 SYSTEMPATH\HTTP\SiteURI.php(100): CodeIgniter\HTTP\SiteURI->determineBaseURL(Object(Config\App), null, null)
 4 SYSTEMPATH\HTTP\SiteURIFactory.php(224): CodeIgniter\HTTP\SiteURI->__construct(Object(Config\App), 'yuanadmin/', null)
 5 SYSTEMPATH\HTTP\SiteURIFactory.php(45): CodeIgniter\HTTP\SiteURIFactory->createURIFromRoutePath('yuanadmin/')
 6 SYSTEMPATH\Config\Services.php(799): CodeIgniter\HTTP\SiteURIFactory->createFromGlobals()
 7 SYSTEMPATH\Config\BaseService.php(258): CodeIgniter\Config\Services::uri(null, false)
 8 SYSTEMPATH\Config\BaseService.php(199): CodeIgniter\Config\BaseService::__callStatic('uri', [...])
 9 SYSTEMPATH\Config\Services.php(792): CodeIgniter\Config\BaseService::getSharedInstance('uri', null)
10 SYSTEMPATH\Config\BaseService.php(258): CodeIgniter\Config\Services::uri()
11 SYSTEMPATH\Config\Services.php(566): CodeIgniter\Config\BaseService::__callStatic('uri', [])
12 SYSTEMPATH\Config\BaseService.php(258): CodeIgniter\Config\Services::incomingrequest(Object(Config\App), false)
13 SYSTEMPATH\Config\Services.php(524): CodeIgniter\Config\BaseService::__callStatic('incomingrequest', [...])
14 SYSTEMPATH\Config\BaseService.php(258): CodeIgniter\Config\Services::request(Object(Config\App), false)
15 SYSTEMPATH\Config\BaseService.php(199): CodeIgniter\Config\BaseService::__callStatic('request', [...])
16 SYSTEMPATH\Config\Services.php(559): CodeIgniter\Config\BaseService::getSharedInstance('request', Object(Config\App))
17 SYSTEMPATH\Config\BaseService.php(258): CodeIgniter\Config\Services::incomingrequest(Object(Config\App))
18 SYSTEMPATH\Config\Services.php(539): CodeIgniter\Config\BaseService::__callStatic('incomingrequest', [...])
19 SYSTEMPATH\Config\BaseService.php(258): CodeIgniter\Config\Services::createRequest(Object(Config\App))
20 SYSTEMPATH\CodeIgniter.php(655): CodeIgniter\Config\BaseService::__callStatic('createRequest', [...])
21 SYSTEMPATH\CodeIgniter.php(355): CodeIgniter\CodeIgniter->getRequestObject()
22 FCPATH\index.php(79): CodeIgniter\CodeIgniter->run()
CRITICAL - 2024-01-25 09:34:26 --> ErrorException: Uncaught ErrorException: Undefined property: Config\App::$baseURL in D:\auproject\20231227-yuan\yuan-build-ci4\system\HTTP\SiteURI.php:195
Stack trace:
#0 D:\auproject\20231227-yuan\yuan-build-ci4\system\HTTP\SiteURI.php(195): CodeIgniter\Debug\Exceptions->errorHandler(2, 'Undefined prope...', 'D:\\auproject\\20...', 195)
#1 D:\auproject\20231227-yuan\yuan-build-ci4\system\HTTP\SiteURI.php(145): CodeIgniter\HTTP\SiteURI->normalizeBaseURL(Object(Config\App))
#2 D:\auproject\20231227-yuan\yuan-build-ci4\system\HTTP\SiteURI.php(100): CodeIgniter\HTTP\SiteURI->determineBaseURL(Object(Config\App), NULL, NULL)
#3 D:\auproject\20231227-yuan\yuan-build-ci4\system\HTTP\SiteURIFactory.php(224): CodeIgniter\HTTP\SiteURI->__construct(Object(Config\App), 'yuanadmin/', NULL)
#4 D:\auproject\20231227-yuan\yuan-build-ci4\system\HTTP\SiteURIFactory.php(45): CodeIgniter\HTTP\SiteURIFactory->createURIFromRoutePath('yuanadmin/')
#5 D:\auproject\20231227-yuan\yuan-build-ci4\system\Config\Services.php(799): CodeIgniter\HTTP\SiteURIFactory->createFromGlobals()
#6 D:\auproject\20231227-yuan\yuan-build-ci4\system\Config\BaseService.php(258): CodeIgniter\Config\Services::uri(NULL, false)
#7 D:\auproject\20231227-yuan\yuan-build-ci4\system\Config\BaseService.php(199): CodeIgniter\Config\BaseService::__callStatic('uri', Array)
#8 D:\auproject\20231227-yuan\yuan-build-ci4\system\Config\Services.php(792): CodeIgniter\Config\BaseService::getSharedInstance('uri', NULL)
#9 D:\auproject\20231227-yuan\yuan-build-ci4\system\Config\BaseService.php(258): CodeIgniter\Config\Services::uri()
#10 D:\auproject\20231227-yuan\yuan-build-ci4\system\Config\Services.php(566): CodeIgniter\Config\BaseService::__callStatic('uri', Array)
#11 D:\auproject\20231227-yuan\yuan-build-ci4\system\Config\BaseService.php(258): CodeIgniter\Config\Services::incomingrequest(Object(Config\App), false)
#12 D:\auproject\20231227-yuan\yuan-build-ci4\system\Config\Services.php(524): CodeIgniter\Config\BaseService::__callStatic('incomingrequest', Array)
#13 D:\auproject\20231227-yuan\yuan-build-ci4\system\Config\BaseService.php(258): CodeIgniter\Config\Services::request(NULL, false)
#14 D:\auproject\20231227-yuan\yuan-build-ci4\system\Config\BaseService.php(199): CodeIgniter\Config\BaseService::__callStatic('request', Array)
#15 D:\auproject\20231227-yuan\yuan-build-ci4\system\Config\Services.php(520): CodeIgniter\Config\BaseService::getSharedInstance('request', NULL)
#16 D:\auproject\20231227-yuan\yuan-build-ci4\system\Config\BaseService.php(258): CodeIgniter\Config\Services::request()
#17 D:\auproject\20231227-yuan\yuan-build-ci4\system\Debug\Exceptions.php(150): CodeIgniter\Config\BaseService::__callStatic('request', Array)
#18 [internal function]: CodeIgniter\Debug\Exceptions->exceptionHandler(Object(ErrorException))
#19 {main}
  thrown
【Previous Exception】
ErrorException
Undefined property: Config\App::$baseURL
#0 D:\auproject\20231227-yuan\yuan-build-ci4\system\HTTP\SiteURI.php(195): CodeIgniter\Debug\Exceptions->errorHandler(2, 'Undefined prope...', 'D:\\auproject\\20...', 195)
#1 D:\auproject\20231227-yuan\yuan-build-ci4\system\HTTP\SiteURI.php(145): CodeIgniter\HTTP\SiteURI->normalizeBaseURL(Object(Config\App))
#2 D:\auproject\20231227-yuan\yuan-build-ci4\system\HTTP\SiteURI.php(100): CodeIgniter\HTTP\SiteURI->determineBaseURL(Object(Config\App), NULL, NULL)
#3 D:\auproject\20231227-yuan\yuan-build-ci4\system\HTTP\SiteURIFactory.php(224): CodeIgniter\HTTP\SiteURI->__construct(Object(Config\App), 'yuanadmin/', NULL)
#4 D:\auproject\20231227-yuan\yuan-build-ci4\system\HTTP\SiteURIFactory.php(45): CodeIgniter\HTTP\SiteURIFactory->createURIFromRoutePath('yuanadmin/')
#5 D:\auproject\20231227-yuan\yuan-build-ci4\system\Config\Services.php(799): CodeIgniter\HTTP\SiteURIFactory->createFromGlobals()
#6 D:\auproject\20231227-yuan\yuan-build-ci4\system\Config\BaseService.php(258): CodeIgniter\Config\Services::uri(NULL, false)
#7 D:\auproject\20231227-yuan\yuan-build-ci4\system\Config\BaseService.php(199): CodeIgniter\Config\BaseService::__callStatic('uri', Array)
#8 D:\auproject\20231227-yuan\yuan-build-ci4\system\Config\Services.php(792): CodeIgniter\Config\BaseService::getSharedInstance('uri', NULL)
#9 D:\auproject\20231227-yuan\yuan-build-ci4\system\Config\BaseService.php(258): CodeIgniter\Config\Services::uri()
#10 D:\auproject\20231227-yuan\yuan-build-ci4\system\Config\Services.php(566): CodeIgniter\Config\BaseService::__callStatic('uri', Array)
#11 D:\auproject\20231227-yuan\yuan-build-ci4\system\Config\BaseService.php(258): CodeIgniter\Config\Services::incomingrequest(Object(Config\App), false)
#12 D:\auproject\20231227-yuan\yuan-build-ci4\system\Config\Services.php(524): CodeIgniter\Config\BaseService::__callStatic('incomingrequest', Array)
#13 D:\auproject\20231227-yuan\yuan-build-ci4\system\Config\BaseService.php(258): CodeIgniter\Config\Services::request(Object(Config\App), false)
#14 D:\auproject\20231227-yuan\yuan-build-ci4\system\Config\BaseService.php(199): CodeIgniter\Config\BaseService::__callStatic('request', Array)
#15 D:\auproject\20231227-yuan\yuan-build-ci4\system\Config\Services.php(559): CodeIgniter\Config\BaseService::getSharedInstance('request', Object(Config\App))
#16 D:\auproject\20231227-yuan\yuan-build-ci4\system\Config\BaseService.php(258): CodeIgniter\Config\Services::incomingrequest(Object(Config\App))
#17 D:\auproject\20231227-yuan\yuan-build-ci4\system\Config\Services.php(539): CodeIgniter\Config\BaseService::__callStatic('incomingrequest', Array)
#18 D:\auproject\20231227-yuan\yuan-build-ci4\system\Config\BaseService.php(258): CodeIgniter\Config\Services::createRequest(Object(Config\App))
#19 D:\auproject\20231227-yuan\yuan-build-ci4\system\CodeIgniter.php(655): CodeIgniter\Config\BaseService::__callStatic('createRequest', Array)
#20 D:\auproject\20231227-yuan\yuan-build-ci4\system\CodeIgniter.php(355): CodeIgniter\CodeIgniter->getRequestObject()
#21 D:\auproject\20231227-yuan\yuan-build-ci4\public\index.php(79): CodeIgniter\CodeIgniter->run()
#22 {main}
in SYSTEMPATH\HTTP\SiteURI.php on line 195.
 1 [internal function]: CodeIgniter\Debug\Exceptions->shutdownHandler()
CRITICAL - 2024-01-25 09:52:37 --> CodeIgniter\HTTP\Exceptions\HTTPException: Failed to parse JSON string. Error: Syntax error
in SYSTEMPATH\HTTP\IncomingRequest.php on line 588.
 1 SYSTEMPATH\HTTP\IncomingRequest.php(588): CodeIgniter\HTTP\Exceptions\HTTPException::forInvalidJSON('Syntax error')
 2 APPPATH\Controllers\Backend\Home.php(18): CodeIgniter\HTTP\IncomingRequest->getJSON()
 3 SYSTEMPATH\CodeIgniter.php(941): App\Controllers\Backend\Home->getLogin()
 4 SYSTEMPATH\CodeIgniter.php(502): CodeIgniter\CodeIgniter->runController(Object(App\Controllers\Backend\Home))
 5 SYSTEMPATH\CodeIgniter.php(361): CodeIgniter\CodeIgniter->handleRequest(null, Object(Config\Cache), false)
 6 FCPATH\index.php(79): CodeIgniter\CodeIgniter->run()
CRITICAL - 2024-01-25 09:53:04 --> CodeIgniter\HTTP\Exceptions\HTTPException: Failed to parse JSON string. Error: Syntax error
in SYSTEMPATH\HTTP\IncomingRequest.php on line 588.
 1 SYSTEMPATH\HTTP\IncomingRequest.php(588): CodeIgniter\HTTP\Exceptions\HTTPException::forInvalidJSON('Syntax error')
 2 APPPATH\Controllers\Backend\Home.php(18): CodeIgniter\HTTP\IncomingRequest->getJSON()
 3 SYSTEMPATH\CodeIgniter.php(941): App\Controllers\Backend\Home->getLogin()
 4 SYSTEMPATH\CodeIgniter.php(502): CodeIgniter\CodeIgniter->runController(Object(App\Controllers\Backend\Home))
 5 SYSTEMPATH\CodeIgniter.php(361): CodeIgniter\CodeIgniter->handleRequest(null, Object(Config\Cache), false)
 6 FCPATH\index.php(79): CodeIgniter\CodeIgniter->run()
INFO - 2024-01-25 11:48:54 --> Session: Class initialized using 'CodeIgniter\Session\Handlers\FileHandler' driver.
INFO - 2024-01-25 11:49:27 --> Session: Class initialized using 'CodeIgniter\Session\Handlers\FileHandler' driver.
