INFO - 2024-03-04 08:38:52 --> Session: Class initialized using 'CodeIgniter\Session\Handlers\FileHandler' driver.
INFO - 2024-03-04 08:39:09 --> Session: Class initialized using 'CodeIgniter\Session\Handlers\FileHandler' driver.
ERROR - 2024-03-04 08:39:13 --> Error connecting to the database: mysqli_sql_exception: 無法連線，因為目標電腦拒絕連線。 in D:\auproject\20231227-yuan\yuan-build-ci4\system\Database\MySQLi\Connection.php:185
Stack trace:
#0 D:\auproject\20231227-yuan\yuan-build-ci4\system\Database\MySQLi\Connection.php(185): mysqli->real_connect('localhost', 'yuan', 'q7PrToe3cYHL_o@...', 'yuan', 3306, '', 0)
#1 D:\auproject\20231227-yuan\yuan-build-ci4\system\Database\BaseConnection.php(392): CodeIgniter\Database\MySQLi\Connection->connect(false)
#2 D:\auproject\20231227-yuan\yuan-build-ci4\system\Database\BaseConnection.php(575): CodeIgniter\Database\BaseConnection->initialize()
#3 D:\auproject\20231227-yuan\yuan-build-ci4\system\Database\BaseBuilder.php(1613): CodeIgniter\Database\BaseConnection->query('SELECT *\nFROM `...', Array, false)
#4 D:\auproject\20231227-yuan\yuan-build-ci4\system\Model.php(270): CodeIgniter\Database\BaseBuilder->get()
#5 D:\auproject\20231227-yuan\yuan-build-ci4\system\BaseModel.php(676): CodeIgniter\Model->doFirst()
#6 D:\auproject\20231227-yuan\yuan-build-ci4\app\Controllers\Backend\Login.php(37): CodeIgniter\BaseModel->first()
#7 D:\auproject\20231227-yuan\yuan-build-ci4\system\CodeIgniter.php(941): App\Controllers\Backend\Login->getLogin()
#8 D:\auproject\20231227-yuan\yuan-build-ci4\system\CodeIgniter.php(502): CodeIgniter\CodeIgniter->runController(Object(App\Controllers\Backend\Login))
#9 D:\auproject\20231227-yuan\yuan-build-ci4\system\CodeIgniter.php(361): CodeIgniter\CodeIgniter->handleRequest(NULL, Object(Config\Cache), false)
#10 D:\auproject\20231227-yuan\yuan-build-ci4\public\index.php(79): CodeIgniter\CodeIgniter->run()
#11 {main}

Next CodeIgniter\Database\Exceptions\DatabaseException: 無法連線，因為目標電腦拒絕連線。 in D:\auproject\20231227-yuan\yuan-build-ci4\system\Database\MySQLi\Connection.php:229
Stack trace:
#0 D:\auproject\20231227-yuan\yuan-build-ci4\system\Database\BaseConnection.php(392): CodeIgniter\Database\MySQLi\Connection->connect(false)
#1 D:\auproject\20231227-yuan\yuan-build-ci4\system\Database\BaseConnection.php(575): CodeIgniter\Database\BaseConnection->initialize()
#2 D:\auproject\20231227-yuan\yuan-build-ci4\system\Database\BaseBuilder.php(1613): CodeIgniter\Database\BaseConnection->query('SELECT *\nFROM `...', Array, false)
#3 D:\auproject\20231227-yuan\yuan-build-ci4\system\Model.php(270): CodeIgniter\Database\BaseBuilder->get()
#4 D:\auproject\20231227-yuan\yuan-build-ci4\system\BaseModel.php(676): CodeIgniter\Model->doFirst()
#5 D:\auproject\20231227-yuan\yuan-build-ci4\app\Controllers\Backend\Login.php(37): CodeIgniter\BaseModel->first()
#6 D:\auproject\20231227-yuan\yuan-build-ci4\system\CodeIgniter.php(941): App\Controllers\Backend\Login->getLogin()
#7 D:\auproject\20231227-yuan\yuan-build-ci4\system\CodeIgniter.php(502): CodeIgniter\CodeIgniter->runController(Object(App\Controllers\Backend\Login))
#8 D:\auproject\20231227-yuan\yuan-build-ci4\system\CodeIgniter.php(361): CodeIgniter\CodeIgniter->handleRequest(NULL, Object(Config\Cache), false)
#9 D:\auproject\20231227-yuan\yuan-build-ci4\public\index.php(79): CodeIgniter\CodeIgniter->run()
#10 {main}
CRITICAL - 2024-03-04 08:39:13 --> CodeIgniter\Database\Exceptions\DatabaseException: Unable to connect to the database.
Main connection [MySQLi]: 無法連線，因為目標電腦拒絕連線。
in SYSTEMPATH\Database\BaseConnection.php on line 428.
 1 SYSTEMPATH\Database\BaseConnection.php(575): CodeIgniter\Database\BaseConnection->initialize()
 2 SYSTEMPATH\Database\BaseBuilder.php(1613): CodeIgniter\Database\BaseConnection->query('SELECT *
FROM `admins`
WHERE `username` = :username:
 LIMIT 1', [...], false)
 3 SYSTEMPATH\Model.php(270): CodeIgniter\Database\BaseBuilder->get()
 4 SYSTEMPATH\BaseModel.php(676): CodeIgniter\Model->doFirst()
 5 APPPATH\Controllers\Backend\Login.php(37): CodeIgniter\BaseModel->first()
 6 SYSTEMPATH\CodeIgniter.php(941): App\Controllers\Backend\Login->getLogin()
 7 SYSTEMPATH\CodeIgniter.php(502): CodeIgniter\CodeIgniter->runController(Object(App\Controllers\Backend\Login))
 8 SYSTEMPATH\CodeIgniter.php(361): CodeIgniter\CodeIgniter->handleRequest(null, Object(Config\Cache), false)
 9 FCPATH\index.php(79): CodeIgniter\CodeIgniter->run()
INFO - 2024-03-04 08:40:32 --> Session: Class initialized using 'CodeIgniter\Session\Handlers\FileHandler' driver.
CRITICAL - 2024-03-04 12:58:13 --> Error: Class "Locale" not found
in SYSTEMPATH\CodeIgniter.php on line 218.
 1 FCPATH\index.php(67): CodeIgniter\CodeIgniter->initialize()
CRITICAL - 2024-03-04 12:58:15 --> Error: Class "Locale" not found
in SYSTEMPATH\CodeIgniter.php on line 218.
 1 FCPATH\index.php(67): CodeIgniter\CodeIgniter->initialize()
CRITICAL - 2024-03-04 12:58:15 --> ErrorException: Uncaught Error: Class "Locale" not found in D:\auproject\20231227-yuan\yuan-build-ci4\system\Helpers\number_helper.php:137
Stack trace:
#0 D:\auproject\20231227-yuan\yuan-build-ci4\system\Helpers\number_helper.php(56): format_number(8.0, 2, NULL, Array)
#1 D:\auproject\20231227-yuan\yuan-build-ci4\system\Debug\BaseExceptionHandler.php(152): number_to_size(8.0, 2)
#2 D:\auproject\20231227-yuan\yuan-build-ci4\app\Views\errors\html\error_exception.php(384): CodeIgniter\Debug\BaseExceptionHandler::describeMemory(8388608)
#3 D:\auproject\20231227-yuan\yuan-build-ci4\system\Debug\BaseExceptionHandler.php(248): include('D:\\auproject\\20...')
#4 D:\auproject\20231227-yuan\yuan-build-ci4\system\Debug\BaseExceptionHandler.php(251): CodeIgniter\Debug\BaseExceptionHandler->CodeIgniter\Debug\{closure}()
#5 D:\auproject\20231227-yuan\yuan-build-ci4\system\Debug\ExceptionHandler.php(112): CodeIgniter\Debug\BaseExceptionHandler->render(Object(Error), 500, 'D:\\auproject\\20...')
#6 D:\auproject\20231227-yuan\yuan-build-ci4\system\Debug\Exceptions.php(156): CodeIgniter\Debug\ExceptionHandler->handle(Object(Error), Object(CodeIgniter\HTTP\IncomingRequest), Object(CodeIgniter\HTTP\Response), 500, 1)
#7 [internal function]: CodeIgniter\Debug\Exceptions->exceptionHandler(Object(Error))
#8 {main}
  thrown
【Previous Exception】
Error
Class "Locale" not found
#0 D:\auproject\20231227-yuan\yuan-build-ci4\public\index.php(67): CodeIgniter\CodeIgniter->initialize()
#1 {main}
in SYSTEMPATH\Helpers\number_helper.php on line 137.
 1 [internal function]: CodeIgniter\Debug\Exceptions->shutdownHandler()
CRITICAL - 2024-03-04 13:14:20 --> Error: Class "Locale" not found
in SYSTEMPATH\CodeIgniter.php on line 218.
 1 FCPATH\index.php(67): CodeIgniter\CodeIgniter->initialize()
CRITICAL - 2024-03-04 13:14:21 --> Error: Class "Locale" not found
in SYSTEMPATH\CodeIgniter.php on line 218.
 1 FCPATH\index.php(67): CodeIgniter\CodeIgniter->initialize()
CRITICAL - 2024-03-04 13:14:21 --> ErrorException: Uncaught Error: Class "Locale" not found in D:\auproject\20231227-yuan\yuan-build-ci4\system\Helpers\number_helper.php:137
Stack trace:
#0 D:\auproject\20231227-yuan\yuan-build-ci4\system\Helpers\number_helper.php(56): format_number(8.0, 2, NULL, Array)
#1 D:\auproject\20231227-yuan\yuan-build-ci4\system\Debug\BaseExceptionHandler.php(152): number_to_size(8.0, 2)
#2 D:\auproject\20231227-yuan\yuan-build-ci4\app\Views\errors\html\error_exception.php(384): CodeIgniter\Debug\BaseExceptionHandler::describeMemory(8388608)
#3 D:\auproject\20231227-yuan\yuan-build-ci4\system\Debug\BaseExceptionHandler.php(248): include('D:\\auproject\\20...')
#4 D:\auproject\20231227-yuan\yuan-build-ci4\system\Debug\BaseExceptionHandler.php(251): CodeIgniter\Debug\BaseExceptionHandler->CodeIgniter\Debug\{closure}()
#5 D:\auproject\20231227-yuan\yuan-build-ci4\system\Debug\ExceptionHandler.php(112): CodeIgniter\Debug\BaseExceptionHandler->render(Object(Error), 500, 'D:\\auproject\\20...')
#6 D:\auproject\20231227-yuan\yuan-build-ci4\system\Debug\Exceptions.php(157): CodeIgniter\Debug\ExceptionHandler->handle(Object(Error), Object(CodeIgniter\HTTP\IncomingRequest), Object(CodeIgniter\HTTP\Response), 500, 1)
#7 [internal function]: CodeIgniter\Debug\Exceptions->exceptionHandler(Object(Error))
#8 {main}
  thrown
【Previous Exception】
Error
Class "Locale" not found
#0 D:\auproject\20231227-yuan\yuan-build-ci4\public\index.php(67): CodeIgniter\CodeIgniter->initialize()
#1 {main}
in SYSTEMPATH\Helpers\number_helper.php on line 137.
 1 [internal function]: CodeIgniter\Debug\Exceptions->shutdownHandler()
ERROR - 2024-03-04 21:20:33 --> Error connecting to the database: mysqli_sql_exception: Access denied for user 'yuan'@'localhost' (using password: YES) in D:\auproject\20231227-yuan\yuan-build-ci4\system\Database\MySQLi\Connection.php:185
Stack trace:
#0 D:\auproject\20231227-yuan\yuan-build-ci4\system\Database\MySQLi\Connection.php(185): mysqli->real_connect('localhost', 'yuan', 'q7PrToe3cYHL_o@...', 'yuan', 3306, '', 0)
#1 D:\auproject\20231227-yuan\yuan-build-ci4\system\Database\BaseConnection.php(392): CodeIgniter\Database\MySQLi\Connection->connect(false)
#2 D:\auproject\20231227-yuan\yuan-build-ci4\system\Database\BaseConnection.php(575): CodeIgniter\Database\BaseConnection->initialize()
#3 D:\auproject\20231227-yuan\yuan-build-ci4\system\Database\BaseBuilder.php(2302): CodeIgniter\Database\BaseConnection->query('INSERT INTO `fo...', Array, false)
#4 D:\auproject\20231227-yuan\yuan-build-ci4\system\Model.php(326): CodeIgniter\Database\BaseBuilder->insert()
#5 D:\auproject\20231227-yuan\yuan-build-ci4\system\BaseModel.php(802): CodeIgniter\Model->doInsert(Array)
#6 D:\auproject\20231227-yuan\yuan-build-ci4\system\Model.php(744): CodeIgniter\BaseModel->insert(Array, false)
#7 D:\auproject\20231227-yuan\yuan-build-ci4\system\BaseModel.php(713): CodeIgniter\Model->insert(Array, false)
#8 D:\auproject\20231227-yuan\yuan-build-ci4\app\Controllers\Frontend\Form.php(93): CodeIgniter\BaseModel->save(Array)
#9 D:\auproject\20231227-yuan\yuan-build-ci4\system\CodeIgniter.php(941): App\Controllers\Frontend\Form->submitForm()
#10 D:\auproject\20231227-yuan\yuan-build-ci4\system\CodeIgniter.php(502): CodeIgniter\CodeIgniter->runController(Object(App\Controllers\Frontend\Form))
#11 D:\auproject\20231227-yuan\yuan-build-ci4\system\CodeIgniter.php(361): CodeIgniter\CodeIgniter->handleRequest(NULL, Object(Config\Cache), false)
#12 D:\auproject\20231227-yuan\yuan-build-ci4\public\index.php(79): CodeIgniter\CodeIgniter->run()
#13 {main}

Next CodeIgniter\Database\Exceptions\DatabaseException: Access denied for user '****'@'localhost' (using password: YES) in D:\auproject\20231227-yuan\yuan-build-ci4\system\Database\MySQLi\Connection.php:229
Stack trace:
#0 D:\auproject\20231227-yuan\yuan-build-ci4\system\Database\BaseConnection.php(392): CodeIgniter\Database\MySQLi\Connection->connect(false)
#1 D:\auproject\20231227-yuan\yuan-build-ci4\system\Database\BaseConnection.php(575): CodeIgniter\Database\BaseConnection->initialize()
#2 D:\auproject\20231227-yuan\yuan-build-ci4\system\Database\BaseBuilder.php(2302): CodeIgniter\Database\BaseConnection->query('INSERT INTO `fo...', Array, false)
#3 D:\auproject\20231227-yuan\yuan-build-ci4\system\Model.php(326): CodeIgniter\Database\BaseBuilder->insert()
#4 D:\auproject\20231227-yuan\yuan-build-ci4\system\BaseModel.php(802): CodeIgniter\Model->doInsert(Array)
#5 D:\auproject\20231227-yuan\yuan-build-ci4\system\Model.php(744): CodeIgniter\BaseModel->insert(Array, false)
#6 D:\auproject\20231227-yuan\yuan-build-ci4\system\BaseModel.php(713): CodeIgniter\Model->insert(Array, false)
#7 D:\auproject\20231227-yuan\yuan-build-ci4\app\Controllers\Frontend\Form.php(93): CodeIgniter\BaseModel->save(Array)
#8 D:\auproject\20231227-yuan\yuan-build-ci4\system\CodeIgniter.php(941): App\Controllers\Frontend\Form->submitForm()
#9 D:\auproject\20231227-yuan\yuan-build-ci4\system\CodeIgniter.php(502): CodeIgniter\CodeIgniter->runController(Object(App\Controllers\Frontend\Form))
#10 D:\auproject\20231227-yuan\yuan-build-ci4\system\CodeIgniter.php(361): CodeIgniter\CodeIgniter->handleRequest(NULL, Object(Config\Cache), false)
#11 D:\auproject\20231227-yuan\yuan-build-ci4\public\index.php(79): CodeIgniter\CodeIgniter->run()
#12 {main}
CRITICAL - 2024-03-04 21:20:33 --> CodeIgniter\Database\Exceptions\DatabaseException: Unable to connect to the database.
Main connection [MySQLi]: Access denied for user '****'@'localhost' (using password: YES)
in SYSTEMPATH\Database\BaseConnection.php on line 428.
 1 SYSTEMPATH\Database\BaseConnection.php(575): CodeIgniter\Database\BaseConnection->initialize()
 2 SYSTEMPATH\Database\BaseBuilder.php(2302): CodeIgniter\Database\BaseConnection->query('INSERT INTO `forms` (`form_type`, `u_name`, `u_phone`, `u_budget`, `u_location`, `user_data`, `status`, `created_at`, `updated_at`) VALUES (:form_type:, :u_name:, :u_phone:, :u_budget:, :u_location:, :user_data:, :status:, :created_at:, :updated_at:)', [...], false)
 3 SYSTEMPATH\Model.php(326): CodeIgniter\Database\BaseBuilder->insert()
 4 SYSTEMPATH\BaseModel.php(802): CodeIgniter\Model->doInsert([...])
 5 SYSTEMPATH\Model.php(744): CodeIgniter\BaseModel->insert([...], false)
 6 SYSTEMPATH\BaseModel.php(713): CodeIgniter\Model->insert([...], false)
 7 APPPATH\Controllers\Frontend\Form.php(93): CodeIgniter\BaseModel->save([...])
 8 SYSTEMPATH\CodeIgniter.php(941): App\Controllers\Frontend\Form->submitForm()
 9 SYSTEMPATH\CodeIgniter.php(502): CodeIgniter\CodeIgniter->runController(Object(App\Controllers\Frontend\Form))
10 SYSTEMPATH\CodeIgniter.php(361): CodeIgniter\CodeIgniter->handleRequest(null, Object(Config\Cache), false)
11 FCPATH\index.php(79): CodeIgniter\CodeIgniter->run()
ERROR - 2024-03-04 21:20:41 --> Error connecting to the database: mysqli_sql_exception: Access denied for user 'yuan'@'localhost' (using password: YES) in D:\auproject\20231227-yuan\yuan-build-ci4\system\Database\MySQLi\Connection.php:185
Stack trace:
#0 D:\auproject\20231227-yuan\yuan-build-ci4\system\Database\MySQLi\Connection.php(185): mysqli->real_connect('localhost', 'yuan', 'q7PrToe3cYHL_o@...', 'yuan', 3306, '', 0)
#1 D:\auproject\20231227-yuan\yuan-build-ci4\system\Database\BaseConnection.php(392): CodeIgniter\Database\MySQLi\Connection->connect(false)
#2 D:\auproject\20231227-yuan\yuan-build-ci4\system\Database\BaseConnection.php(575): CodeIgniter\Database\BaseConnection->initialize()
#3 D:\auproject\20231227-yuan\yuan-build-ci4\system\Database\BaseBuilder.php(2302): CodeIgniter\Database\BaseConnection->query('INSERT INTO `fo...', Array, false)
#4 D:\auproject\20231227-yuan\yuan-build-ci4\system\Model.php(326): CodeIgniter\Database\BaseBuilder->insert()
#5 D:\auproject\20231227-yuan\yuan-build-ci4\system\BaseModel.php(802): CodeIgniter\Model->doInsert(Array)
#6 D:\auproject\20231227-yuan\yuan-build-ci4\system\Model.php(744): CodeIgniter\BaseModel->insert(Array, false)
#7 D:\auproject\20231227-yuan\yuan-build-ci4\system\BaseModel.php(713): CodeIgniter\Model->insert(Array, false)
#8 D:\auproject\20231227-yuan\yuan-build-ci4\app\Controllers\Frontend\Form.php(93): CodeIgniter\BaseModel->save(Array)
#9 D:\auproject\20231227-yuan\yuan-build-ci4\system\CodeIgniter.php(941): App\Controllers\Frontend\Form->submitForm()
#10 D:\auproject\20231227-yuan\yuan-build-ci4\system\CodeIgniter.php(502): CodeIgniter\CodeIgniter->runController(Object(App\Controllers\Frontend\Form))
#11 D:\auproject\20231227-yuan\yuan-build-ci4\system\CodeIgniter.php(361): CodeIgniter\CodeIgniter->handleRequest(NULL, Object(Config\Cache), false)
#12 D:\auproject\20231227-yuan\yuan-build-ci4\public\index.php(79): CodeIgniter\CodeIgniter->run()
#13 {main}

Next CodeIgniter\Database\Exceptions\DatabaseException: Access denied for user '****'@'localhost' (using password: YES) in D:\auproject\20231227-yuan\yuan-build-ci4\system\Database\MySQLi\Connection.php:229
Stack trace:
#0 D:\auproject\20231227-yuan\yuan-build-ci4\system\Database\BaseConnection.php(392): CodeIgniter\Database\MySQLi\Connection->connect(false)
#1 D:\auproject\20231227-yuan\yuan-build-ci4\system\Database\BaseConnection.php(575): CodeIgniter\Database\BaseConnection->initialize()
#2 D:\auproject\20231227-yuan\yuan-build-ci4\system\Database\BaseBuilder.php(2302): CodeIgniter\Database\BaseConnection->query('INSERT INTO `fo...', Array, false)
#3 D:\auproject\20231227-yuan\yuan-build-ci4\system\Model.php(326): CodeIgniter\Database\BaseBuilder->insert()
#4 D:\auproject\20231227-yuan\yuan-build-ci4\system\BaseModel.php(802): CodeIgniter\Model->doInsert(Array)
#5 D:\auproject\20231227-yuan\yuan-build-ci4\system\Model.php(744): CodeIgniter\BaseModel->insert(Array, false)
#6 D:\auproject\20231227-yuan\yuan-build-ci4\system\BaseModel.php(713): CodeIgniter\Model->insert(Array, false)
#7 D:\auproject\20231227-yuan\yuan-build-ci4\app\Controllers\Frontend\Form.php(93): CodeIgniter\BaseModel->save(Array)
#8 D:\auproject\20231227-yuan\yuan-build-ci4\system\CodeIgniter.php(941): App\Controllers\Frontend\Form->submitForm()
#9 D:\auproject\20231227-yuan\yuan-build-ci4\system\CodeIgniter.php(502): CodeIgniter\CodeIgniter->runController(Object(App\Controllers\Frontend\Form))
#10 D:\auproject\20231227-yuan\yuan-build-ci4\system\CodeIgniter.php(361): CodeIgniter\CodeIgniter->handleRequest(NULL, Object(Config\Cache), false)
#11 D:\auproject\20231227-yuan\yuan-build-ci4\public\index.php(79): CodeIgniter\CodeIgniter->run()
#12 {main}
CRITICAL - 2024-03-04 21:20:41 --> CodeIgniter\Database\Exceptions\DatabaseException: Unable to connect to the database.
Main connection [MySQLi]: Access denied for user '****'@'localhost' (using password: YES)
in SYSTEMPATH\Database\BaseConnection.php on line 428.
 1 SYSTEMPATH\Database\BaseConnection.php(575): CodeIgniter\Database\BaseConnection->initialize()
 2 SYSTEMPATH\Database\BaseBuilder.php(2302): CodeIgniter\Database\BaseConnection->query('INSERT INTO `forms` (`form_type`, `u_name`, `u_phone`, `u_budget`, `u_location`, `user_data`, `status`, `created_at`, `updated_at`) VALUES (:form_type:, :u_name:, :u_phone:, :u_budget:, :u_location:, :user_data:, :status:, :created_at:, :updated_at:)', [...], false)
 3 SYSTEMPATH\Model.php(326): CodeIgniter\Database\BaseBuilder->insert()
 4 SYSTEMPATH\BaseModel.php(802): CodeIgniter\Model->doInsert([...])
 5 SYSTEMPATH\Model.php(744): CodeIgniter\BaseModel->insert([...], false)
 6 SYSTEMPATH\BaseModel.php(713): CodeIgniter\Model->insert([...], false)
 7 APPPATH\Controllers\Frontend\Form.php(93): CodeIgniter\BaseModel->save([...])
 8 SYSTEMPATH\CodeIgniter.php(941): App\Controllers\Frontend\Form->submitForm()
 9 SYSTEMPATH\CodeIgniter.php(502): CodeIgniter\CodeIgniter->runController(Object(App\Controllers\Frontend\Form))
10 SYSTEMPATH\CodeIgniter.php(361): CodeIgniter\CodeIgniter->handleRequest(null, Object(Config\Cache), false)
11 FCPATH\index.php(79): CodeIgniter\CodeIgniter->run()
ERROR - 2024-03-04 21:26:26 --> mysqli_sql_exception: Table 'yuan.forms' doesn't exist in engine in D:\auproject\20231227-yuan\yuan-build-ci4\system\Database\MySQLi\Connection.php:306
Stack trace:
#0 D:\auproject\20231227-yuan\yuan-build-ci4\system\Database\MySQLi\Connection.php(306): mysqli->query('INSERT INTO `fo...', 0)
#1 D:\auproject\20231227-yuan\yuan-build-ci4\system\Database\BaseConnection.php(693): CodeIgniter\Database\MySQLi\Connection->execute('INSERT INTO `fo...')
#2 D:\auproject\20231227-yuan\yuan-build-ci4\system\Database\BaseConnection.php(607): CodeIgniter\Database\BaseConnection->simpleQuery('INSERT INTO `fo...')
#3 D:\auproject\20231227-yuan\yuan-build-ci4\system\Database\BaseBuilder.php(2302): CodeIgniter\Database\BaseConnection->query('INSERT INTO `fo...', Array, false)
#4 D:\auproject\20231227-yuan\yuan-build-ci4\system\Model.php(326): CodeIgniter\Database\BaseBuilder->insert()
#5 D:\auproject\20231227-yuan\yuan-build-ci4\system\BaseModel.php(802): CodeIgniter\Model->doInsert(Array)
#6 D:\auproject\20231227-yuan\yuan-build-ci4\system\Model.php(744): CodeIgniter\BaseModel->insert(Array, false)
#7 D:\auproject\20231227-yuan\yuan-build-ci4\system\BaseModel.php(713): CodeIgniter\Model->insert(Array, false)
#8 D:\auproject\20231227-yuan\yuan-build-ci4\app\Controllers\Frontend\Form.php(93): CodeIgniter\BaseModel->save(Array)
#9 D:\auproject\20231227-yuan\yuan-build-ci4\system\CodeIgniter.php(941): App\Controllers\Frontend\Form->submitForm()
#10 D:\auproject\20231227-yuan\yuan-build-ci4\system\CodeIgniter.php(502): CodeIgniter\CodeIgniter->runController(Object(App\Controllers\Frontend\Form))
#11 D:\auproject\20231227-yuan\yuan-build-ci4\system\CodeIgniter.php(361): CodeIgniter\CodeIgniter->handleRequest(NULL, Object(Config\Cache), false)
#12 D:\auproject\20231227-yuan\yuan-build-ci4\public\index.php(79): CodeIgniter\CodeIgniter->run()
#13 {main}
CRITICAL - 2024-03-04 21:26:26 --> CodeIgniter\Database\Exceptions\DatabaseException: Table 'yuan.forms' doesn't exist in engine
in SYSTEMPATH\Database\BaseConnection.php on line 647.
 1 SYSTEMPATH\Database\BaseBuilder.php(2302): CodeIgniter\Database\BaseConnection->query('INSERT INTO `forms` (`form_type`, `u_name`, `u_phone`, `u_budget`, `u_location`, `user_data`, `status`, `created_at`, `updated_at`) VALUES (:form_type:, :u_name:, :u_phone:, :u_budget:, :u_location:, :user_data:, :status:, :created_at:, :updated_at:)', [...], false)
 2 SYSTEMPATH\Model.php(326): CodeIgniter\Database\BaseBuilder->insert()
 3 SYSTEMPATH\BaseModel.php(802): CodeIgniter\Model->doInsert([...])
 4 SYSTEMPATH\Model.php(744): CodeIgniter\BaseModel->insert([...], false)
 5 SYSTEMPATH\BaseModel.php(713): CodeIgniter\Model->insert([...], false)
 6 APPPATH\Controllers\Frontend\Form.php(93): CodeIgniter\BaseModel->save([...])
 7 SYSTEMPATH\CodeIgniter.php(941): App\Controllers\Frontend\Form->submitForm()
 8 SYSTEMPATH\CodeIgniter.php(502): CodeIgniter\CodeIgniter->runController(Object(App\Controllers\Frontend\Form))
 9 SYSTEMPATH\CodeIgniter.php(361): CodeIgniter\CodeIgniter->handleRequest(null, Object(Config\Cache), false)
10 FCPATH\index.php(79): CodeIgniter\CodeIgniter->run()
CRITICAL - 2024-03-04 21:26:26 --> [Caused by] CodeIgniter\Database\Exceptions\DatabaseException: Table 'yuan.forms' doesn't exist in engine
in SYSTEMPATH\Database\MySQLi\Connection.php on line 311.
 1 SYSTEMPATH\Database\BaseConnection.php(693): CodeIgniter\Database\MySQLi\Connection->execute('INSERT INTO `forms` (`form_type`, `u_name`, `u_phone`, `u_budget`, `u_location`, `user_data`, `status`, `created_at`, `updated_at`) VALUES (\'1\', \'測試2\', \'0912345678\', (\'20-40萬\'), \'\', \'{\\"type\\":\\"1\\",\\"name\\":\\"測試2\\",\\"phone\\":\\"0912345678\\",\\"questions\\":{\\"q1\\":{\\"title\\":\\"家電購買的緣由是？\\",\\"value\\":\\"\\"},\\"q2\\":{\\"title\\":\\"使用地點在哪個區域呢？\\",\\"value\\":\\"\\"},\\"q3\\":{\\"title\\":\\"建築物有配置電梯嗎？\\",\\"value\\":\\"\\"},\\"q4\\":{\\"title\\":\\"預計常態使用人數幾位呢？\\",\\"value\\":\\"長者人數: 0, 成人人數: 0, 兒童人數: 0\\"},\\"q5\\":{\\"title\\":\\"家中是否有寵物呢？\\",\\"value\\":[]},\\"q6\\":{\\"title\\":\\"哪個家中區域是您最注重的呢？\\",\\"value\\":[\\"臥房\\"]},\\"q7\\":{\\"title\\":\\"您期望獲得哪一種的生活場景？\\",\\"value\\":[\\"解放雙手曬衣體驗\\"]},\\"q8\\":{\\"title\\":\\"您預計投入多少資金打造夢想中的生活場景呢？\\",\\"value\\":{\\"label\\":\\"20-40萬\\"}},\\"q9\\":{\\"title\\":\\"我們會在2日內與您聯繫，您準備好了嗎？\\",\\"value\\":\\"\\"},\\"q10\\":{\\"title\\":\\"如果您已經準備好了，請留下資料，讓我們聯繫您\\",\\"value\\":\\"手機: 0912345678, 姓名: 測試2, 不方便聯繫的時間: 晚上\\"}}}\', \'pending\', \'2024-03-04 21:26:26\', \'2024-03-04 21:26:26\')')
 2 SYSTEMPATH\Database\BaseConnection.php(607): CodeIgniter\Database\BaseConnection->simpleQuery('INSERT INTO `forms` (`form_type`, `u_name`, `u_phone`, `u_budget`, `u_location`, `user_data`, `status`, `created_at`, `updated_at`) VALUES (\'1\', \'測試2\', \'0912345678\', (\'20-40萬\'), \'\', \'{\\"type\\":\\"1\\",\\"name\\":\\"測試2\\",\\"phone\\":\\"0912345678\\",\\"questions\\":{\\"q1\\":{\\"title\\":\\"家電購買的緣由是？\\",\\"value\\":\\"\\"},\\"q2\\":{\\"title\\":\\"使用地點在哪個區域呢？\\",\\"value\\":\\"\\"},\\"q3\\":{\\"title\\":\\"建築物有配置電梯嗎？\\",\\"value\\":\\"\\"},\\"q4\\":{\\"title\\":\\"預計常態使用人數幾位呢？\\",\\"value\\":\\"長者人數: 0, 成人人數: 0, 兒童人數: 0\\"},\\"q5\\":{\\"title\\":\\"家中是否有寵物呢？\\",\\"value\\":[]},\\"q6\\":{\\"title\\":\\"哪個家中區域是您最注重的呢？\\",\\"value\\":[\\"臥房\\"]},\\"q7\\":{\\"title\\":\\"您期望獲得哪一種的生活場景？\\",\\"value\\":[\\"解放雙手曬衣體驗\\"]},\\"q8\\":{\\"title\\":\\"您預計投入多少資金打造夢想中的生活場景呢？\\",\\"value\\":{\\"label\\":\\"20-40萬\\"}},\\"q9\\":{\\"title\\":\\"我們會在2日內與您聯繫，您準備好了嗎？\\",\\"value\\":\\"\\"},\\"q10\\":{\\"title\\":\\"如果您已經準備好了，請留下資料，讓我們聯繫您\\",\\"value\\":\\"手機: 0912345678, 姓名: 測試2, 不方便聯繫的時間: 晚上\\"}}}\', \'pending\', \'2024-03-04 21:26:26\', \'2024-03-04 21:26:26\')')
 3 SYSTEMPATH\Database\BaseBuilder.php(2302): CodeIgniter\Database\BaseConnection->query('INSERT INTO `forms` (`form_type`, `u_name`, `u_phone`, `u_budget`, `u_location`, `user_data`, `status`, `created_at`, `updated_at`) VALUES (:form_type:, :u_name:, :u_phone:, :u_budget:, :u_location:, :user_data:, :status:, :created_at:, :updated_at:)', [...], false)
 4 SYSTEMPATH\Model.php(326): CodeIgniter\Database\BaseBuilder->insert()
 5 SYSTEMPATH\BaseModel.php(802): CodeIgniter\Model->doInsert([...])
 6 SYSTEMPATH\Model.php(744): CodeIgniter\BaseModel->insert([...], false)
 7 SYSTEMPATH\BaseModel.php(713): CodeIgniter\Model->insert([...], false)
 8 APPPATH\Controllers\Frontend\Form.php(93): CodeIgniter\BaseModel->save([...])
 9 SYSTEMPATH\CodeIgniter.php(941): App\Controllers\Frontend\Form->submitForm()
10 SYSTEMPATH\CodeIgniter.php(502): CodeIgniter\CodeIgniter->runController(Object(App\Controllers\Frontend\Form))
11 SYSTEMPATH\CodeIgniter.php(361): CodeIgniter\CodeIgniter->handleRequest(null, Object(Config\Cache), false)
12 FCPATH\index.php(79): CodeIgniter\CodeIgniter->run()
CRITICAL - 2024-03-04 21:26:26 --> [Caused by] mysqli_sql_exception: Table 'yuan.forms' doesn't exist in engine
in SYSTEMPATH\Database\MySQLi\Connection.php on line 306.
 1 SYSTEMPATH\Database\MySQLi\Connection.php(306): mysqli->query('INSERT INTO `forms` (`form_type`, `u_name`, `u_phone`, `u_budget`, `u_location`, `user_data`, `status`, `created_at`, `updated_at`) VALUES (\'1\', \'測試2\', \'0912345678\', (\'20-40萬\'), \'\', \'{\\"type\\":\\"1\\",\\"name\\":\\"測試2\\",\\"phone\\":\\"0912345678\\",\\"questions\\":{\\"q1\\":{\\"title\\":\\"家電購買的緣由是？\\",\\"value\\":\\"\\"},\\"q2\\":{\\"title\\":\\"使用地點在哪個區域呢？\\",\\"value\\":\\"\\"},\\"q3\\":{\\"title\\":\\"建築物有配置電梯嗎？\\",\\"value\\":\\"\\"},\\"q4\\":{\\"title\\":\\"預計常態使用人數幾位呢？\\",\\"value\\":\\"長者人數: 0, 成人人數: 0, 兒童人數: 0\\"},\\"q5\\":{\\"title\\":\\"家中是否有寵物呢？\\",\\"value\\":[]},\\"q6\\":{\\"title\\":\\"哪個家中區域是您最注重的呢？\\",\\"value\\":[\\"臥房\\"]},\\"q7\\":{\\"title\\":\\"您期望獲得哪一種的生活場景？\\",\\"value\\":[\\"解放雙手曬衣體驗\\"]},\\"q8\\":{\\"title\\":\\"您預計投入多少資金打造夢想中的生活場景呢？\\",\\"value\\":{\\"label\\":\\"20-40萬\\"}},\\"q9\\":{\\"title\\":\\"我們會在2日內與您聯繫，您準備好了嗎？\\",\\"value\\":\\"\\"},\\"q10\\":{\\"title\\":\\"如果您已經準備好了，請留下資料，讓我們聯繫您\\",\\"value\\":\\"手機: 0912345678, 姓名: 測試2, 不方便聯繫的時間: 晚上\\"}}}\', \'pending\', \'2024-03-04 21:26:26\', \'2024-03-04 21:26:26\')', 0)
 2 SYSTEMPATH\Database\BaseConnection.php(693): CodeIgniter\Database\MySQLi\Connection->execute('INSERT INTO `forms` (`form_type`, `u_name`, `u_phone`, `u_budget`, `u_location`, `user_data`, `status`, `created_at`, `updated_at`) VALUES (\'1\', \'測試2\', \'0912345678\', (\'20-40萬\'), \'\', \'{\\"type\\":\\"1\\",\\"name\\":\\"測試2\\",\\"phone\\":\\"0912345678\\",\\"questions\\":{\\"q1\\":{\\"title\\":\\"家電購買的緣由是？\\",\\"value\\":\\"\\"},\\"q2\\":{\\"title\\":\\"使用地點在哪個區域呢？\\",\\"value\\":\\"\\"},\\"q3\\":{\\"title\\":\\"建築物有配置電梯嗎？\\",\\"value\\":\\"\\"},\\"q4\\":{\\"title\\":\\"預計常態使用人數幾位呢？\\",\\"value\\":\\"長者人數: 0, 成人人數: 0, 兒童人數: 0\\"},\\"q5\\":{\\"title\\":\\"家中是否有寵物呢？\\",\\"value\\":[]},\\"q6\\":{\\"title\\":\\"哪個家中區域是您最注重的呢？\\",\\"value\\":[\\"臥房\\"]},\\"q7\\":{\\"title\\":\\"您期望獲得哪一種的生活場景？\\",\\"value\\":[\\"解放雙手曬衣體驗\\"]},\\"q8\\":{\\"title\\":\\"您預計投入多少資金打造夢想中的生活場景呢？\\",\\"value\\":{\\"label\\":\\"20-40萬\\"}},\\"q9\\":{\\"title\\":\\"我們會在2日內與您聯繫，您準備好了嗎？\\",\\"value\\":\\"\\"},\\"q10\\":{\\"title\\":\\"如果您已經準備好了，請留下資料，讓我們聯繫您\\",\\"value\\":\\"手機: 0912345678, 姓名: 測試2, 不方便聯繫的時間: 晚上\\"}}}\', \'pending\', \'2024-03-04 21:26:26\', \'2024-03-04 21:26:26\')')
 3 SYSTEMPATH\Database\BaseConnection.php(607): CodeIgniter\Database\BaseConnection->simpleQuery('INSERT INTO `forms` (`form_type`, `u_name`, `u_phone`, `u_budget`, `u_location`, `user_data`, `status`, `created_at`, `updated_at`) VALUES (\'1\', \'測試2\', \'0912345678\', (\'20-40萬\'), \'\', \'{\\"type\\":\\"1\\",\\"name\\":\\"測試2\\",\\"phone\\":\\"0912345678\\",\\"questions\\":{\\"q1\\":{\\"title\\":\\"家電購買的緣由是？\\",\\"value\\":\\"\\"},\\"q2\\":{\\"title\\":\\"使用地點在哪個區域呢？\\",\\"value\\":\\"\\"},\\"q3\\":{\\"title\\":\\"建築物有配置電梯嗎？\\",\\"value\\":\\"\\"},\\"q4\\":{\\"title\\":\\"預計常態使用人數幾位呢？\\",\\"value\\":\\"長者人數: 0, 成人人數: 0, 兒童人數: 0\\"},\\"q5\\":{\\"title\\":\\"家中是否有寵物呢？\\",\\"value\\":[]},\\"q6\\":{\\"title\\":\\"哪個家中區域是您最注重的呢？\\",\\"value\\":[\\"臥房\\"]},\\"q7\\":{\\"title\\":\\"您期望獲得哪一種的生活場景？\\",\\"value\\":[\\"解放雙手曬衣體驗\\"]},\\"q8\\":{\\"title\\":\\"您預計投入多少資金打造夢想中的生活場景呢？\\",\\"value\\":{\\"label\\":\\"20-40萬\\"}},\\"q9\\":{\\"title\\":\\"我們會在2日內與您聯繫，您準備好了嗎？\\",\\"value\\":\\"\\"},\\"q10\\":{\\"title\\":\\"如果您已經準備好了，請留下資料，讓我們聯繫您\\",\\"value\\":\\"手機: 0912345678, 姓名: 測試2, 不方便聯繫的時間: 晚上\\"}}}\', \'pending\', \'2024-03-04 21:26:26\', \'2024-03-04 21:26:26\')')
 4 SYSTEMPATH\Database\BaseBuilder.php(2302): CodeIgniter\Database\BaseConnection->query('INSERT INTO `forms` (`form_type`, `u_name`, `u_phone`, `u_budget`, `u_location`, `user_data`, `status`, `created_at`, `updated_at`) VALUES (:form_type:, :u_name:, :u_phone:, :u_budget:, :u_location:, :user_data:, :status:, :created_at:, :updated_at:)', [...], false)
 5 SYSTEMPATH\Model.php(326): CodeIgniter\Database\BaseBuilder->insert()
 6 SYSTEMPATH\BaseModel.php(802): CodeIgniter\Model->doInsert([...])
 7 SYSTEMPATH\Model.php(744): CodeIgniter\BaseModel->insert([...], false)
 8 SYSTEMPATH\BaseModel.php(713): CodeIgniter\Model->insert([...], false)
 9 APPPATH\Controllers\Frontend\Form.php(93): CodeIgniter\BaseModel->save([...])
10 SYSTEMPATH\CodeIgniter.php(941): App\Controllers\Frontend\Form->submitForm()
11 SYSTEMPATH\CodeIgniter.php(502): CodeIgniter\CodeIgniter->runController(Object(App\Controllers\Frontend\Form))
12 SYSTEMPATH\CodeIgniter.php(361): CodeIgniter\CodeIgniter->handleRequest(null, Object(Config\Cache), false)
13 FCPATH\index.php(79): CodeIgniter\CodeIgniter->run()
ERROR - 2024-03-04 21:26:47 --> mysqli_sql_exception: Table 'yuan.forms' doesn't exist in engine in D:\auproject\20231227-yuan\yuan-build-ci4\system\Database\MySQLi\Connection.php:306
Stack trace:
#0 D:\auproject\20231227-yuan\yuan-build-ci4\system\Database\MySQLi\Connection.php(306): mysqli->query('INSERT INTO `fo...', 0)
#1 D:\auproject\20231227-yuan\yuan-build-ci4\system\Database\BaseConnection.php(693): CodeIgniter\Database\MySQLi\Connection->execute('INSERT INTO `fo...')
#2 D:\auproject\20231227-yuan\yuan-build-ci4\system\Database\BaseConnection.php(607): CodeIgniter\Database\BaseConnection->simpleQuery('INSERT INTO `fo...')
#3 D:\auproject\20231227-yuan\yuan-build-ci4\system\Database\BaseBuilder.php(2302): CodeIgniter\Database\BaseConnection->query('INSERT INTO `fo...', Array, false)
#4 D:\auproject\20231227-yuan\yuan-build-ci4\system\Model.php(326): CodeIgniter\Database\BaseBuilder->insert()
#5 D:\auproject\20231227-yuan\yuan-build-ci4\system\BaseModel.php(802): CodeIgniter\Model->doInsert(Array)
#6 D:\auproject\20231227-yuan\yuan-build-ci4\system\Model.php(744): CodeIgniter\BaseModel->insert(Array, false)
#7 D:\auproject\20231227-yuan\yuan-build-ci4\system\BaseModel.php(713): CodeIgniter\Model->insert(Array, false)
#8 D:\auproject\20231227-yuan\yuan-build-ci4\app\Controllers\Frontend\Form.php(93): CodeIgniter\BaseModel->save(Array)
#9 D:\auproject\20231227-yuan\yuan-build-ci4\system\CodeIgniter.php(941): App\Controllers\Frontend\Form->submitForm()
#10 D:\auproject\20231227-yuan\yuan-build-ci4\system\CodeIgniter.php(502): CodeIgniter\CodeIgniter->runController(Object(App\Controllers\Frontend\Form))
#11 D:\auproject\20231227-yuan\yuan-build-ci4\system\CodeIgniter.php(361): CodeIgniter\CodeIgniter->handleRequest(NULL, Object(Config\Cache), false)
#12 D:\auproject\20231227-yuan\yuan-build-ci4\public\index.php(79): CodeIgniter\CodeIgniter->run()
#13 {main}
CRITICAL - 2024-03-04 21:26:47 --> CodeIgniter\Database\Exceptions\DatabaseException: Table 'yuan.forms' doesn't exist in engine
in SYSTEMPATH\Database\BaseConnection.php on line 647.
 1 SYSTEMPATH\Database\BaseBuilder.php(2302): CodeIgniter\Database\BaseConnection->query('INSERT INTO `forms` (`form_type`, `u_name`, `u_phone`, `u_budget`, `u_location`, `user_data`, `status`, `created_at`, `updated_at`) VALUES (:form_type:, :u_name:, :u_phone:, :u_budget:, :u_location:, :user_data:, :status:, :created_at:, :updated_at:)', [...], false)
 2 SYSTEMPATH\Model.php(326): CodeIgniter\Database\BaseBuilder->insert()
 3 SYSTEMPATH\BaseModel.php(802): CodeIgniter\Model->doInsert([...])
 4 SYSTEMPATH\Model.php(744): CodeIgniter\BaseModel->insert([...], false)
 5 SYSTEMPATH\BaseModel.php(713): CodeIgniter\Model->insert([...], false)
 6 APPPATH\Controllers\Frontend\Form.php(93): CodeIgniter\BaseModel->save([...])
 7 SYSTEMPATH\CodeIgniter.php(941): App\Controllers\Frontend\Form->submitForm()
 8 SYSTEMPATH\CodeIgniter.php(502): CodeIgniter\CodeIgniter->runController(Object(App\Controllers\Frontend\Form))
 9 SYSTEMPATH\CodeIgniter.php(361): CodeIgniter\CodeIgniter->handleRequest(null, Object(Config\Cache), false)
10 FCPATH\index.php(79): CodeIgniter\CodeIgniter->run()
CRITICAL - 2024-03-04 21:26:47 --> [Caused by] CodeIgniter\Database\Exceptions\DatabaseException: Table 'yuan.forms' doesn't exist in engine
in SYSTEMPATH\Database\MySQLi\Connection.php on line 311.
 1 SYSTEMPATH\Database\BaseConnection.php(693): CodeIgniter\Database\MySQLi\Connection->execute('INSERT INTO `forms` (`form_type`, `u_name`, `u_phone`, `u_budget`, `u_location`, `user_data`, `status`, `created_at`, `updated_at`) VALUES (\'1\', \'測試2\', \'0912345678\', (\'20-40萬\'), \'\', \'{\\"type\\":\\"1\\",\\"name\\":\\"測試2\\",\\"phone\\":\\"0912345678\\",\\"questions\\":{\\"q1\\":{\\"title\\":\\"家電購買的緣由是？\\",\\"value\\":\\"\\"},\\"q2\\":{\\"title\\":\\"使用地點在哪個區域呢？\\",\\"value\\":\\"\\"},\\"q3\\":{\\"title\\":\\"建築物有配置電梯嗎？\\",\\"value\\":\\"\\"},\\"q4\\":{\\"title\\":\\"預計常態使用人數幾位呢？\\",\\"value\\":\\"長者人數: 0, 成人人數: 0, 兒童人數: 0\\"},\\"q5\\":{\\"title\\":\\"家中是否有寵物呢？\\",\\"value\\":[]},\\"q6\\":{\\"title\\":\\"哪個家中區域是您最注重的呢？\\",\\"value\\":[\\"臥房\\"]},\\"q7\\":{\\"title\\":\\"您期望獲得哪一種的生活場景？\\",\\"value\\":[\\"解放雙手曬衣體驗\\"]},\\"q8\\":{\\"title\\":\\"您預計投入多少資金打造夢想中的生活場景呢？\\",\\"value\\":{\\"label\\":\\"20-40萬\\"}},\\"q9\\":{\\"title\\":\\"我們會在2日內與您聯繫，您準備好了嗎？\\",\\"value\\":\\"\\"},\\"q10\\":{\\"title\\":\\"如果您已經準備好了，請留下資料，讓我們聯繫您\\",\\"value\\":\\"手機: 0912345678, 姓名: 測試2, 不方便聯繫的時間: 晚上\\"}}}\', \'pending\', \'2024-03-04 21:26:47\', \'2024-03-04 21:26:47\')')
 2 SYSTEMPATH\Database\BaseConnection.php(607): CodeIgniter\Database\BaseConnection->simpleQuery('INSERT INTO `forms` (`form_type`, `u_name`, `u_phone`, `u_budget`, `u_location`, `user_data`, `status`, `created_at`, `updated_at`) VALUES (\'1\', \'測試2\', \'0912345678\', (\'20-40萬\'), \'\', \'{\\"type\\":\\"1\\",\\"name\\":\\"測試2\\",\\"phone\\":\\"0912345678\\",\\"questions\\":{\\"q1\\":{\\"title\\":\\"家電購買的緣由是？\\",\\"value\\":\\"\\"},\\"q2\\":{\\"title\\":\\"使用地點在哪個區域呢？\\",\\"value\\":\\"\\"},\\"q3\\":{\\"title\\":\\"建築物有配置電梯嗎？\\",\\"value\\":\\"\\"},\\"q4\\":{\\"title\\":\\"預計常態使用人數幾位呢？\\",\\"value\\":\\"長者人數: 0, 成人人數: 0, 兒童人數: 0\\"},\\"q5\\":{\\"title\\":\\"家中是否有寵物呢？\\",\\"value\\":[]},\\"q6\\":{\\"title\\":\\"哪個家中區域是您最注重的呢？\\",\\"value\\":[\\"臥房\\"]},\\"q7\\":{\\"title\\":\\"您期望獲得哪一種的生活場景？\\",\\"value\\":[\\"解放雙手曬衣體驗\\"]},\\"q8\\":{\\"title\\":\\"您預計投入多少資金打造夢想中的生活場景呢？\\",\\"value\\":{\\"label\\":\\"20-40萬\\"}},\\"q9\\":{\\"title\\":\\"我們會在2日內與您聯繫，您準備好了嗎？\\",\\"value\\":\\"\\"},\\"q10\\":{\\"title\\":\\"如果您已經準備好了，請留下資料，讓我們聯繫您\\",\\"value\\":\\"手機: 0912345678, 姓名: 測試2, 不方便聯繫的時間: 晚上\\"}}}\', \'pending\', \'2024-03-04 21:26:47\', \'2024-03-04 21:26:47\')')
 3 SYSTEMPATH\Database\BaseBuilder.php(2302): CodeIgniter\Database\BaseConnection->query('INSERT INTO `forms` (`form_type`, `u_name`, `u_phone`, `u_budget`, `u_location`, `user_data`, `status`, `created_at`, `updated_at`) VALUES (:form_type:, :u_name:, :u_phone:, :u_budget:, :u_location:, :user_data:, :status:, :created_at:, :updated_at:)', [...], false)
 4 SYSTEMPATH\Model.php(326): CodeIgniter\Database\BaseBuilder->insert()
 5 SYSTEMPATH\BaseModel.php(802): CodeIgniter\Model->doInsert([...])
 6 SYSTEMPATH\Model.php(744): CodeIgniter\BaseModel->insert([...], false)
 7 SYSTEMPATH\BaseModel.php(713): CodeIgniter\Model->insert([...], false)
 8 APPPATH\Controllers\Frontend\Form.php(93): CodeIgniter\BaseModel->save([...])
 9 SYSTEMPATH\CodeIgniter.php(941): App\Controllers\Frontend\Form->submitForm()
10 SYSTEMPATH\CodeIgniter.php(502): CodeIgniter\CodeIgniter->runController(Object(App\Controllers\Frontend\Form))
11 SYSTEMPATH\CodeIgniter.php(361): CodeIgniter\CodeIgniter->handleRequest(null, Object(Config\Cache), false)
12 FCPATH\index.php(79): CodeIgniter\CodeIgniter->run()
CRITICAL - 2024-03-04 21:26:47 --> [Caused by] mysqli_sql_exception: Table 'yuan.forms' doesn't exist in engine
in SYSTEMPATH\Database\MySQLi\Connection.php on line 306.
 1 SYSTEMPATH\Database\MySQLi\Connection.php(306): mysqli->query('INSERT INTO `forms` (`form_type`, `u_name`, `u_phone`, `u_budget`, `u_location`, `user_data`, `status`, `created_at`, `updated_at`) VALUES (\'1\', \'測試2\', \'0912345678\', (\'20-40萬\'), \'\', \'{\\"type\\":\\"1\\",\\"name\\":\\"測試2\\",\\"phone\\":\\"0912345678\\",\\"questions\\":{\\"q1\\":{\\"title\\":\\"家電購買的緣由是？\\",\\"value\\":\\"\\"},\\"q2\\":{\\"title\\":\\"使用地點在哪個區域呢？\\",\\"value\\":\\"\\"},\\"q3\\":{\\"title\\":\\"建築物有配置電梯嗎？\\",\\"value\\":\\"\\"},\\"q4\\":{\\"title\\":\\"預計常態使用人數幾位呢？\\",\\"value\\":\\"長者人數: 0, 成人人數: 0, 兒童人數: 0\\"},\\"q5\\":{\\"title\\":\\"家中是否有寵物呢？\\",\\"value\\":[]},\\"q6\\":{\\"title\\":\\"哪個家中區域是您最注重的呢？\\",\\"value\\":[\\"臥房\\"]},\\"q7\\":{\\"title\\":\\"您期望獲得哪一種的生活場景？\\",\\"value\\":[\\"解放雙手曬衣體驗\\"]},\\"q8\\":{\\"title\\":\\"您預計投入多少資金打造夢想中的生活場景呢？\\",\\"value\\":{\\"label\\":\\"20-40萬\\"}},\\"q9\\":{\\"title\\":\\"我們會在2日內與您聯繫，您準備好了嗎？\\",\\"value\\":\\"\\"},\\"q10\\":{\\"title\\":\\"如果您已經準備好了，請留下資料，讓我們聯繫您\\",\\"value\\":\\"手機: 0912345678, 姓名: 測試2, 不方便聯繫的時間: 晚上\\"}}}\', \'pending\', \'2024-03-04 21:26:47\', \'2024-03-04 21:26:47\')', 0)
 2 SYSTEMPATH\Database\BaseConnection.php(693): CodeIgniter\Database\MySQLi\Connection->execute('INSERT INTO `forms` (`form_type`, `u_name`, `u_phone`, `u_budget`, `u_location`, `user_data`, `status`, `created_at`, `updated_at`) VALUES (\'1\', \'測試2\', \'0912345678\', (\'20-40萬\'), \'\', \'{\\"type\\":\\"1\\",\\"name\\":\\"測試2\\",\\"phone\\":\\"0912345678\\",\\"questions\\":{\\"q1\\":{\\"title\\":\\"家電購買的緣由是？\\",\\"value\\":\\"\\"},\\"q2\\":{\\"title\\":\\"使用地點在哪個區域呢？\\",\\"value\\":\\"\\"},\\"q3\\":{\\"title\\":\\"建築物有配置電梯嗎？\\",\\"value\\":\\"\\"},\\"q4\\":{\\"title\\":\\"預計常態使用人數幾位呢？\\",\\"value\\":\\"長者人數: 0, 成人人數: 0, 兒童人數: 0\\"},\\"q5\\":{\\"title\\":\\"家中是否有寵物呢？\\",\\"value\\":[]},\\"q6\\":{\\"title\\":\\"哪個家中區域是您最注重的呢？\\",\\"value\\":[\\"臥房\\"]},\\"q7\\":{\\"title\\":\\"您期望獲得哪一種的生活場景？\\",\\"value\\":[\\"解放雙手曬衣體驗\\"]},\\"q8\\":{\\"title\\":\\"您預計投入多少資金打造夢想中的生活場景呢？\\",\\"value\\":{\\"label\\":\\"20-40萬\\"}},\\"q9\\":{\\"title\\":\\"我們會在2日內與您聯繫，您準備好了嗎？\\",\\"value\\":\\"\\"},\\"q10\\":{\\"title\\":\\"如果您已經準備好了，請留下資料，讓我們聯繫您\\",\\"value\\":\\"手機: 0912345678, 姓名: 測試2, 不方便聯繫的時間: 晚上\\"}}}\', \'pending\', \'2024-03-04 21:26:47\', \'2024-03-04 21:26:47\')')
 3 SYSTEMPATH\Database\BaseConnection.php(607): CodeIgniter\Database\BaseConnection->simpleQuery('INSERT INTO `forms` (`form_type`, `u_name`, `u_phone`, `u_budget`, `u_location`, `user_data`, `status`, `created_at`, `updated_at`) VALUES (\'1\', \'測試2\', \'0912345678\', (\'20-40萬\'), \'\', \'{\\"type\\":\\"1\\",\\"name\\":\\"測試2\\",\\"phone\\":\\"0912345678\\",\\"questions\\":{\\"q1\\":{\\"title\\":\\"家電購買的緣由是？\\",\\"value\\":\\"\\"},\\"q2\\":{\\"title\\":\\"使用地點在哪個區域呢？\\",\\"value\\":\\"\\"},\\"q3\\":{\\"title\\":\\"建築物有配置電梯嗎？\\",\\"value\\":\\"\\"},\\"q4\\":{\\"title\\":\\"預計常態使用人數幾位呢？\\",\\"value\\":\\"長者人數: 0, 成人人數: 0, 兒童人數: 0\\"},\\"q5\\":{\\"title\\":\\"家中是否有寵物呢？\\",\\"value\\":[]},\\"q6\\":{\\"title\\":\\"哪個家中區域是您最注重的呢？\\",\\"value\\":[\\"臥房\\"]},\\"q7\\":{\\"title\\":\\"您期望獲得哪一種的生活場景？\\",\\"value\\":[\\"解放雙手曬衣體驗\\"]},\\"q8\\":{\\"title\\":\\"您預計投入多少資金打造夢想中的生活場景呢？\\",\\"value\\":{\\"label\\":\\"20-40萬\\"}},\\"q9\\":{\\"title\\":\\"我們會在2日內與您聯繫，您準備好了嗎？\\",\\"value\\":\\"\\"},\\"q10\\":{\\"title\\":\\"如果您已經準備好了，請留下資料，讓我們聯繫您\\",\\"value\\":\\"手機: 0912345678, 姓名: 測試2, 不方便聯繫的時間: 晚上\\"}}}\', \'pending\', \'2024-03-04 21:26:47\', \'2024-03-04 21:26:47\')')
 4 SYSTEMPATH\Database\BaseBuilder.php(2302): CodeIgniter\Database\BaseConnection->query('INSERT INTO `forms` (`form_type`, `u_name`, `u_phone`, `u_budget`, `u_location`, `user_data`, `status`, `created_at`, `updated_at`) VALUES (:form_type:, :u_name:, :u_phone:, :u_budget:, :u_location:, :user_data:, :status:, :created_at:, :updated_at:)', [...], false)
 5 SYSTEMPATH\Model.php(326): CodeIgniter\Database\BaseBuilder->insert()
 6 SYSTEMPATH\BaseModel.php(802): CodeIgniter\Model->doInsert([...])
 7 SYSTEMPATH\Model.php(744): CodeIgniter\BaseModel->insert([...], false)
 8 SYSTEMPATH\BaseModel.php(713): CodeIgniter\Model->insert([...], false)
 9 APPPATH\Controllers\Frontend\Form.php(93): CodeIgniter\BaseModel->save([...])
10 SYSTEMPATH\CodeIgniter.php(941): App\Controllers\Frontend\Form->submitForm()
11 SYSTEMPATH\CodeIgniter.php(502): CodeIgniter\CodeIgniter->runController(Object(App\Controllers\Frontend\Form))
12 SYSTEMPATH\CodeIgniter.php(361): CodeIgniter\CodeIgniter->handleRequest(null, Object(Config\Cache), false)
13 FCPATH\index.php(79): CodeIgniter\CodeIgniter->run()
ERROR - 2024-03-04 21:28:19 --> mysqli_sql_exception: Table 'yuan.forms' doesn't exist in engine in D:\auproject\20231227-yuan\yuan-build-ci4\system\Database\MySQLi\Connection.php:306
Stack trace:
#0 D:\auproject\20231227-yuan\yuan-build-ci4\system\Database\MySQLi\Connection.php(306): mysqli->query('INSERT INTO `fo...', 0)
#1 D:\auproject\20231227-yuan\yuan-build-ci4\system\Database\BaseConnection.php(693): CodeIgniter\Database\MySQLi\Connection->execute('INSERT INTO `fo...')
#2 D:\auproject\20231227-yuan\yuan-build-ci4\system\Database\BaseConnection.php(607): CodeIgniter\Database\BaseConnection->simpleQuery('INSERT INTO `fo...')
#3 D:\auproject\20231227-yuan\yuan-build-ci4\system\Database\BaseBuilder.php(2302): CodeIgniter\Database\BaseConnection->query('INSERT INTO `fo...', Array, false)
#4 D:\auproject\20231227-yuan\yuan-build-ci4\system\Model.php(326): CodeIgniter\Database\BaseBuilder->insert()
#5 D:\auproject\20231227-yuan\yuan-build-ci4\system\BaseModel.php(802): CodeIgniter\Model->doInsert(Array)
#6 D:\auproject\20231227-yuan\yuan-build-ci4\system\Model.php(744): CodeIgniter\BaseModel->insert(Array, false)
#7 D:\auproject\20231227-yuan\yuan-build-ci4\system\BaseModel.php(713): CodeIgniter\Model->insert(Array, false)
#8 D:\auproject\20231227-yuan\yuan-build-ci4\app\Controllers\Frontend\Form.php(93): CodeIgniter\BaseModel->save(Array)
#9 D:\auproject\20231227-yuan\yuan-build-ci4\system\CodeIgniter.php(941): App\Controllers\Frontend\Form->submitForm()
#10 D:\auproject\20231227-yuan\yuan-build-ci4\system\CodeIgniter.php(502): CodeIgniter\CodeIgniter->runController(Object(App\Controllers\Frontend\Form))
#11 D:\auproject\20231227-yuan\yuan-build-ci4\system\CodeIgniter.php(361): CodeIgniter\CodeIgniter->handleRequest(NULL, Object(Config\Cache), false)
#12 D:\auproject\20231227-yuan\yuan-build-ci4\public\index.php(79): CodeIgniter\CodeIgniter->run()
#13 {main}
CRITICAL - 2024-03-04 21:28:19 --> CodeIgniter\Database\Exceptions\DatabaseException: Table 'yuan.forms' doesn't exist in engine
in SYSTEMPATH\Database\BaseConnection.php on line 647.
 1 SYSTEMPATH\Database\BaseBuilder.php(2302): CodeIgniter\Database\BaseConnection->query('INSERT INTO `forms` (`form_type`, `u_name`, `u_phone`, `u_budget`, `u_location`, `user_data`, `status`, `created_at`, `updated_at`) VALUES (:form_type:, :u_name:, :u_phone:, :u_budget:, :u_location:, :user_data:, :status:, :created_at:, :updated_at:)', [...], false)
 2 SYSTEMPATH\Model.php(326): CodeIgniter\Database\BaseBuilder->insert()
 3 SYSTEMPATH\BaseModel.php(802): CodeIgniter\Model->doInsert([...])
 4 SYSTEMPATH\Model.php(744): CodeIgniter\BaseModel->insert([...], false)
 5 SYSTEMPATH\BaseModel.php(713): CodeIgniter\Model->insert([...], false)
 6 APPPATH\Controllers\Frontend\Form.php(93): CodeIgniter\BaseModel->save([...])
 7 SYSTEMPATH\CodeIgniter.php(941): App\Controllers\Frontend\Form->submitForm()
 8 SYSTEMPATH\CodeIgniter.php(502): CodeIgniter\CodeIgniter->runController(Object(App\Controllers\Frontend\Form))
 9 SYSTEMPATH\CodeIgniter.php(361): CodeIgniter\CodeIgniter->handleRequest(null, Object(Config\Cache), false)
10 FCPATH\index.php(79): CodeIgniter\CodeIgniter->run()
CRITICAL - 2024-03-04 21:28:19 --> [Caused by] CodeIgniter\Database\Exceptions\DatabaseException: Table 'yuan.forms' doesn't exist in engine
in SYSTEMPATH\Database\MySQLi\Connection.php on line 311.
 1 SYSTEMPATH\Database\BaseConnection.php(693): CodeIgniter\Database\MySQLi\Connection->execute('INSERT INTO `forms` (`form_type`, `u_name`, `u_phone`, `u_budget`, `u_location`, `user_data`, `status`, `created_at`, `updated_at`) VALUES (\'1\', \'test4\', \'0912345678\', (\'40-80萬\'), \'其他\', \'{\\"type\\":\\"1\\",\\"name\\":\\"test4\\",\\"phone\\":\\"0912345678\\",\\"questions\\":{\\"q1\\":{\\"title\\":\\"家電購買的緣由是？\\",\\"value\\":\\"換屋族\\"},\\"q2\\":{\\"title\\":\\"使用地點在哪個區域呢？\\",\\"value\\":\\"其他\\"},\\"q3\\":{\\"title\\":\\"建築物有配置電梯嗎？\\",\\"value\\":\\"\\"},\\"q4\\":{\\"title\\":\\"預計常態使用人數幾位呢？\\",\\"value\\":\\"長者人數: 0, 成人人數: 0, 兒童人數: 0\\"},\\"q5\\":{\\"title\\":\\"家中是否有寵物呢？\\",\\"value\\":[]},\\"q6\\":{\\"title\\":\\"哪個家中區域是您最注重的呢？\\",\\"value\\":[]},\\"q7\\":{\\"title\\":\\"您期望獲得哪一種的生活場景？\\",\\"value\\":[]},\\"q8\\":{\\"title\\":\\"您預計投入多少資金打造夢想中的生活場景呢？\\",\\"value\\":{\\"label\\":\\"40-80萬\\"}},\\"q9\\":{\\"title\\":\\"我們會在2日內與您聯繫，您準備好了嗎？\\",\\"value\\":\\"準備好了，請與我聯繫!\\"},\\"q10\\":{\\"title\\":\\"如果您已經準備好了，請留下資料，讓我們聯繫您\\",\\"value\\":\\"手機: 0912345678, 姓名: test4, 不方便聯繫的時間: 上午\\"}}}\', \'pending\', \'2024-03-04 21:28:19\', \'2024-03-04 21:28:19\')')
 2 SYSTEMPATH\Database\BaseConnection.php(607): CodeIgniter\Database\BaseConnection->simpleQuery('INSERT INTO `forms` (`form_type`, `u_name`, `u_phone`, `u_budget`, `u_location`, `user_data`, `status`, `created_at`, `updated_at`) VALUES (\'1\', \'test4\', \'0912345678\', (\'40-80萬\'), \'其他\', \'{\\"type\\":\\"1\\",\\"name\\":\\"test4\\",\\"phone\\":\\"0912345678\\",\\"questions\\":{\\"q1\\":{\\"title\\":\\"家電購買的緣由是？\\",\\"value\\":\\"換屋族\\"},\\"q2\\":{\\"title\\":\\"使用地點在哪個區域呢？\\",\\"value\\":\\"其他\\"},\\"q3\\":{\\"title\\":\\"建築物有配置電梯嗎？\\",\\"value\\":\\"\\"},\\"q4\\":{\\"title\\":\\"預計常態使用人數幾位呢？\\",\\"value\\":\\"長者人數: 0, 成人人數: 0, 兒童人數: 0\\"},\\"q5\\":{\\"title\\":\\"家中是否有寵物呢？\\",\\"value\\":[]},\\"q6\\":{\\"title\\":\\"哪個家中區域是您最注重的呢？\\",\\"value\\":[]},\\"q7\\":{\\"title\\":\\"您期望獲得哪一種的生活場景？\\",\\"value\\":[]},\\"q8\\":{\\"title\\":\\"您預計投入多少資金打造夢想中的生活場景呢？\\",\\"value\\":{\\"label\\":\\"40-80萬\\"}},\\"q9\\":{\\"title\\":\\"我們會在2日內與您聯繫，您準備好了嗎？\\",\\"value\\":\\"準備好了，請與我聯繫!\\"},\\"q10\\":{\\"title\\":\\"如果您已經準備好了，請留下資料，讓我們聯繫您\\",\\"value\\":\\"手機: 0912345678, 姓名: test4, 不方便聯繫的時間: 上午\\"}}}\', \'pending\', \'2024-03-04 21:28:19\', \'2024-03-04 21:28:19\')')
 3 SYSTEMPATH\Database\BaseBuilder.php(2302): CodeIgniter\Database\BaseConnection->query('INSERT INTO `forms` (`form_type`, `u_name`, `u_phone`, `u_budget`, `u_location`, `user_data`, `status`, `created_at`, `updated_at`) VALUES (:form_type:, :u_name:, :u_phone:, :u_budget:, :u_location:, :user_data:, :status:, :created_at:, :updated_at:)', [...], false)
 4 SYSTEMPATH\Model.php(326): CodeIgniter\Database\BaseBuilder->insert()
 5 SYSTEMPATH\BaseModel.php(802): CodeIgniter\Model->doInsert([...])
 6 SYSTEMPATH\Model.php(744): CodeIgniter\BaseModel->insert([...], false)
 7 SYSTEMPATH\BaseModel.php(713): CodeIgniter\Model->insert([...], false)
 8 APPPATH\Controllers\Frontend\Form.php(93): CodeIgniter\BaseModel->save([...])
 9 SYSTEMPATH\CodeIgniter.php(941): App\Controllers\Frontend\Form->submitForm()
10 SYSTEMPATH\CodeIgniter.php(502): CodeIgniter\CodeIgniter->runController(Object(App\Controllers\Frontend\Form))
11 SYSTEMPATH\CodeIgniter.php(361): CodeIgniter\CodeIgniter->handleRequest(null, Object(Config\Cache), false)
12 FCPATH\index.php(79): CodeIgniter\CodeIgniter->run()
CRITICAL - 2024-03-04 21:28:19 --> [Caused by] mysqli_sql_exception: Table 'yuan.forms' doesn't exist in engine
in SYSTEMPATH\Database\MySQLi\Connection.php on line 306.
 1 SYSTEMPATH\Database\MySQLi\Connection.php(306): mysqli->query('INSERT INTO `forms` (`form_type`, `u_name`, `u_phone`, `u_budget`, `u_location`, `user_data`, `status`, `created_at`, `updated_at`) VALUES (\'1\', \'test4\', \'0912345678\', (\'40-80萬\'), \'其他\', \'{\\"type\\":\\"1\\",\\"name\\":\\"test4\\",\\"phone\\":\\"0912345678\\",\\"questions\\":{\\"q1\\":{\\"title\\":\\"家電購買的緣由是？\\",\\"value\\":\\"換屋族\\"},\\"q2\\":{\\"title\\":\\"使用地點在哪個區域呢？\\",\\"value\\":\\"其他\\"},\\"q3\\":{\\"title\\":\\"建築物有配置電梯嗎？\\",\\"value\\":\\"\\"},\\"q4\\":{\\"title\\":\\"預計常態使用人數幾位呢？\\",\\"value\\":\\"長者人數: 0, 成人人數: 0, 兒童人數: 0\\"},\\"q5\\":{\\"title\\":\\"家中是否有寵物呢？\\",\\"value\\":[]},\\"q6\\":{\\"title\\":\\"哪個家中區域是您最注重的呢？\\",\\"value\\":[]},\\"q7\\":{\\"title\\":\\"您期望獲得哪一種的生活場景？\\",\\"value\\":[]},\\"q8\\":{\\"title\\":\\"您預計投入多少資金打造夢想中的生活場景呢？\\",\\"value\\":{\\"label\\":\\"40-80萬\\"}},\\"q9\\":{\\"title\\":\\"我們會在2日內與您聯繫，您準備好了嗎？\\",\\"value\\":\\"準備好了，請與我聯繫!\\"},\\"q10\\":{\\"title\\":\\"如果您已經準備好了，請留下資料，讓我們聯繫您\\",\\"value\\":\\"手機: 0912345678, 姓名: test4, 不方便聯繫的時間: 上午\\"}}}\', \'pending\', \'2024-03-04 21:28:19\', \'2024-03-04 21:28:19\')', 0)
 2 SYSTEMPATH\Database\BaseConnection.php(693): CodeIgniter\Database\MySQLi\Connection->execute('INSERT INTO `forms` (`form_type`, `u_name`, `u_phone`, `u_budget`, `u_location`, `user_data`, `status`, `created_at`, `updated_at`) VALUES (\'1\', \'test4\', \'0912345678\', (\'40-80萬\'), \'其他\', \'{\\"type\\":\\"1\\",\\"name\\":\\"test4\\",\\"phone\\":\\"0912345678\\",\\"questions\\":{\\"q1\\":{\\"title\\":\\"家電購買的緣由是？\\",\\"value\\":\\"換屋族\\"},\\"q2\\":{\\"title\\":\\"使用地點在哪個區域呢？\\",\\"value\\":\\"其他\\"},\\"q3\\":{\\"title\\":\\"建築物有配置電梯嗎？\\",\\"value\\":\\"\\"},\\"q4\\":{\\"title\\":\\"預計常態使用人數幾位呢？\\",\\"value\\":\\"長者人數: 0, 成人人數: 0, 兒童人數: 0\\"},\\"q5\\":{\\"title\\":\\"家中是否有寵物呢？\\",\\"value\\":[]},\\"q6\\":{\\"title\\":\\"哪個家中區域是您最注重的呢？\\",\\"value\\":[]},\\"q7\\":{\\"title\\":\\"您期望獲得哪一種的生活場景？\\",\\"value\\":[]},\\"q8\\":{\\"title\\":\\"您預計投入多少資金打造夢想中的生活場景呢？\\",\\"value\\":{\\"label\\":\\"40-80萬\\"}},\\"q9\\":{\\"title\\":\\"我們會在2日內與您聯繫，您準備好了嗎？\\",\\"value\\":\\"準備好了，請與我聯繫!\\"},\\"q10\\":{\\"title\\":\\"如果您已經準備好了，請留下資料，讓我們聯繫您\\",\\"value\\":\\"手機: 0912345678, 姓名: test4, 不方便聯繫的時間: 上午\\"}}}\', \'pending\', \'2024-03-04 21:28:19\', \'2024-03-04 21:28:19\')')
 3 SYSTEMPATH\Database\BaseConnection.php(607): CodeIgniter\Database\BaseConnection->simpleQuery('INSERT INTO `forms` (`form_type`, `u_name`, `u_phone`, `u_budget`, `u_location`, `user_data`, `status`, `created_at`, `updated_at`) VALUES (\'1\', \'test4\', \'0912345678\', (\'40-80萬\'), \'其他\', \'{\\"type\\":\\"1\\",\\"name\\":\\"test4\\",\\"phone\\":\\"0912345678\\",\\"questions\\":{\\"q1\\":{\\"title\\":\\"家電購買的緣由是？\\",\\"value\\":\\"換屋族\\"},\\"q2\\":{\\"title\\":\\"使用地點在哪個區域呢？\\",\\"value\\":\\"其他\\"},\\"q3\\":{\\"title\\":\\"建築物有配置電梯嗎？\\",\\"value\\":\\"\\"},\\"q4\\":{\\"title\\":\\"預計常態使用人數幾位呢？\\",\\"value\\":\\"長者人數: 0, 成人人數: 0, 兒童人數: 0\\"},\\"q5\\":{\\"title\\":\\"家中是否有寵物呢？\\",\\"value\\":[]},\\"q6\\":{\\"title\\":\\"哪個家中區域是您最注重的呢？\\",\\"value\\":[]},\\"q7\\":{\\"title\\":\\"您期望獲得哪一種的生活場景？\\",\\"value\\":[]},\\"q8\\":{\\"title\\":\\"您預計投入多少資金打造夢想中的生活場景呢？\\",\\"value\\":{\\"label\\":\\"40-80萬\\"}},\\"q9\\":{\\"title\\":\\"我們會在2日內與您聯繫，您準備好了嗎？\\",\\"value\\":\\"準備好了，請與我聯繫!\\"},\\"q10\\":{\\"title\\":\\"如果您已經準備好了，請留下資料，讓我們聯繫您\\",\\"value\\":\\"手機: 0912345678, 姓名: test4, 不方便聯繫的時間: 上午\\"}}}\', \'pending\', \'2024-03-04 21:28:19\', \'2024-03-04 21:28:19\')')
 4 SYSTEMPATH\Database\BaseBuilder.php(2302): CodeIgniter\Database\BaseConnection->query('INSERT INTO `forms` (`form_type`, `u_name`, `u_phone`, `u_budget`, `u_location`, `user_data`, `status`, `created_at`, `updated_at`) VALUES (:form_type:, :u_name:, :u_phone:, :u_budget:, :u_location:, :user_data:, :status:, :created_at:, :updated_at:)', [...], false)
 5 SYSTEMPATH\Model.php(326): CodeIgniter\Database\BaseBuilder->insert()
 6 SYSTEMPATH\BaseModel.php(802): CodeIgniter\Model->doInsert([...])
 7 SYSTEMPATH\Model.php(744): CodeIgniter\BaseModel->insert([...], false)
 8 SYSTEMPATH\BaseModel.php(713): CodeIgniter\Model->insert([...], false)
 9 APPPATH\Controllers\Frontend\Form.php(93): CodeIgniter\BaseModel->save([...])
10 SYSTEMPATH\CodeIgniter.php(941): App\Controllers\Frontend\Form->submitForm()
11 SYSTEMPATH\CodeIgniter.php(502): CodeIgniter\CodeIgniter->runController(Object(App\Controllers\Frontend\Form))
12 SYSTEMPATH\CodeIgniter.php(361): CodeIgniter\CodeIgniter->handleRequest(null, Object(Config\Cache), false)
13 FCPATH\index.php(79): CodeIgniter\CodeIgniter->run()
INFO - 2024-03-04 22:52:03 --> Session: Class initialized using 'CodeIgniter\Session\Handlers\FileHandler' driver.
INFO - 2024-03-04 22:55:53 --> Session: Class initialized using 'CodeIgniter\Session\Handlers\FileHandler' driver.
INFO - 2024-03-04 22:55:54 --> Session: Class initialized using 'CodeIgniter\Session\Handlers\FileHandler' driver.
INFO - 2024-03-04 22:57:11 --> Session: Class initialized using 'CodeIgniter\Session\Handlers\FileHandler' driver.
INFO - 2024-03-04 22:57:12 --> Session: Class initialized using 'CodeIgniter\Session\Handlers\FileHandler' driver.
INFO - 2024-03-04 22:57:21 --> Session: Class initialized using 'CodeIgniter\Session\Handlers\FileHandler' driver.
INFO - 2024-03-04 22:57:22 --> Session: Class initialized using 'CodeIgniter\Session\Handlers\FileHandler' driver.
INFO - 2024-03-04 22:57:24 --> Session: Class initialized using 'CodeIgniter\Session\Handlers\FileHandler' driver.
INFO - 2024-03-04 22:57:25 --> Session: Class initialized using 'CodeIgniter\Session\Handlers\FileHandler' driver.
INFO - 2024-03-04 22:57:33 --> Session: Class initialized using 'CodeIgniter\Session\Handlers\FileHandler' driver.
INFO - 2024-03-04 22:57:33 --> Session: Class initialized using 'CodeIgniter\Session\Handlers\FileHandler' driver.
INFO - 2024-03-04 22:57:36 --> Session: Class initialized using 'CodeIgniter\Session\Handlers\FileHandler' driver.
INFO - 2024-03-04 22:57:37 --> Session: Class initialized using 'CodeIgniter\Session\Handlers\FileHandler' driver.
INFO - 2024-03-04 22:58:30 --> Session: Class initialized using 'CodeIgniter\Session\Handlers\FileHandler' driver.
INFO - 2024-03-04 22:58:32 --> Session: Class initialized using 'CodeIgniter\Session\Handlers\FileHandler' driver.
INFO - 2024-03-04 22:59:58 --> Session: Class initialized using 'CodeIgniter\Session\Handlers\FileHandler' driver.
INFO - 2024-03-04 23:00:11 --> Session: Class initialized using 'CodeIgniter\Session\Handlers\FileHandler' driver.
INFO - 2024-03-04 23:00:12 --> Session: Class initialized using 'CodeIgniter\Session\Handlers\FileHandler' driver.
INFO - 2024-03-04 23:03:00 --> Session: Class initialized using 'CodeIgniter\Session\Handlers\FileHandler' driver.
INFO - 2024-03-04 23:05:19 --> Session: Class initialized using 'CodeIgniter\Session\Handlers\FileHandler' driver.
INFO - 2024-03-04 23:05:20 --> Session: Class initialized using 'CodeIgniter\Session\Handlers\FileHandler' driver.
INFO - 2024-03-04 23:05:44 --> Session: Class initialized using 'CodeIgniter\Session\Handlers\FileHandler' driver.
INFO - 2024-03-04 23:05:45 --> Session: Class initialized using 'CodeIgniter\Session\Handlers\FileHandler' driver.
INFO - 2024-03-04 23:05:47 --> Session: Class initialized using 'CodeIgniter\Session\Handlers\FileHandler' driver.
