CRITICAL - 2024-01-22 15:07:05 --> CodeIgniter\View\Exceptions\ViewException: Invalid file: "frontend/include/head.php"
in SYSTEMPATH\Exceptions\FrameworkException.php on line 39.
 1 SYSTEMPATH\View\View.php(216): CodeIgniter\Exceptions\FrameworkException::forInvalidFile('frontend/include/head.php')
 2 SYSTEMPATH\View\View.php(469): CodeIgniter\View\View->render('frontend/include/head', null, true)
 3 APPPATH\Views\frontend\layout\main.php(7): CodeIgniter\View\View->include('frontend/include/head')
 4 SYSTEMPATH\View\View.php(228): include('D:\\auproject\\20231227-yuan\\yuan-build-ci4\\app\\Views\\frontend\\layout\\main.php')
 5 SYSTEMPATH\View\View.php(231): CodeIgniter\View\View->CodeIgniter\View\{closure}()
 6 SYSTEMPATH\View\View.php(244): CodeIgniter\View\View->render('frontend/layout/main', [], true)
 7 SYSTEMPATH\Common.php(1178): CodeIgniter\View\View->render('frontend/form', [], true)
 8 APPPATH\Controllers\BaseController.php(87): view('frontend/form', [...])
 9 APPPATH\Controllers\Frontend\FormController.php(37): App\Controllers\BaseController->renderView('frontend/form', '精品家電顧問服務')
10 SYSTEMPATH\CodeIgniter.php(941): App\Controllers\Frontend\FormController->homeAppliancesForm()
11 SYSTEMPATH\CodeIgniter.php(502): CodeIgniter\CodeIgniter->runController(Object(App\Controllers\Frontend\FormController))
12 SYSTEMPATH\CodeIgniter.php(361): CodeIgniter\CodeIgniter->handleRequest(null, Object(Config\Cache), false)
13 FCPATH\index.php(79): CodeIgniter\CodeIgniter->run()
CRITICAL - 2024-01-22 15:07:06 --> CodeIgniter\View\Exceptions\ViewException: Invalid file: "frontend/include/head.php"
in SYSTEMPATH\Exceptions\FrameworkException.php on line 39.
 1 SYSTEMPATH\View\View.php(216): CodeIgniter\Exceptions\FrameworkException::forInvalidFile('frontend/include/head.php')
 2 SYSTEMPATH\View\View.php(469): CodeIgniter\View\View->render('frontend/include/head', null, true)
 3 APPPATH\Views\frontend\layout\main.php(7): CodeIgniter\View\View->include('frontend/include/head')
 4 SYSTEMPATH\View\View.php(228): include('D:\\auproject\\20231227-yuan\\yuan-build-ci4\\app\\Views\\frontend\\layout\\main.php')
 5 SYSTEMPATH\View\View.php(231): CodeIgniter\View\View->CodeIgniter\View\{closure}()
 6 SYSTEMPATH\View\View.php(244): CodeIgniter\View\View->render('frontend/layout/main', [], true)
 7 SYSTEMPATH\Common.php(1178): CodeIgniter\View\View->render('frontend/formindex_group_buying', [], true)
 8 APPPATH\Controllers\BaseController.php(87): view('frontend/formindex_group_buying', [...])
 9 APPPATH\Controllers\Frontend\FormController.php(42): App\Controllers\BaseController->renderView('frontend/formindex_group_buying', '新建案團購主招募', [...])
10 SYSTEMPATH\CodeIgniter.php(941): App\Controllers\Frontend\FormController->groupBuying()
11 SYSTEMPATH\CodeIgniter.php(502): CodeIgniter\CodeIgniter->runController(Object(App\Controllers\Frontend\FormController))
12 SYSTEMPATH\CodeIgniter.php(361): CodeIgniter\CodeIgniter->handleRequest(null, Object(Config\Cache), false)
13 FCPATH\index.php(79): CodeIgniter\CodeIgniter->run()
CRITICAL - 2024-01-22 15:07:42 --> CodeIgniter\View\Exceptions\ViewException: Invalid file: "frontend/include/head.php"
in SYSTEMPATH\Exceptions\FrameworkException.php on line 39.
 1 SYSTEMPATH\View\View.php(216): CodeIgniter\Exceptions\FrameworkException::forInvalidFile('frontend/include/head.php')
 2 SYSTEMPATH\View\View.php(469): CodeIgniter\View\View->render('frontend/include/head', null, true)
 3 APPPATH\Views\frontend\layout\main.php(7): CodeIgniter\View\View->include('frontend/include/head')
 4 SYSTEMPATH\View\View.php(228): include('D:\\auproject\\20231227-yuan\\yuan-build-ci4\\app\\Views\\frontend\\layout\\main.php')
 5 SYSTEMPATH\View\View.php(231): CodeIgniter\View\View->CodeIgniter\View\{closure}()
 6 SYSTEMPATH\View\View.php(244): CodeIgniter\View\View->render('frontend/layout/main', [], true)
 7 SYSTEMPATH\Common.php(1178): CodeIgniter\View\View->render('frontend/formindex_group_buying', [], true)
 8 APPPATH\Controllers\BaseController.php(87): view('frontend/formindex_group_buying', [...])
 9 APPPATH\Controllers\Frontend\FormController.php(42): App\Controllers\BaseController->renderView('frontend/formindex_group_buying', '新建案團購主招募', [...])
10 SYSTEMPATH\CodeIgniter.php(941): App\Controllers\Frontend\FormController->groupBuying()
11 SYSTEMPATH\CodeIgniter.php(502): CodeIgniter\CodeIgniter->runController(Object(App\Controllers\Frontend\FormController))
12 SYSTEMPATH\CodeIgniter.php(361): CodeIgniter\CodeIgniter->handleRequest(null, Object(Config\Cache), false)
13 FCPATH\index.php(79): CodeIgniter\CodeIgniter->run()
CRITICAL - 2024-01-22 15:07:42 --> CodeIgniter\View\Exceptions\ViewException: Invalid file: "frontend/include/head.php"
in SYSTEMPATH\Exceptions\FrameworkException.php on line 39.
 1 SYSTEMPATH\View\View.php(216): CodeIgniter\Exceptions\FrameworkException::forInvalidFile('frontend/include/head.php')
 2 SYSTEMPATH\View\View.php(469): CodeIgniter\View\View->render('frontend/include/head', null, true)
 3 APPPATH\Views\frontend\layout\main.php(7): CodeIgniter\View\View->include('frontend/include/head')
 4 SYSTEMPATH\View\View.php(228): include('D:\\auproject\\20231227-yuan\\yuan-build-ci4\\app\\Views\\frontend\\layout\\main.php')
 5 SYSTEMPATH\View\View.php(231): CodeIgniter\View\View->CodeIgniter\View\{closure}()
 6 SYSTEMPATH\View\View.php(244): CodeIgniter\View\View->render('frontend/layout/main', [], true)
 7 SYSTEMPATH\Common.php(1178): CodeIgniter\View\View->render('frontend/form', [], true)
 8 APPPATH\Controllers\BaseController.php(87): view('frontend/form', [...])
 9 APPPATH\Controllers\Frontend\FormController.php(37): App\Controllers\BaseController->renderView('frontend/form', '精品家電顧問服務')
10 SYSTEMPATH\CodeIgniter.php(941): App\Controllers\Frontend\FormController->homeAppliancesForm()
11 SYSTEMPATH\CodeIgniter.php(502): CodeIgniter\CodeIgniter->runController(Object(App\Controllers\Frontend\FormController))
12 SYSTEMPATH\CodeIgniter.php(361): CodeIgniter\CodeIgniter->handleRequest(null, Object(Config\Cache), false)
13 FCPATH\index.php(79): CodeIgniter\CodeIgniter->run()
CRITICAL - 2024-01-22 15:08:05 --> CodeIgniter\View\Exceptions\ViewException: Invalid file: "frontend/layout/layout.php"
in SYSTEMPATH\Exceptions\FrameworkException.php on line 39.
 1 SYSTEMPATH\View\View.php(216): CodeIgniter\Exceptions\FrameworkException::forInvalidFile('frontend/layout/layout.php')
 2 SYSTEMPATH\View\View.php(244): CodeIgniter\View\View->render('frontend/layout/layout', [], true)
 3 SYSTEMPATH\Common.php(1178): CodeIgniter\View\View->render('frontend/home', [], true)
 4 APPPATH\Controllers\BaseController.php(87): view('frontend/home', [...])
 5 APPPATH\Controllers\Frontend\Home.php(10): App\Controllers\BaseController->renderView('frontend/home', '首頁')
 6 SYSTEMPATH\CodeIgniter.php(941): App\Controllers\Frontend\Home->index()
 7 SYSTEMPATH\CodeIgniter.php(502): CodeIgniter\CodeIgniter->runController(Object(App\Controllers\Frontend\Home))
 8 SYSTEMPATH\CodeIgniter.php(361): CodeIgniter\CodeIgniter->handleRequest(null, Object(Config\Cache), false)
 9 FCPATH\index.php(79): CodeIgniter\CodeIgniter->run()
